Log file open, 12/19/18 12:13:38
LogWindows: Failed to load 'aqProf.dll' (GetLastError=126)
LogWindows: File 'aqProf.dll' does not exist
LogWindows: Failed to load 'VtuneApi.dll' (GetLastError=126)
LogWindows: File 'VtuneApi.dll' does not exist
LogWindows: Failed to load 'VtuneApi32e.dll' (GetLastError=126)
LogWindows: File 'VtuneApi32e.dll' does not exist
LogConsoleResponse: Display: Failed to find resolution value strings in scalability ini. Falling back to default.
LogInit: Display: Running engine for game: Project
LogPakFile: Registered encryption key '00000000000000000000000000000000': 0 pak files mounted, 0 remain pending
LogPlatformFile: Not using cached read wrapper
LogTaskGraph: Started task graph with 5 named threads and 11 total threads with 3 sets of task threads.
LogStats: Stats thread started at 0.218774
LogD3D11RHI: Loaded GFSDK_Aftermath_Lib.x64.dll
LogICUInternationalization: ICU TimeZone Detection - Raw Offset: +1:00, Platform Override: ''
LogPluginManager: Mounting plugin Paper2D
LogPluginManager: Mounting plugin AISupport
LogPluginManager: Mounting plugin LightPropagationVolume
LogPluginManager: Mounting plugin ActorLayerUtilities
LogPluginManager: Mounting plugin CLionSourceCodeAccess
LogPluginManager: Mounting plugin CodeLiteSourceCodeAccess
LogPluginManager: Mounting plugin GitSourceControl
LogPluginManager: Mounting plugin KDevelopSourceCodeAccess
LogPluginManager: Mounting plugin NullSourceCodeAccess
LogPluginManager: Mounting plugin PerforceSourceControl
LogPluginManager: Mounting plugin SubversionSourceControl
LogPluginManager: Mounting plugin UObjectPlugin
LogPluginManager: Mounting plugin VisualStudioCodeSourceCodeAccess
LogPluginManager: Mounting plugin VisualStudioSourceCodeAccess
LogPluginManager: Mounting plugin XCodeSourceCodeAccess
LogPluginManager: Mounting plugin AssetManagerEditor
LogPluginManager: Mounting plugin CryptoKeys
LogPluginManager: Mounting plugin DataValidation
LogPluginManager: Mounting plugin FacialAnimation
LogPluginManager: Mounting plugin GameplayTagsEditor
LogPluginManager: Mounting plugin MacGraphicsSwitching
LogPluginManager: Mounting plugin MeshEditor
LogPluginManager: Mounting plugin MobileLauncherProfileWizard
LogPluginManager: Mounting plugin PluginBrowser
LogPluginManager: Mounting plugin SpeedTreeImporter
LogPluginManager: Mounting plugin DatasmithContent
LogPluginManager: Mounting plugin VariantManagerContent
LogPluginManager: Mounting plugin AlembicImporter
LogPluginManager: Mounting plugin AppleImageUtils
LogPluginManager: Mounting plugin AppleVision
LogPluginManager: Mounting plugin BackChannel
LogPluginManager: Mounting plugin CharacterAI
LogPluginManager: Mounting plugin GeometryCache
LogPluginManager: Mounting plugin HTML5Networking
LogPluginManager: Mounting plugin ProxyLODPlugin
LogPluginManager: Mounting plugin MagicLeap
LogPluginManager: Mounting plugin MagicLeapMedia
LogPluginManager: Mounting plugin AndroidMedia
LogPluginManager: Mounting plugin AvfMedia
LogPluginManager: Mounting plugin ImgMedia
LogPluginManager: Mounting plugin LinearTimecode
LogPluginManager: Mounting plugin MediaCompositing
LogPluginManager: Mounting plugin MediaPlayerEditor
LogPluginManager: Mounting plugin WebMMedia
LogPluginManager: Mounting plugin WmfMedia
LogPluginManager: Mounting plugin TcpMessaging
LogPluginManager: Mounting plugin UdpMessaging
LogPluginManager: Mounting plugin ActorSequence
LogPluginManager: Mounting plugin LevelSequenceEditor
LogPluginManager: Mounting plugin MatineeToLevelSequence
LogPluginManager: Mounting plugin NetcodeUnitTest
LogPluginManager: Mounting plugin NUTUnrealEngine4
LogPluginManager: Mounting plugin OnlineSubsystemGooglePlay
LogPluginManager: Mounting plugin OnlineSubsystemIOS
LogPluginManager: Mounting plugin OnlineSubsystem
LogPluginManager: Mounting plugin OnlineSubsystemNull
LogPluginManager: Mounting plugin OnlineSubsystemUtils
LogPluginManager: Mounting plugin LauncherChunkInstaller
LogPluginManager: Mounting plugin AndroidDeviceProfileSelector
LogPluginManager: Mounting plugin AndroidMoviePlayer
LogPluginManager: Mounting plugin AndroidPermission
LogPluginManager: Mounting plugin AppleMoviePlayer
LogPluginManager: Mounting plugin ArchVisCharacter
LogPluginManager: Mounting plugin AudioCapture
LogPluginManager: Mounting plugin CableComponent
LogPluginManager: Mounting plugin CustomMeshComponent
LogPluginManager: Mounting plugin EditableMesh
LogPluginManager: Mounting plugin ExampleDeviceProfileSelector
LogPluginManager: Mounting plugin Firebase
LogPluginManager: Mounting plugin GoogleCloudMessaging
LogPluginManager: Mounting plugin IOSDeviceProfileSelector
LogPluginManager: Mounting plugin LinuxDeviceProfileSelector
LogPluginManager: Mounting plugin LocationServicesBPLibrary
LogPluginManager: Mounting plugin MobilePatchingUtils
LogPluginManager: Mounting plugin OculusVR
LogPluginManager: Mounting plugin PhysXVehicles
LogPluginManager: Mounting plugin ProceduralMeshComponent
LogPluginManager: Mounting plugin RuntimePhysXCooking
LogPluginManager: Mounting plugin SteamVR
LogPluginManager: Mounting plugin WebMMoviePlayer
LogPluginManager: Mounting plugin WindowsMoviePlayer
LogStreaming: Display: Took  0.086s to configure plugins.
LogInit: Using libcurl 7.55.1-DEV
LogInit:  - built for x86_64-pc-win32
LogInit:  - supports SSL with OpenSSL/1.0.2h
LogInit:  - supports HTTP deflate (compression) using libz 1.2.8
LogInit:  - other features:
LogInit:      CURL_VERSION_SSL
LogInit:      CURL_VERSION_LIBZ
LogInit:      CURL_VERSION_IPV6
LogInit:      CURL_VERSION_ASYNCHDNS
LogInit:      CURL_VERSION_LARGEFILE
LogInit:      CURL_VERSION_IDN
LogInit:  CurlRequestOptions (configurable via config and command line):
LogInit:  - bVerifyPeer = true  - Libcurl will verify peer certificate
LogInit:  - bUseHttpProxy = false  - Libcurl will NOT use HTTP proxy
LogInit:  - bDontReuseConnections = false  - Libcurl will reuse connections
LogInit:  - MaxHostConnections = 16  - Libcurl will limit the number of connections to a host
LogInit:  - LocalHostAddr = Default
LogInit:  - BufferSize = 65536
LogInit: WinSock: version 1.1 (2.2), MaxSocks=32767, MaxUdp=65467
LogInit: Build: ++UE4+Release-4.21-CL-4541578
LogInit: Engine Version: 4.21.0-4541578+++UE4+Release-4.21
LogInit: Compatible Engine Version: 4.21.0-4541578+++UE4+Release-4.21
LogInit: Net CL: 4541578
LogInit: OS: Windows 10 (), CPU: Intel(R) Core(TM) i5-6200U CPU @ 2.30GHz, GPU: Intel(R) HD Graphics 520
LogInit: Compiled (64-bit): Nov  6 2018 02:04:24
LogInit: Compiled with Visual C++: 19.13.26129.00
LogInit: Build Configuration: Development
LogInit: Branch Name: ++UE4+Release-4.21
LogInit: Command Line:  -EpicPortal -epicusername=IndoMews -epicuserid=87b88016e40848fa83a523d593e56214 -epiclocale=en
LogInit: Base Directory: D:/Programs/Fortnight/UE_4.21/Engine/Binaries/Win64/
LogInit: Installed Engine Build: 1
LogDevObjectVersion: Number of dev versions registered: 22
LogDevObjectVersion:   Dev-Blueprints (B0D832E4-1F89-4F0D-ACCF-7EB736FD4AA2): 10
LogDevObjectVersion:   Dev-Build (E1C64328-A22C-4D53-A36C-8E866417BD8C): 0
LogDevObjectVersion:   Dev-Core (375EC13C-06E4-48FB-B500-84F0262A717E): 2
LogDevObjectVersion:   Dev-Editor (E4B068ED-F494-42E9-A231-DA0B2E46BB41): 26
LogDevObjectVersion:   Dev-Framework (CFFC743F-43B0-4480-9391-14DF171D2073): 34
LogDevObjectVersion:   Dev-Mobile (B02B49B5-BB20-44E9-A304-32B752E40360): 2
LogDevObjectVersion:   Dev-Networking (A4E4105C-59A1-49B5-A7C5-40C4547EDFEE): 0
LogDevObjectVersion:   Dev-Online (39C831C9-5AE6-47DC-9A44-9C173E1C8E7C): 0
LogDevObjectVersion:   Dev-Physics (78F01B33-EBEA-4F98-B9B4-84EACCB95AA2): 0
LogDevObjectVersion:   Dev-Platform (6631380F-2D4D-43E0-8009-CF276956A95A): 0
LogDevObjectVersion:   Dev-Rendering (12F88B9F-8875-4AFC-A67C-D90C383ABD29): 27
LogDevObjectVersion:   Dev-Sequencer (7B5AE74C-D270-4C10-A958-57980B212A5A): 9
LogDevObjectVersion:   Dev-VR (D7296918-1DD6-4BDD-9DE2-64A83CC13884): 2
LogDevObjectVersion:   Dev-LoadTimes (C2A15278-BFE7-4AFE-6C17-90FF531DF755): 1
LogDevObjectVersion:   Private-Geometry (6EACA3D4-40EC-4CC1-B786-8BED09428FC5): 3
LogDevObjectVersion:   Dev-AnimPhys (29E575DD-E0A3-4627-9D10-D276232CDCEA): 17
LogDevObjectVersion:   Dev-Anim (AF43A65D-7FD3-4947-9873-3E8ED9C1BB05): 2
LogDevObjectVersion:   Dev-ReflectionCapture (6B266CEC-1EC7-4B8F-A30B-E4D90942FC07): 1
LogDevObjectVersion:   Dev-Automation (0DF73D61-A23F-47EA-B727-89E90C41499A): 1
LogDevObjectVersion:   FortniteMain (601D1886-AC64-4F84-AA16-D3DE0DEAC7D6): 17
LogDevObjectVersion:   Dev-Enterprise (9DFFBCD6-494F-0158-E221-12823C92A888): 4
LogDevObjectVersion:   Dev-Niagara (F2AED0AC-9AFE-416F-8664-AA7FFA26D6FC): 1
LogStreaming: Display: Took  0.002s to delete old logs.
LogInit: Presizing for max 8388607 objects, including 0 objects not considered by GC, pre-allocating 0 bytes for permanent pool.
LogInit: Object subsystem initialized
LogConfig: Setting CVar [[con.DebugEarlyDefault:1]]
LogConfig: Setting CVar [[r.setres:1280x720]]
[2018.12.19-11.13.39:091][  0]LogConfig: Setting CVar [[r.VSync:0]]
[2018.12.19-11.13.39:091][  0]LogConfig: Setting CVar [[r.RHICmdBypass:0]]
[2018.12.19-11.13.39:091][  0]LogConfig: Applying CVar settings from Section [/Script/Engine.RendererSettings] File [E:/bewijzenmap/Eigen Projecten/EscapeRoom/Project/Saved/Config/Windows/Engine.ini]
[2018.12.19-11.13.39:091][  0]LogConfig: Setting CVar [[r.GPUCrashDebugging:0]]
[2018.12.19-11.13.39:091][  0]LogConfig: Setting CVar [[r.DefaultFeature.AmbientOcclusion:0]]
[2018.12.19-11.13.39:091][  0]LogConfig: Setting CVar [[r.DefaultFeature.AmbientOcclusionStaticFraction:0]]
[2018.12.19-11.13.39:091][  0]LogConfig: Setting CVar [[vr.InstancedStereo:1]]
[2018.12.19-11.13.39:091][  0]LogConfig: Setting CVar [[r.SeparateTranslucency:0]]
[2018.12.19-11.13.39:091][  0]LogConfig: Setting CVar [[r.HZBOcclusion:0]]
[2018.12.19-11.13.39:092][  0]LogConfig: Setting CVar [[r.SSR.MaxRoughness:0]]
[2018.12.19-11.13.39:092][  0]LogConfig: Setting CVar [[r.rhicmdbypass:0]]
[2018.12.19-11.13.39:092][  0]LogConfig: Applying CVar settings from Section [/Script/Engine.RendererOverrideSettings] File [E:/bewijzenmap/Eigen Projecten/EscapeRoom/Project/Saved/Config/Windows/Engine.ini]
[2018.12.19-11.13.39:092][  0]LogConfig: Applying CVar settings from Section [/Script/Engine.StreamingSettings] File [E:/bewijzenmap/Eigen Projecten/EscapeRoom/Project/Saved/Config/Windows/Engine.ini]
[2018.12.19-11.13.39:092][  0]LogConfig: Setting CVar [[s.MinBulkDataSizeForAsyncLoading:131072]]
[2018.12.19-11.13.39:092][  0]LogConfig: Setting CVar [[s.AsyncLoadingThreadEnabled:0]]
[2018.12.19-11.13.39:092][  0]LogConfig: Setting CVar [[s.EventDrivenLoaderEnabled:1]]
[2018.12.19-11.13.39:092][  0]LogConfig: Setting CVar [[s.WarnIfTimeLimitExceeded:0]]
[2018.12.19-11.13.39:092][  0]LogConfig: Setting CVar [[s.TimeLimitExceededMultiplier:1.5]]
[2018.12.19-11.13.39:092][  0]LogConfig: Setting CVar [[s.TimeLimitExceededMinTime:0.005]]
[2018.12.19-11.13.39:092][  0]LogConfig: Setting CVar [[s.UseBackgroundLevelStreaming:1]]
[2018.12.19-11.13.39:092][  0]LogConfig: Setting CVar [[s.PriorityAsyncLoadingExtraTime:15.0]]
[2018.12.19-11.13.39:092][  0]LogConfig: Setting CVar [[s.LevelStreamingActorsUpdateTimeLimit:5.0]]
[2018.12.19-11.13.39:092][  0]LogConfig: Setting CVar [[s.PriorityLevelStreamingActorsUpdateExtraTime:5.0]]
[2018.12.19-11.13.39:092][  0]LogConfig: Setting CVar [[s.LevelStreamingComponentsRegistrationGranularity:10]]
[2018.12.19-11.13.39:092][  0]LogConfig: Setting CVar [[s.UnregisterComponentsTimeLimit:1.0]]
[2018.12.19-11.13.39:092][  0]LogConfig: Setting CVar [[s.LevelStreamingComponentsUnregistrationGranularity:5]]
[2018.12.19-11.13.39:092][  0]LogConfig: Applying CVar settings from Section [/Script/Engine.GarbageCollectionSettings] File [E:/bewijzenmap/Eigen Projecten/EscapeRoom/Project/Saved/Config/Windows/Engine.ini]
[2018.12.19-11.13.39:092][  0]LogConfig: Setting CVar [[gc.MaxObjectsNotConsideredByGC:1]]
[2018.12.19-11.13.39:092][  0]LogConfig: Setting CVar [[gc.SizeOfPermanentObjectPool:0]]
[2018.12.19-11.13.39:092][  0]LogConfig: Setting CVar [[gc.FlushStreamingOnGC:0]]
[2018.12.19-11.13.39:092][  0]LogConfig: Setting CVar [[gc.NumRetriesBeforeForcingGC:10]]
[2018.12.19-11.13.39:092][  0]LogConfig: Setting CVar [[gc.AllowParallelGC:1]]
[2018.12.19-11.13.39:092][  0]LogConfig: Setting CVar [[gc.TimeBetweenPurgingPendingKillObjects:61.1]]
[2018.12.19-11.13.39:092][  0]LogConfig: Setting CVar [[gc.MaxObjectsInEditor:8388607]]
[2018.12.19-11.13.39:092][  0]LogConfig: Setting CVar [[gc.IncrementalBeginDestroyEnabled:1]]
[2018.12.19-11.13.39:092][  0]LogConfig: Setting CVar [[gc.CreateGCClusters:1]]
[2018.12.19-11.13.39:092][  0]LogConfig: Setting CVar [[gc.MergeGCClusters:0]]
[2018.12.19-11.13.39:092][  0]LogConfig: Setting CVar [[gc.MinGCClusterSize:5]]
[2018.12.19-11.13.39:092][  0]LogConfig: Setting CVar [[gc.ActorClusteringEnabled:0]]
[2018.12.19-11.13.39:092][  0]LogConfig: Setting CVar [[gc.BlueprintClusteringEnabled:0]]
[2018.12.19-11.13.39:092][  0]LogConfig: Setting CVar [[gc.UseDisregardForGCOnDedicatedServers:0]]
[2018.12.19-11.13.39:092][  0]LogConfig: Applying CVar settings from Section [/Script/Engine.NetworkSettings] File [E:/bewijzenmap/Eigen Projecten/EscapeRoom/Project/Saved/Config/Windows/Engine.ini]
[2018.12.19-11.13.39:092][  0]LogConfig: Applying CVar settings from Section [/Script/UnrealEd.CookerSettings] File [E:/bewijzenmap/Eigen Projecten/EscapeRoom/Project/Saved/Config/Windows/Engine.ini]
[2018.12.19-11.13.39:100][  0]LogConfig: Applying CVar settings from Section [ViewDistanceQuality@3] File [E:/bewijzenmap/Eigen Projecten/EscapeRoom/Project/Saved/Config/Windows/Scalability.ini]
[2018.12.19-11.13.39:100][  0]LogConfig: Setting CVar [[r.SkeletalMeshLODBias:0]]
[2018.12.19-11.13.39:100][  0]LogConfig: Setting CVar [[r.ViewDistanceScale:1.0]]
[2018.12.19-11.13.39:100][  0]LogConfig: Applying CVar settings from Section [AntiAliasingQuality@3] File [E:/bewijzenmap/Eigen Projecten/EscapeRoom/Project/Saved/Config/Windows/Scalability.ini]
[2018.12.19-11.13.39:100][  0]LogConfig: Setting CVar [[r.PostProcessAAQuality:3]]
[2018.12.19-11.13.39:100][  0]LogConfig: Applying CVar settings from Section [ShadowQuality@3] File [E:/bewijzenmap/Eigen Projecten/EscapeRoom/Project/Saved/Config/Windows/Scalability.ini]
[2018.12.19-11.13.39:100][  0]LogConfig: Setting CVar [[r.LightFunctionQuality:1]]
[2018.12.19-11.13.39:100][  0]LogConfig: Setting CVar [[r.ShadowQuality:5]]
[2018.12.19-11.13.39:100][  0]LogConfig: Setting CVar [[r.Shadow.CSM.MaxCascades:10]]
[2018.12.19-11.13.39:100][  0]LogConfig: Setting CVar [[r.Shadow.MaxResolution:2048]]
[2018.12.19-11.13.39:100][  0]LogConfig: Setting CVar [[r.Shadow.MaxCSMResolution:2048]]
[2018.12.19-11.13.39:100][  0]LogConfig: Setting CVar [[r.Shadow.RadiusThreshold:0.01]]
[2018.12.19-11.13.39:101][  0]LogConfig: Setting CVar [[r.Shadow.DistanceScale:1.0]]
[2018.12.19-11.13.39:101][  0]LogConfig: Setting CVar [[r.Shadow.CSM.TransitionScale:1.0]]
[2018.12.19-11.13.39:101][  0]LogConfig: Setting CVar [[r.Shadow.PreShadowResolutionFactor:1.0]]
[2018.12.19-11.13.39:101][  0]LogConfig: Setting CVar [[r.DistanceFieldShadowing:1]]
[2018.12.19-11.13.39:101][  0]LogConfig: Setting CVar [[r.DistanceFieldAO:1]]
[2018.12.19-11.13.39:101][  0]LogConfig: Setting CVar [[r.AOQuality:2]]
[2018.12.19-11.13.39:101][  0]LogConfig: Setting CVar [[r.VolumetricFog:1]]
[2018.12.19-11.13.39:101][  0]LogConfig: Setting CVar [[r.VolumetricFog.GridPixelSize:8]]
[2018.12.19-11.13.39:101][  0]LogConfig: Setting CVar [[r.VolumetricFog.GridSizeZ:128]]
[2018.12.19-11.13.39:101][  0]LogConfig: Setting CVar [[r.VolumetricFog.HistoryMissSupersampleCount:4]]
[2018.12.19-11.13.39:101][  0]LogConfig: Setting CVar [[r.LightMaxDrawDistanceScale:1]]
[2018.12.19-11.13.39:101][  0]LogConfig: Setting CVar [[r.CapsuleShadows:1]]
[2018.12.19-11.13.39:101][  0]LogConfig: Applying CVar settings from Section [PostProcessQuality@3] File [E:/bewijzenmap/Eigen Projecten/EscapeRoom/Project/Saved/Config/Windows/Scalability.ini]
[2018.12.19-11.13.39:101][  0]LogConfig: Setting CVar [[r.MotionBlurQuality:0]]
[2018.12.19-11.13.39:101][  0]LogConfig: Setting CVar [[r.AmbientOcclusionMipLevelFactor:0.4]]
[2018.12.19-11.13.39:101][  0]LogConfig: Setting CVar [[r.AmbientOcclusionMaxQuality:100]]
[2018.12.19-11.13.39:101][  0]LogConfig: Setting CVar [[r.AmbientOcclusionLevels:0]]
[2018.12.19-11.13.39:101][  0]LogConfig: Setting CVar [[r.AmbientOcclusionRadiusScale:1.0]]
[2018.12.19-11.13.39:101][  0]LogConfig: Setting CVar [[r.DepthOfFieldQuality:0]]
[2018.12.19-11.13.39:101][  0]LogConfig: Setting CVar [[r.RenderTargetPoolMin:400]]
[2018.12.19-11.13.39:101][  0]LogConfig: Setting CVar [[r.LensFlareQuality:0]]
[2018.12.19-11.13.39:101][  0]LogConfig: Setting CVar [[r.SceneColorFringeQuality:0]]
[2018.12.19-11.13.39:101][  0]LogConfig: Setting CVar [[r.EyeAdaptationQuality:2]]
[2018.12.19-11.13.39:101][  0]LogConfig: Setting CVar [[r.BloomQuality:1]]
[2018.12.19-11.13.39:101][  0]LogConfig: Setting CVar [[r.FastBlurThreshold:0]]
[2018.12.19-11.13.39:101][  0]LogConfig: Setting CVar [[r.Upscale.Quality:3]]
[2018.12.19-11.13.39:101][  0]LogConfig: Setting CVar [[r.Tonemapper.GrainQuantization:1]]
[2018.12.19-11.13.39:101][  0]LogConfig: Setting CVar [[r.LightShaftQuality:1]]
[2018.12.19-11.13.39:101][  0]LogConfig: Setting CVar [[r.Filter.SizeScale:1]]
[2018.12.19-11.13.39:101][  0]LogConfig: Setting CVar [[r.Tonemapper.Quality:5]]
[2018.12.19-11.13.39:101][  0]LogConfig: Setting CVar [[r.DOF.Gather.AccumulatorQuality:1        ; higher gathering accumulator quality]]
[2018.12.19-11.13.39:101][  0]LogConfig: Setting CVar [[r.DOF.Gather.PostfilterMethod:1          ; Median3x3 postfilering method]]
[2018.12.19-11.13.39:101][  0]LogConfig: Setting CVar [[r.DOF.Gather.EnableBokehSettings:0       ; no bokeh simulation when gathering]]
[2018.12.19-11.13.39:101][  0]LogConfig: Setting CVar [[r.DOF.Gather.RingCount:4                 ; medium number of samples when gathering]]
[2018.12.19-11.13.39:101][  0]LogConfig: Setting CVar [[r.DOF.Scatter.ForegroundCompositing:1    ; additive foreground scattering]]
[2018.12.19-11.13.39:101][  0]LogConfig: Setting CVar [[r.DOF.Scatter.BackgroundCompositing:2    ; additive background scattering]]
[2018.12.19-11.13.39:101][  0]LogConfig: Setting CVar [[r.DOF.Scatter.EnableBokehSettings:1      ; bokeh simulation when scattering]]
[2018.12.19-11.13.39:101][  0]LogConfig: Setting CVar [[r.DOF.Scatter.MaxSpriteRatio:0.1         ; only a maximum of 10% of scattered bokeh]]
[2018.12.19-11.13.39:101][  0]LogConfig: Setting CVar [[r.DOF.Recombine.Quality:1                ; cheap slight out of focus]]
[2018.12.19-11.13.39:101][  0]LogConfig: Setting CVar [[r.DOF.Recombine.EnableBokehSettings:0    ; no bokeh simulation on slight out of focus]]
[2018.12.19-11.13.39:101][  0]LogConfig: Setting CVar [[r.DOF.TemporalAAQuality:1                ; more stable temporal accumulation]]
[2018.12.19-11.13.39:101][  0]LogConfig: Setting CVar [[r.DOF.Kernel.MaxForegroundRadius:0.025]]
[2018.12.19-11.13.39:101][  0]LogConfig: Setting CVar [[r.DOF.Kernel.MaxBackgroundRadius:0.025]]
[2018.12.19-11.13.39:101][  0]LogConfig: Applying CVar settings from Section [TextureQuality@3] File [E:/bewijzenmap/Eigen Projecten/EscapeRoom/Project/Saved/Config/Windows/Scalability.ini]
[2018.12.19-11.13.39:101][  0]LogConfig: Setting CVar [[r.Streaming.MipBias:0]]
[2018.12.19-11.13.39:101][  0]LogConfig: Setting CVar [[r.Streaming.AmortizeCPUToGPUCopy:0]]
[2018.12.19-11.13.39:101][  0]LogConfig: Setting CVar [[r.Streaming.MaxNumTexturesToStreamPerFrame:0]]
[2018.12.19-11.13.39:101][  0]LogConfig: Setting CVar [[r.Streaming.Boost:1]]
[2018.12.19-11.13.39:101][  0]LogConfig: Setting CVar [[r.MaxAnisotropy:8]]
[2018.12.19-11.13.39:101][  0]LogConfig: Setting CVar [[r.Streaming.LimitPoolSizeToVRAM:0]]
[2018.12.19-11.13.39:101][  0]LogConfig: Setting CVar [[r.Streaming.PoolSize:1000]]
[2018.12.19-11.13.39:101][  0]LogConfig: Setting CVar [[r.Streaming.MaxEffectiveScreenSize:0]]
[2018.12.19-11.13.39:101][  0]LogConfig: Applying CVar settings from Section [EffectsQuality@3] File [E:/bewijzenmap/Eigen Projecten/EscapeRoom/Project/Saved/Config/Windows/Scalability.ini]
[2018.12.19-11.13.39:101][  0]LogConfig: Setting CVar [[r.TranslucencyLightingVolumeDim:4]]
[2018.12.19-11.13.39:101][  0]LogConfig: Setting CVar [[r.RefractionQuality:2]]
[2018.12.19-11.13.39:101][  0]LogConfig: Setting CVar [[r.SSR.Quality:0]]
[2018.12.19-11.13.39:101][  0]LogConfig: Setting CVar [[r.SceneColorFormat:2]]
[2018.12.19-11.13.39:101][  0]LogConfig: Setting CVar [[r.DetailMode:2]]
[2018.12.19-11.13.39:101][  0]LogConfig: Setting CVar [[r.TranslucencyVolumeBlur:0]]
[2018.12.19-11.13.39:102][  0]LogConfig: Setting CVar [[r.MaterialQualityLevel:1 ; High quality]]
[2018.12.19-11.13.39:102][  0]LogConfig: Setting CVar [[r.SSS.Scale:1]]
[2018.12.19-11.13.39:102][  0]LogConfig: Setting CVar [[r.SSS.SampleSet:2]]
[2018.12.19-11.13.39:102][  0]LogConfig: Setting CVar [[r.SSS.Quality:1]]
[2018.12.19-11.13.39:102][  0]LogConfig: Setting CVar [[r.SSS.HalfRes:1]]
[2018.12.19-11.13.39:102][  0]LogConfig: Setting CVar [[r.EmitterSpawnRateScale:1.0]]
[2018.12.19-11.13.39:102][  0]LogConfig: Setting CVar [[r.ParticleLightQuality:2]]
[2018.12.19-11.13.39:102][  0]LogConfig: Applying CVar settings from Section [FoliageQuality@3] File [E:/bewijzenmap/Eigen Projecten/EscapeRoom/Project/Saved/Config/Windows/Scalability.ini]
[2018.12.19-11.13.39:102][  0]LogConfig: Setting CVar [[foliage.DensityScale:1.0]]
[2018.12.19-11.13.39:102][  0]LogConfig: Setting CVar [[grass.DensityScale:1.0]]
[2018.12.19-11.13.39:102][  0]LogInit: Selected Device Profile: [Windows]
[2018.12.19-11.13.39:102][  0]LogInit: Applying CVar settings loaded from the selected device profile: [Windows]
[2018.12.19-11.13.39:118][  0]LogHAL: Display: Platform has ~ 8 GB [8499658752 / 8589934592 / 8], which maps to Default [LargestMinGB=32, LargerMinGB=12, DefaultMinGB=8, SmallerMinGB=6, SmallestMinGB=0)
[2018.12.19-11.13.39:118][  0]LogConfig: Setting CVar [[r.Vulkan.UseRealUBs:1]]
[2018.12.19-11.13.39:118][  0]LogInit: Going up to parent DeviceProfile []
[2018.12.19-11.13.39:118][  0]LogConfig: Applying CVar settings from Section [ViewDistanceQuality@3] File [E:/bewijzenmap/Eigen Projecten/EscapeRoom/Project/Saved/Config/Windows/Scalability.ini]
[2018.12.19-11.13.39:118][  0]LogConfig: Setting CVar [[r.SkeletalMeshLODBias:0]]
[2018.12.19-11.13.39:118][  0]LogConfig: Setting CVar [[r.ViewDistanceScale:1.0]]
[2018.12.19-11.13.39:118][  0]LogConfig: Applying CVar settings from Section [AntiAliasingQuality@3] File [E:/bewijzenmap/Eigen Projecten/EscapeRoom/Project/Saved/Config/Windows/Scalability.ini]
[2018.12.19-11.13.39:118][  0]LogConfig: Setting CVar [[r.PostProcessAAQuality:3]]
[2018.12.19-11.13.39:118][  0]LogConfig: Applying CVar settings from Section [ShadowQuality@3] File [E:/bewijzenmap/Eigen Projecten/EscapeRoom/Project/Saved/Config/Windows/Scalability.ini]
[2018.12.19-11.13.39:118][  0]LogConfig: Setting CVar [[r.LightFunctionQuality:1]]
[2018.12.19-11.13.39:118][  0]LogConfig: Setting CVar [[r.ShadowQuality:5]]
[2018.12.19-11.13.39:118][  0]LogConfig: Setting CVar [[r.Shadow.CSM.MaxCascades:10]]
[2018.12.19-11.13.39:118][  0]LogConfig: Setting CVar [[r.Shadow.MaxResolution:2048]]
[2018.12.19-11.13.39:118][  0]LogConfig: Setting CVar [[r.Shadow.MaxCSMResolution:2048]]
[2018.12.19-11.13.39:118][  0]LogConfig: Setting CVar [[r.Shadow.RadiusThreshold:0.01]]
[2018.12.19-11.13.39:118][  0]LogConfig: Setting CVar [[r.Shadow.DistanceScale:1.0]]
[2018.12.19-11.13.39:118][  0]LogConfig: Setting CVar [[r.Shadow.CSM.TransitionScale:1.0]]
[2018.12.19-11.13.39:118][  0]LogConfig: Setting CVar [[r.Shadow.PreShadowResolutionFactor:1.0]]
[2018.12.19-11.13.39:118][  0]LogConfig: Setting CVar [[r.DistanceFieldShadowing:1]]
[2018.12.19-11.13.39:118][  0]LogConfig: Setting CVar [[r.DistanceFieldAO:1]]
[2018.12.19-11.13.39:118][  0]LogConfig: Setting CVar [[r.AOQuality:2]]
[2018.12.19-11.13.39:118][  0]LogConfig: Setting CVar [[r.VolumetricFog:1]]
[2018.12.19-11.13.39:118][  0]LogConfig: Setting CVar [[r.VolumetricFog.GridPixelSize:8]]
[2018.12.19-11.13.39:118][  0]LogConfig: Setting CVar [[r.VolumetricFog.GridSizeZ:128]]
[2018.12.19-11.13.39:118][  0]LogConfig: Setting CVar [[r.VolumetricFog.HistoryMissSupersampleCount:4]]
[2018.12.19-11.13.39:118][  0]LogConfig: Setting CVar [[r.LightMaxDrawDistanceScale:1]]
[2018.12.19-11.13.39:118][  0]LogConfig: Setting CVar [[r.CapsuleShadows:1]]
[2018.12.19-11.13.39:118][  0]LogConfig: Applying CVar settings from Section [PostProcessQuality@3] File [E:/bewijzenmap/Eigen Projecten/EscapeRoom/Project/Saved/Config/Windows/Scalability.ini]
[2018.12.19-11.13.39:118][  0]LogConfig: Setting CVar [[r.MotionBlurQuality:0]]
[2018.12.19-11.13.39:119][  0]LogConfig: Setting CVar [[r.AmbientOcclusionMipLevelFactor:0.4]]
[2018.12.19-11.13.39:119][  0]LogConfig: Setting CVar [[r.AmbientOcclusionMaxQuality:100]]
[2018.12.19-11.13.39:119][  0]LogConfig: Setting CVar [[r.AmbientOcclusionLevels:0]]
[2018.12.19-11.13.39:119][  0]LogConfig: Setting CVar [[r.AmbientOcclusionRadiusScale:1.0]]
[2018.12.19-11.13.39:119][  0]LogConfig: Setting CVar [[r.DepthOfFieldQuality:0]]
[2018.12.19-11.13.39:119][  0]LogConfig: Setting CVar [[r.RenderTargetPoolMin:400]]
[2018.12.19-11.13.39:119][  0]LogConfig: Setting CVar [[r.LensFlareQuality:0]]
[2018.12.19-11.13.39:119][  0]LogConfig: Setting CVar [[r.SceneColorFringeQuality:0]]
[2018.12.19-11.13.39:119][  0]LogConfig: Setting CVar [[r.EyeAdaptationQuality:2]]
[2018.12.19-11.13.39:119][  0]LogConfig: Setting CVar [[r.BloomQuality:1]]
[2018.12.19-11.13.39:119][  0]LogConfig: Setting CVar [[r.FastBlurThreshold:0]]
[2018.12.19-11.13.39:119][  0]LogConfig: Setting CVar [[r.Upscale.Quality:3]]
[2018.12.19-11.13.39:119][  0]LogConfig: Setting CVar [[r.Tonemapper.GrainQuantization:1]]
[2018.12.19-11.13.39:119][  0]LogConfig: Setting CVar [[r.LightShaftQuality:1]]
[2018.12.19-11.13.39:119][  0]LogConfig: Setting CVar [[r.Filter.SizeScale:1]]
[2018.12.19-11.13.39:119][  0]LogConfig: Setting CVar [[r.Tonemapper.Quality:5]]
[2018.12.19-11.13.39:119][  0]LogConfig: Setting CVar [[r.DOF.Gather.AccumulatorQuality:1        ; higher gathering accumulator quality]]
[2018.12.19-11.13.39:119][  0]LogConfig: Setting CVar [[r.DOF.Gather.PostfilterMethod:1          ; Median3x3 postfilering method]]
[2018.12.19-11.13.39:119][  0]LogConfig: Setting CVar [[r.DOF.Gather.EnableBokehSettings:0       ; no bokeh simulation when gathering]]
[2018.12.19-11.13.39:119][  0]LogConfig: Setting CVar [[r.DOF.Gather.RingCount:4                 ; medium number of samples when gathering]]
[2018.12.19-11.13.39:119][  0]LogConfig: Setting CVar [[r.DOF.Scatter.ForegroundCompositing:1    ; additive foreground scattering]]
[2018.12.19-11.13.39:119][  0]LogConfig: Setting CVar [[r.DOF.Scatter.BackgroundCompositing:2    ; additive background scattering]]
[2018.12.19-11.13.39:119][  0]LogConfig: Setting CVar [[r.DOF.Scatter.EnableBokehSettings:1      ; bokeh simulation when scattering]]
[2018.12.19-11.13.39:119][  0]LogConfig: Setting CVar [[r.DOF.Scatter.MaxSpriteRatio:0.1         ; only a maximum of 10% of scattered bokeh]]
[2018.12.19-11.13.39:119][  0]LogConfig: Setting CVar [[r.DOF.Recombine.Quality:1                ; cheap slight out of focus]]
[2018.12.19-11.13.39:119][  0]LogConfig: Setting CVar [[r.DOF.Recombine.EnableBokehSettings:0    ; no bokeh simulation on slight out of focus]]
[2018.12.19-11.13.39:119][  0]LogConfig: Setting CVar [[r.DOF.TemporalAAQuality:1                ; more stable temporal accumulation]]
[2018.12.19-11.13.39:119][  0]LogConfig: Setting CVar [[r.DOF.Kernel.MaxForegroundRadius:0.025]]
[2018.12.19-11.13.39:119][  0]LogConfig: Setting CVar [[r.DOF.Kernel.MaxBackgroundRadius:0.025]]
[2018.12.19-11.13.39:119][  0]LogConfig: Applying CVar settings from Section [TextureQuality@3] File [E:/bewijzenmap/Eigen Projecten/EscapeRoom/Project/Saved/Config/Windows/Scalability.ini]
[2018.12.19-11.13.39:119][  0]LogConfig: Setting CVar [[r.Streaming.MipBias:0]]
[2018.12.19-11.13.39:119][  0]LogConfig: Setting CVar [[r.Streaming.AmortizeCPUToGPUCopy:0]]
[2018.12.19-11.13.39:119][  0]LogConfig: Setting CVar [[r.Streaming.MaxNumTexturesToStreamPerFrame:0]]
[2018.12.19-11.13.39:119][  0]LogConfig: Setting CVar [[r.Streaming.Boost:1]]
[2018.12.19-11.13.39:119][  0]LogConfig: Setting CVar [[r.MaxAnisotropy:8]]
[2018.12.19-11.13.39:119][  0]LogConfig: Setting CVar [[r.Streaming.LimitPoolSizeToVRAM:0]]
[2018.12.19-11.13.39:119][  0]LogConfig: Setting CVar [[r.Streaming.PoolSize:1000]]
[2018.12.19-11.13.39:119][  0]LogConfig: Setting CVar [[r.Streaming.MaxEffectiveScreenSize:0]]
[2018.12.19-11.13.39:119][  0]LogConfig: Applying CVar settings from Section [EffectsQuality@3] File [E:/bewijzenmap/Eigen Projecten/EscapeRoom/Project/Saved/Config/Windows/Scalability.ini]
[2018.12.19-11.13.39:120][  0]LogConfig: Setting CVar [[r.TranslucencyLightingVolumeDim:4]]
[2018.12.19-11.13.39:120][  0]LogConfig: Setting CVar [[r.RefractionQuality:2]]
[2018.12.19-11.13.39:120][  0]LogConfig: Setting CVar [[r.SSR.Quality:0]]
[2018.12.19-11.13.39:120][  0]LogConfig: Setting CVar [[r.SceneColorFormat:2]]
[2018.12.19-11.13.39:120][  0]LogConfig: Setting CVar [[r.DetailMode:2]]
[2018.12.19-11.13.39:120][  0]LogConfig: Setting CVar [[r.TranslucencyVolumeBlur:0]]
[2018.12.19-11.13.39:120][  0]LogConfig: Setting CVar [[r.MaterialQualityLevel:1 ; High quality]]
[2018.12.19-11.13.39:120][  0]LogConfig: Setting CVar [[r.SSS.Scale:1]]
[2018.12.19-11.13.39:120][  0]LogConfig: Setting CVar [[r.SSS.SampleSet:2]]
[2018.12.19-11.13.39:120][  0]LogConfig: Setting CVar [[r.SSS.Quality:1]]
[2018.12.19-11.13.39:120][  0]LogConfig: Setting CVar [[r.SSS.HalfRes:1]]
[2018.12.19-11.13.39:120][  0]LogConfig: Setting CVar [[r.EmitterSpawnRateScale:1.0]]
[2018.12.19-11.13.39:120][  0]LogConfig: Setting CVar [[r.ParticleLightQuality:2]]
[2018.12.19-11.13.39:120][  0]LogConfig: Applying CVar settings from Section [FoliageQuality@3] File [E:/bewijzenmap/Eigen Projecten/EscapeRoom/Project/Saved/Config/Windows/Scalability.ini]
[2018.12.19-11.13.39:120][  0]LogConfig: Setting CVar [[foliage.DensityScale:1.0]]
[2018.12.19-11.13.39:120][  0]LogConfig: Setting CVar [[grass.DensityScale:1.0]]
[2018.12.19-11.13.39:120][  0]LogConfig: Applying CVar settings from Section [Startup] File [../../../Engine/Config/ConsoleVariables.ini]
[2018.12.19-11.13.39:120][  0]LogConfig: Setting CVar [[net.UseAdaptiveNetUpdateFrequency:0]]
[2018.12.19-11.13.39:120][  0]LogConfig: Applying CVar settings from Section [ConsoleVariables] File [E:/bewijzenmap/Eigen Projecten/EscapeRoom/Project/Saved/Config/Windows/Engine.ini]
[2018.12.19-11.13.39:120][  0]LogInit: Computer: LAPTOP-JFEVN1I6
[2018.12.19-11.13.39:121][  0]LogInit: User: MeesM
[2018.12.19-11.13.39:121][  0]LogInit: CPU Page size=4096, Cores=2
[2018.12.19-11.13.39:121][  0]LogInit: High frequency timer resolution =2.343752 MHz
[2018.12.19-11.13.39:121][  0]LogMemory: Memory total: Physical=7.9GB (8GB approx)
[2018.12.19-11.13.39:121][  0]LogMemory: Platform Memory Stats for Windows
[2018.12.19-11.13.39:121][  0]LogMemory: Process Physical Memory: 101.29 MB used, 101.29 MB peak
[2018.12.19-11.13.39:121][  0]LogMemory: Process Virtual Memory: 83.30 MB used, 83.30 MB peak
[2018.12.19-11.13.39:121][  0]LogMemory: Physical Memory: 5731.23 MB used,  2374.68 MB free, 8105.91 MB total
[2018.12.19-11.13.39:121][  0]LogMemory: Virtual Memory: 4627.33 MB used,  134213104.00 MB free, 134217728.00 MB total
[2018.12.19-11.13.39:148][  0]LogInit: Using OS detected language (nl-NL).
[2018.12.19-11.13.39:148][  0]LogInit: Using OS detected locale (nl-NL).
[2018.12.19-11.13.39:149][  0]LogTextLocalizationManager: No localization for 'nl-NL' exists, so 'en' will be used for the language.
[2018.12.19-11.13.39:647][  0]LogStreaming: Display: Took  0.499s to InitEngineTextLocalization.
[2018.12.19-11.13.39:647][  0]LogInit: Setting process to per monitor DPI aware
[2018.12.19-11.13.39:676][  0]LogSlate: New Slate User Created.  User Index 0, Is Virtual User: 0
[2018.12.19-11.13.39:676][  0]LogSlate: Slate User Registered.  User Index 0, Is Virtual User: 0
[2018.12.19-11.13.39:976][  0]LogHMD: Failed to initialize OpenVR with code 110
[2018.12.19-11.13.39:976][  0]LogD3D11RHI: D3D11 adapters:
[2018.12.19-11.13.40:083][  0]LogD3D11RHI:    0. 'NVIDIA GeForce GTX 950M' (Feature Level 11_0)
[2018.12.19-11.13.40:083][  0]LogD3D11RHI:       4055/0/4052 MB DedicatedVideo/DedicatedSystem/SharedSystem, Outputs:2, VendorId:0x10de
[2018.12.19-11.13.40:093][  0]LogD3D11RHI:    1. 'Intel(R) HD Graphics 520' (Feature Level 11_0)
[2018.12.19-11.13.40:093][  0]LogD3D11RHI:       128/0/4052 MB DedicatedVideo/DedicatedSystem/SharedSystem, Outputs:0, VendorId:0x8086
[2018.12.19-11.13.40:096][  0]LogD3D11RHI:    2. 'Microsoft Basic Render Driver' (Feature Level 11_0)
[2018.12.19-11.13.40:096][  0]LogD3D11RHI:       0/0/4052 MB DedicatedVideo/DedicatedSystem/SharedSystem, Outputs:0, VendorId:0x1414
[2018.12.19-11.13.40:096][  0]LogD3D11RHI: Chosen D3D11 Adapter: 0
[2018.12.19-11.13.40:149][  0]LogD3D11RHI: Creating new Direct3DDevice
[2018.12.19-11.13.40:150][  0]LogD3D11RHI:     GPU DeviceId: 0x139a (for the marketing name, search the web for "GPU Device Id")
[2018.12.19-11.13.40:150][  0]LogWindows: EnumDisplayDevices:
[2018.12.19-11.13.40:150][  0]LogWindows:    0. 'Intel(R) HD Graphics 520' (P:1 D:1)
[2018.12.19-11.13.40:150][  0]LogWindows:    1. 'Intel(R) HD Graphics 520' (P:0 D:1)
[2018.12.19-11.13.40:151][  0]LogWindows:    2. 'Intel(R) HD Graphics 520' (P:0 D:0)
[2018.12.19-11.13.40:151][  0]LogWindows: DebugString: PrimaryIsNotTheChoosenAdapter PrimaryIsNotTheChoosenAdapter PrimaryIsNotTheChoosenAdapter FoundDriverCount:0 
[2018.12.19-11.13.40:151][  0]LogD3D11RHI:     Adapter Name: NVIDIA GeForce GTX 950M
[2018.12.19-11.13.40:151][  0]LogD3D11RHI:   Driver Version: Unknown (internal:Unknown, unified:Unknown)
[2018.12.19-11.13.40:151][  0]LogD3D11RHI:      Driver Date: Unknown
[2018.12.19-11.13.40:151][  0]LogRHI: Texture pool is 2839 MB (70% of 4055 MB)
[2018.12.19-11.13.40:210][  0]LogD3D11RHI: Async texture creation enabled
[2018.12.19-11.13.40:265][  0]LogD3D11RHI: GPU Timing Frequency: 1000.000000 (Debug: 2 2)
[2018.12.19-11.13.40:724][  0]LogTemp: Display: Loaded TP AllDesktopTargetPlatform
[2018.12.19-11.13.40:739][  0]LogTemp: Display: Loaded TP MacClientTargetPlatform
[2018.12.19-11.13.40:755][  0]LogTemp: Display: Loaded TP MacNoEditorTargetPlatform
[2018.12.19-11.13.40:772][  0]LogTemp: Display: Loaded TP MacServerTargetPlatform
[2018.12.19-11.13.40:788][  0]LogTemp: Display: Loaded TP MacTargetPlatform
[2018.12.19-11.13.40:805][  0]LogTemp: Display: Loaded TP WindowsClientTargetPlatform
[2018.12.19-11.13.40:821][  0]LogTemp: Display: Loaded TP WindowsNoEditorTargetPlatform
[2018.12.19-11.13.40:839][  0]LogTemp: Display: Loaded TP WindowsServerTargetPlatform
[2018.12.19-11.13.40:845][  0]LogTemp: Display: Loaded TP WindowsTargetPlatform
[2018.12.19-11.13.40:950][  0]LogTemp: Display: Loaded TP AndroidTargetPlatform
[2018.12.19-11.13.40:950][  0]LogTemp: Display: Loaded TP AndroidTargetPlatform
[2018.12.19-11.13.40:950][  0]LogTemp: Display: Loaded TP AndroidTargetPlatform
[2018.12.19-11.13.40:950][  0]LogTemp: Display: Loaded TP AndroidTargetPlatform
[2018.12.19-11.13.40:950][  0]LogTemp: Display: Loaded TP AndroidTargetPlatform
[2018.12.19-11.13.40:950][  0]LogTemp: Display: Loaded TP AndroidTargetPlatform
[2018.12.19-11.13.40:950][  0]LogTemp: Display: Loaded TP AndroidTargetPlatform
[2018.12.19-11.13.40:950][  0]LogTemp: Display: Loaded TP AndroidTargetPlatform
[2018.12.19-11.13.40:950][  0]LogTemp: Display: Loaded TP AndroidTargetPlatform
[2018.12.19-11.13.40:950][  0]LogTemp: Display: Loaded TP AndroidTargetPlatform
[2018.12.19-11.13.40:950][  0]LogTemp: Display: Loaded TP AndroidTargetPlatform
[2018.12.19-11.13.40:950][  0]LogTemp: Display: Loaded TP AndroidTargetPlatform
[2018.12.19-11.13.40:950][  0]LogTemp: Display: Loaded TP AndroidTargetPlatform
[2018.12.19-11.13.40:950][  0]LogTemp: Display: Loaded TP AndroidTargetPlatform
[2018.12.19-11.13.40:950][  0]LogTemp: Display: Loaded TP AndroidTargetPlatform
[2018.12.19-11.13.40:950][  0]LogTemp: Display: Loaded TP AndroidTargetPlatform
[2018.12.19-11.13.40:950][  0]LogTemp: Display: Loaded TP AndroidTargetPlatform
[2018.12.19-11.13.40:950][  0]LogTemp: Display: Loaded TP AndroidTargetPlatform
[2018.12.19-11.13.40:952][  0]LogTemp: Display: Loaded TP HTML5TargetPlatform
[2018.12.19-11.13.41:020][  0]LogTemp: Display: Loaded TP IOSTargetPlatform
[2018.12.19-11.13.41:020][  0]LogTemp: Display: Loaded TP IOSTargetPlatform
[2018.12.19-11.13.41:052][  0]LogTemp: Display: Loaded TP TVOSTargetPlatform
[2018.12.19-11.13.41:052][  0]LogTemp: Display: Loaded TP TVOSTargetPlatform
[2018.12.19-11.13.41:068][  0]LogTemp: Display: Loaded TP LinuxClientTargetPlatform
[2018.12.19-11.13.41:088][  0]LogTemp: Display: Loaded TP LinuxNoEditorTargetPlatform
[2018.12.19-11.13.41:105][  0]LogTemp: Display: Loaded TP LinuxServerTargetPlatform
[2018.12.19-11.13.41:121][  0]LogTemp: Display: Loaded TP LinuxTargetPlatform
[2018.12.19-11.13.41:183][  0]LogTemp: Display: Loaded TP LuminTargetPlatform
[2018.12.19-11.13.41:183][  0]LogTemp: Display: Loaded TP LuminTargetPlatform
[2018.12.19-11.13.41:183][  0]LogTargetPlatformManager: Display: Building Assets For Windows
[2018.12.19-11.13.41:239][  0]LogShaderCompilers: Guid format shader working directory is -3 characters bigger than the processId version (E:/bewijzenmap/Eigen Projecten/EscapeRoom/Project/Intermediate/Shaders/WorkingDirectory/8600/).
[2018.12.19-11.13.41:239][  0]LogShaderCompilers: Cleaned the shader compiler working directory 'C:/Users/MeesM/AppData/Local/Temp/UnrealShaderWorkingDir/7BD66032415AABAA0A3647A1E5109970/'.
[2018.12.19-11.13.41:241][  0]LogXGEController: Cannot use XGE Controller as Incredibuild is not installed on this machine.
[2018.12.19-11.13.41:241][  0]LogShaderCompilers: Cannot use XGE Shader Compiler as Incredibuild is not installed on this machine.
[2018.12.19-11.13.41:241][  0]LogShaderCompilers: Display: Using Local Shader Compiler.
[2018.12.19-11.13.42:045][  0]LogDerivedDataCache: Display: Max Cache Size: 512 MB
[2018.12.19-11.13.42:123][  0]LogDerivedDataCache: Loaded boot cache 0.08s 85MB C:/Users/MeesM/AppData/Local/UnrealEngine/4.21/DerivedDataCache/Boot.ddc.
[2018.12.19-11.13.42:123][  0]LogDerivedDataCache: Display: Loaded Boot cache: C:/Users/MeesM/AppData/Local/UnrealEngine/4.21/DerivedDataCache/Boot.ddc
[2018.12.19-11.13.42:123][  0]LogDerivedDataCache: FDerivedDataBackendGraph:  Pak pak cache file E:/bewijzenmap/Eigen Projecten/EscapeRoom/Project/DerivedDataCache/DDC.ddp not found, will not use a pak cache.
[2018.12.19-11.13.42:123][  0]LogDerivedDataCache: Unable to find inner node Pak for hierarchical cache Hierarchy.
[2018.12.19-11.13.42:123][  0]LogDerivedDataCache: FDerivedDataBackendGraph:  CompressedPak pak cache file E:/bewijzenmap/Eigen Projecten/EscapeRoom/Project/DerivedDataCache/Compressed.ddp not found, will not use a pak cache.
[2018.12.19-11.13.42:123][  0]LogDerivedDataCache: Unable to find inner node CompressedPak for hierarchical cache Hierarchy.
[2018.12.19-11.13.42:141][  0]LogDerivedDataCache: Display: Pak cache opened for reading ../../../Engine/DerivedDataCache/Compressed.ddp.
[2018.12.19-11.13.42:142][  0]LogDerivedDataCache: FDerivedDataBackendGraph:  EnterprisePak pak cache file ../../../Enterprise/DerivedDataCache/Compressed.ddp not found, will not use a pak cache.
[2018.12.19-11.13.42:142][  0]LogDerivedDataCache: Unable to find inner node EnterprisePak for hierarchical cache Hierarchy.
[2018.12.19-11.13.42:154][  0]LogDerivedDataCache: Using Local data cache path C:/Users/MeesM/AppData/Local/UnrealEngine/Common/DerivedDataCache: Writable
[2018.12.19-11.13.42:154][  0]LogDerivedDataCache: Shared data cache path not found in *engine.ini, will not use an Shared cache.
[2018.12.19-11.13.42:154][  0]LogDerivedDataCache: Unable to find inner node Shared for hierarchical cache Hierarchy.
[2018.12.19-11.13.42:194][  0]LogMaterial: Verifying Global Shaders for PCD3D_SM5
[2018.12.19-11.13.42:196][  0]LogSlate: Using FreeType 2.6.0
[2018.12.19-11.13.42:197][  0]LogSlate: SlateFontServices - WITH_FREETYPE: 1, WITH_HARFBUZZ: 1
[2018.12.19-11.13.42:305][  0]LogAssetRegistry: FAssetRegistry took 0.0398 seconds to start up
[2018.12.19-11.13.42:793][  0]LogInit: Selected Device Profile: [Windows]
[2018.12.19-11.13.42:887][  0]LogSimplygon: Simplygon DLL not present - disabling.
[2018.12.19-11.13.42:892][  0]LogMeshReduction: Using SimplygonSwarm for distributed automatic mesh merging
[2018.12.19-11.13.42:892][  0]LogMeshReduction: Using ProxyLODMeshReduction for automatic mesh merging
[2018.12.19-11.13.42:892][  0]LogMeshReduction: Using QuadricMeshReduction for automatic static mesh reduction
[2018.12.19-11.13.42:892][  0]LogMeshReduction: No automatic skeletal mesh reduction module available
[2018.12.19-11.13.43:064][  0]LogNetVersion: Project 1.0.0, NetCL: 4541578, EngineNetVer: 5, GameNetVer: 0 (Checksum: 1228489884)
[2018.12.19-11.13.43:753][  0]LogPackageLocalizationCache: Processed 11 localized package path(s) for 1 prioritized culture(s) in 0.081476 seconds
[2018.12.19-11.13.43:762][  0]LogUObjectArray: 39775 objects as part of root set at end of initial load.
[2018.12.19-11.13.43:762][  0]LogUObjectAllocator: 6914664 out of 0 bytes used by permanent object pool.
[2018.12.19-11.13.43:762][  0]LogUObjectArray: CloseDisregardForGC: 0/0 objects in disregard for GC pool
[2018.12.19-11.13.44:934][  0]LogTcpMessaging: Initializing TcpMessaging bridge
[2018.12.19-11.13.44:947][  0]LogUdpMessaging: Initializing bridge on interface 0.0.0.0:0 to multicast group 230.0.0.1:6666.
[2018.12.19-11.13.46:407][  0]SourceControl: Source control is disabled
[2018.12.19-11.13.46:407][  0]SourceControl: Source control is disabled
[2018.12.19-11.13.46:409][  0]SourceControl: Source control is disabled
[2018.12.19-11.13.46:411][  0]SourceControl: Source control is disabled
[2018.12.19-11.13.46:665][  0]LogAndroidPermission: UAndroidPermissionCallbackProxy::GetInstance
[2018.12.19-11.13.46:788][  0]LogOcInput: OculusInput pre-init called
[2018.12.19-11.13.47:027][  0]LogEngine: Initializing Engine...
[2018.12.19-11.13.47:028][  0]LogHMD: Failed to initialize OpenVR with code 110
[2018.12.19-11.13.47:031][  0]LogStats: UGameplayTagsManager::ConstructGameplayTagTree: ImportINI prefixes -  0.000 s
[2018.12.19-11.13.47:031][  0]LogStats: UGameplayTagsManager::ConstructGameplayTagTree: Construct from data asset -  0.000 s
[2018.12.19-11.13.47:031][  0]LogStats: UGameplayTagsManager::ConstructGameplayTagTree: ImportINI -  0.000 s
[2018.12.19-11.13.47:031][  0]LogStats: UGameplayTagsManager::ConstructGameplayTagTree: GameplayTagTreeChangedEvent.Broadcast -  0.000 s
[2018.12.19-11.13.47:519][  0]LogInit: Initializing FReadOnlyCVARCache
[2018.12.19-11.13.47:535][  0]LogAIModule: Creating AISystem for world Untitled
[2018.12.19-11.13.47:556][  0]LogInit: XAudio2 using 'Luidsprekers (Realtek High Definition Audio(SST))' : 2 channels at 48 kHz using 32 bits per sample (channel mask 0x3)
[2018.12.19-11.13.47:657][  0]LogInit: FAudioDevice initialized.
[2018.12.19-11.13.47:657][  0]LogNetVersion: Set ProjectVersion to 1.0.0.0. Version Checksum will be recalculated on next use.
[2018.12.19-11.13.48:266][  0]LogDerivedDataCache: Saved boot cache 0.61s 85MB C:/Users/MeesM/AppData/Local/UnrealEngine/4.21/DerivedDataCache/Boot.ddc.
[2018.12.19-11.13.48:298][  0]LogInit: Texture streaming: Enabled
[2018.12.19-11.13.48:325][  0]LogEngineSessionManager: EngineSessionManager initialized
[2018.12.19-11.13.48:354][  0]LogInit: Transaction tracking system initialized
[2018.12.19-11.13.48:392][  0]BlueprintLog: New page: Editor Load
[2018.12.19-11.13.48:509][  0]LocalizationService: Localization service is disabled
[2018.12.19-11.13.50:766][  0]LogFileCache: Scanning file cache for directory 'E:/bewijzenmap/Eigen Projecten/EscapeRoom/Project/Content/' took 0.02s
[2018.12.19-11.13.50:766][  0]LogCook: Display: Max memory allowance for cook 16384mb min free memory 0mb
[2018.12.19-11.13.50:766][  0]LogCook: Display: Mobile HDR setting 1
[2018.12.19-11.13.50:766][  0]LogGameplayTags: Display: UGameplayTagsManager::DoneAddingNativeTags. DelegateIsBound: 0
[2018.12.19-11.13.50:766][  0]LogStats: UGameplayTagsManager::ConstructGameplayTagTree: ImportINI prefixes -  0.000 s
[2018.12.19-11.13.50:766][  0]LogStats: UGameplayTagsManager::ConstructGameplayTagTree: Construct from data asset -  0.000 s
[2018.12.19-11.13.50:767][  0]LogStats: UGameplayTagsManager::ConstructGameplayTagTree: ImportINI -  0.000 s
[2018.12.19-11.13.50:767][  0]LogStats: UGameplayTagsManager::ConstructGameplayTagTree: GameplayTagTreeChangedEvent.Broadcast -  0.000 s
[2018.12.19-11.13.50:994][  0]SourceControl: Source control is disabled
[2018.12.19-11.13.51:088][  0]LogWindowsTextInputMethodSystem: Display: IME system now deactivated.
[2018.12.19-11.13.51:090][  0]LogSlate: Took 0.000282 seconds to synchronously load lazily loaded font '../../../Engine/Content/Slate/Fonts/Roboto-Regular.ttf' (155K)
[2018.12.19-11.13.53:890][  0]LogSlate: Window 'Restore Packages' being destroyed
[2018.12.19-11.13.53:894][  0]LogWindowsTextInputMethodSystem: Display: IME system now deactivated.
[2018.12.19-11.13.53:897][  0]LogWindowsTextInputMethodSystem: Display: IME system now deactivated.
[2018.12.19-11.13.53:904][  0]Cmd: MAP LOAD FILE="E:/bewijzenmap/Eigen Projecten/EscapeRoom/Project/Content/Map/GameMap.umap" TEMPLATE=0 SHOWPROGRESS=1 FEATURELEVEL=3
[2018.12.19-11.13.53:905][  0]LightingResults: New page: Lighting Build
[2018.12.19-11.13.53:908][  0]MapCheck: New page: Map Check
[2018.12.19-11.13.53:908][  0]LightingResults: New page: Lighting Build
[2018.12.19-11.13.54:930][  0]LogLinker: Warning: Can't find file '/Game/Map/GameMap_BuiltData'
[2018.12.19-11.13.54:930][  0]LogLinker: Warning: Can't find file for asset '/Game/Map/GameMap_BuiltData' while loading E:/bewijzenmap/Eigen Projecten/EscapeRoom/Project/Content/Map/GameMap.umap.
[2018.12.19-11.13.54:930][  0]LoadErrors: Error: /Game/Map/GameMap : Can't find file for asset. /Game/Map/GameMap_BuiltData
[2018.12.19-11.13.54:947][  0]LogLinker: Warning: Can't find file '/Game/Map/GameMap_BuiltData'
[2018.12.19-11.13.54:948][  0]LogLinker: Warning: Can't find file for asset '/Game/Map/GameMap_BuiltData' while loading E:/bewijzenmap/Eigen Projecten/EscapeRoom/Project/Content/Map/GameMap.umap.
[2018.12.19-11.13.54:948][  0]LoadErrors: Error: /Game/Map/GameMap : Can't find file for asset. /Game/Map/GameMap_BuiltData
[2018.12.19-11.13.54:951][  0]LogLinker: Warning: Can't find file '/Game/Map/GameMap_BuiltData'
[2018.12.19-11.13.54:951][  0]LogLinker: Warning: Can't find file for asset '/Game/Map/GameMap_BuiltData' while loading NULL.
[2018.12.19-11.13.54:951][  0]LogLinker: Warning: Can't find file '/Game/Map/GameMap_BuiltData'
[2018.12.19-11.13.54:951][  0]LogLinker: Warning: Can't find file for asset '/Game/Map/GameMap_BuiltData' while loading NULL.
[2018.12.19-11.13.54:998][  0]LogLinker: Warning: Can't find file '/Game/Map/GameMap_BuiltData'
[2018.12.19-11.13.54:998][  0]LoadErrors: Failed to load /Game/Map/GameMap_BuiltData.GameMap_BuiltData Referenced by PersistentLevel
[2018.12.19-11.13.54:999][  0]LogLinker: Warning: Can't find file for asset '/Game/Map/GameMap_BuiltData' while loading NULL.
[2018.12.19-11.13.54:999][  0]LoadErrors: Failed to load /Game/Map/GameMap_BuiltData.GameMap_BuiltData Referenced by PersistentLevel
[2018.12.19-11.13.56:379][  0]LogAIModule: Creating AISystem for world GameMap
[2018.12.19-11.13.56:407][  0]LogEditorServer: Finished looking for orphan Actors (0.000 secs)
[2018.12.19-11.13.56:490][  0]Cmd: MAP CHECKDEP NOCLEARLOG
[2018.12.19-11.13.56:490][  0]MapCheck: Map check complete: 0 Error(s), 0 Warning(s), took 0,17ms to complete.
[2018.12.19-11.13.56:490][  0]LogFileHelpers: Loading map 'GameMap' took 2.586
[2018.12.19-11.13.56:842][  0]LogSlate: Updating window title bar state: overlay mode, drag disabled, window buttons hidden, title bar hidden
[2018.12.19-11.13.56:852][  0]LogSlate: Updating window title bar state: overlay mode, drag disabled, window buttons hidden, title bar hidden
[2018.12.19-11.13.56:864][  0]LogSlate: Updating window title bar state: overlay mode, drag disabled, window buttons hidden, title bar hidden
[2018.12.19-11.13.56:876][  0]LogSlate: Updating window title bar state: overlay mode, drag disabled, window buttons hidden, title bar hidden
[2018.12.19-11.13.57:071][  0]LogCollectionManager: Loaded 0 collections in 0.000905 seconds
[2018.12.19-11.13.57:747][  0]LogFileCache: Scanning file cache for directory 'E:/bewijzenmap/Eigen Projecten/EscapeRoom/Project/Saved/Collections/' took 0.01s
[2018.12.19-11.13.57:747][  0]LogFileCache: Scanning file cache for directory 'E:/bewijzenmap/Eigen Projecten/EscapeRoom/Project/Content/Developers/MeesM/Collections/' took 0.01s
[2018.12.19-11.13.57:747][  0]LogFileCache: Scanning file cache for directory 'E:/bewijzenmap/Eigen Projecten/EscapeRoom/Project/Content/Collections/' took 0.01s
[2018.12.19-11.13.57:747][  0]LogCollectionManager: Rebuilt the GUID cache for 0 collections in 0.000000 seconds
[2018.12.19-11.13.57:834][  0]LogContentBrowser: Native class hierarchy populated in 0.0803 seconds. Added 2652 classes and 622 folders.
[2018.12.19-11.13.57:980][  0]LogContentBrowser: Native class hierarchy updated for 'WidgetCarousel' in 0.0005 seconds. Added 0 classes and 0 folders.
[2018.12.19-11.13.58:089][  0]LogPakFile: Registered encryption key '00000000000000000000000000000000': 0 pak files mounted, 0 remain pending
[2018.12.19-11.13.58:147][  0]LogPakFile: Registered encryption key '00000000000000000000000000000000': 0 pak files mounted, 0 remain pending
[2018.12.19-11.13.58:224][  0]LogPakFile: Registered encryption key '00000000000000000000000000000000': 0 pak files mounted, 0 remain pending
[2018.12.19-11.13.58:256][  0]LogPakFile: Registered encryption key '00000000000000000000000000000000': 0 pak files mounted, 0 remain pending
[2018.12.19-11.13.58:295][  0]LogPakFile: Registered encryption key '00000000000000000000000000000000': 0 pak files mounted, 0 remain pending
[2018.12.19-11.13.58:340][  0]LogPakFile: Registered encryption key '00000000000000000000000000000000': 0 pak files mounted, 0 remain pending
[2018.12.19-11.13.58:430][  0]LogPakFile: Registered encryption key '00000000000000000000000000000000': 0 pak files mounted, 0 remain pending
[2018.12.19-11.13.58:448][  0]LogPakFile: Registered encryption key '00000000000000000000000000000000': 0 pak files mounted, 0 remain pending
[2018.12.19-11.13.58:467][  0]LogPakFile: Registered encryption key '00000000000000000000000000000000': 0 pak files mounted, 0 remain pending
[2018.12.19-11.13.58:494][  0]LogPakFile: Registered encryption key '00000000000000000000000000000000': 0 pak files mounted, 0 remain pending
[2018.12.19-11.13.58:519][  0]LogPakFile: Registered encryption key '00000000000000000000000000000000': 0 pak files mounted, 0 remain pending
[2018.12.19-11.13.58:539][  0]LogPakFile: Registered encryption key '00000000000000000000000000000000': 0 pak files mounted, 0 remain pending
[2018.12.19-11.13.58:569][  0]LogPakFile: Registered encryption key '00000000000000000000000000000000': 0 pak files mounted, 0 remain pending
[2018.12.19-11.13.58:594][  0]LogPakFile: Registered encryption key '00000000000000000000000000000000': 0 pak files mounted, 0 remain pending
[2018.12.19-11.13.58:643][  0]LogPakFile: Registered encryption key '00000000000000000000000000000000': 0 pak files mounted, 0 remain pending
[2018.12.19-11.13.58:657][  0]LogPakFile: Registered encryption key '00000000000000000000000000000000': 0 pak files mounted, 0 remain pending
[2018.12.19-11.13.58:771][  0]LogPakFile: Registered encryption key '00000000000000000000000000000000': 0 pak files mounted, 0 remain pending
[2018.12.19-11.13.58:792][  0]LogPakFile: Registered encryption key '00000000000000000000000000000000': 0 pak files mounted, 0 remain pending
[2018.12.19-11.13.58:814][  0]LogPakFile: Registered encryption key '00000000000000000000000000000000': 0 pak files mounted, 0 remain pending
[2018.12.19-11.13.58:840][  0]LogPakFile: Registered encryption key '00000000000000000000000000000000': 0 pak files mounted, 0 remain pending
[2018.12.19-11.13.58:970][  0]LogPakFile: Registered encryption key '00000000000000000000000000000000': 0 pak files mounted, 0 remain pending
[2018.12.19-11.13.59:001][  0]LogPakFile: Registered encryption key '00000000000000000000000000000000': 0 pak files mounted, 0 remain pending
[2018.12.19-11.13.59:026][  0]LogPakFile: Registered encryption key '00000000000000000000000000000000': 0 pak files mounted, 0 remain pending
[2018.12.19-11.13.59:050][  0]LogPakFile: Registered encryption key '00000000000000000000000000000000': 0 pak files mounted, 0 remain pending
[2018.12.19-11.13.59:087][  0]LogPakFile: Registered encryption key '00000000000000000000000000000000': 0 pak files mounted, 0 remain pending
[2018.12.19-11.13.59:109][  0]LogPakFile: Registered encryption key '00000000000000000000000000000000': 0 pak files mounted, 0 remain pending
[2018.12.19-11.14.00:105][  0]LogContentBrowser: Native class hierarchy updated for 'AddContentDialog' in 0.0003 seconds. Added 0 classes and 0 folders.
[2018.12.19-11.14.00:285][  0]LogSlate: Took 0.000181 seconds to synchronously load lazily loaded font '../../../Engine/Content/Slate/Fonts/Roboto-Bold.ttf' (160K)
[2018.12.19-11.14.00:306][  0]LogSlate: Took 0.017557 seconds to synchronously load lazily loaded font '../../../Engine/Content/Editor/Slate/Fonts/FontAwesome.ttf' (139K)
[2018.12.19-11.14.00:586][  0]LogRenderer: Reallocating scene render targets to support 1184x576 Format 26 NumSamples 1 (Frame:1).
[2018.12.19-11.14.00:833][  0]LogContentBrowser: Native class hierarchy updated for 'HierarchicalLODOutliner' in 0.0004 seconds. Added 0 classes and 0 folders.
[2018.12.19-11.14.00:833][  0]LogLoad: (Engine Initialization) Total time: 23.92 seconds
[2018.12.19-11.14.00:833][  0]LogLoad: (Engine Initialization) Total Blueprint compile time: 0.00 seconds
[2018.12.19-11.14.00:963][  0]LogContentStreaming: Texture pool size now 1000 MB
[2018.12.19-11.14.00:965][  0]LogSlate: FSceneViewport::OnFocusLost() reason 2
[2018.12.19-11.14.01:707][  4]LogAssetRegistry: Asset discovery search completed in 19.4246 seconds
[2018.12.19-11.14.01:710][  4]LogCollectionManager: Rebuilt the object cache for 0 collections in 0.000000 seconds (found 0 objects)
[2018.12.19-11.14.01:710][  4]LogCollectionManager: Fixed up redirectors for 0 collections in 0.000109 seconds (updated 0 objects)
[2018.12.19-11.14.01:798][  4]LogSlate: Took 0.027060 seconds to synchronously load lazily loaded font '../../../Engine/Content/Slate/Fonts/Roboto-Light.ttf' (167K)
[2018.12.19-11.14.02:370][  6]LogSlate: Took 0.000201 seconds to synchronously load lazily loaded font '../../../Engine/Content/Slate/Fonts/Roboto-Light.ttf' (167K)
[2018.12.19-11.14.08:750][206]LogSlate: Window 'Message Log' being destroyed
[2018.12.19-11.14.08:753][206]LogSlate: Window 'Message Log' being destroyed
[2018.12.19-11.14.13:407][478]LogLinker: Warning: Can't find file '/Game/Scenes/MeesLightRoom_BuiltData'
[2018.12.19-11.14.13:408][478]LogLinker: Warning: Can't find file for asset '/Game/Scenes/MeesLightRoom_BuiltData' while loading E:/bewijzenmap/Eigen Projecten/EscapeRoom/Project/Content/Scenes/MeesLightRoom.umap.
[2018.12.19-11.14.13:408][478]LoadErrors: Error: /Game/Scenes/MeesLightRoom : Can't find file for asset. /Game/Scenes/MeesLightRoom_BuiltData
[2018.12.19-11.14.13:970][478]LogLinker: Warning: Can't find file '/Game/Scenes/MeesLightRoom_BuiltData'
[2018.12.19-11.14.13:970][478]LogLinker: Warning: Can't find file for asset '/Game/Scenes/MeesLightRoom_BuiltData' while loading E:/bewijzenmap/Eigen Projecten/EscapeRoom/Project/Content/Scenes/MeesLightRoom.umap.
[2018.12.19-11.14.14:080][478]LogLinker: Warning: Can't find file '/Game/Scenes/MeesLightRoom_BuiltData'
[2018.12.19-11.14.14:081][478]LogLinker: Warning: Can't find file for asset '/Game/Scenes/MeesLightRoom_BuiltData' while loading NULL.
[2018.12.19-11.14.14:081][478]LogLinker: Warning: Can't find file '/Game/Scenes/MeesLightRoom_BuiltData'
[2018.12.19-11.14.14:081][478]LogLinker: Warning: Can't find file for asset '/Game/Scenes/MeesLightRoom_BuiltData' while loading NULL.
[2018.12.19-11.14.14:105][478]LogLinker: Warning: Can't find file '/Game/Scenes/MeesLightRoom_BuiltData'
[2018.12.19-11.14.14:105][478]LoadErrors: Failed to load /Game/Scenes/MeesLightRoom_BuiltData.MeesLightRoom_BuiltData Referenced by PersistentLevel
[2018.12.19-11.14.14:105][478]LogLinker: Warning: Can't find file for asset '/Game/Scenes/MeesLightRoom_BuiltData' while loading NULL.
[2018.12.19-11.14.16:052][478]LogAIModule: Creating AISystem for world MeesLightRoom
[2018.12.19-11.14.16:066][478]LogAssetEditorManager: Opening Asset editor for World /Game/Scenes/MeesLightRoom.MeesLightRoom
[2018.12.19-11.14.16:103][478]Cmd: MAP LOAD FILE="E:/bewijzenmap/Eigen Projecten/EscapeRoom/Project/Content/Scenes/MeesLightRoom.umap" TEMPLATE=0 SHOWPROGRESS=1 FEATURELEVEL=3
[2018.12.19-11.14.16:103][478]LightingResults: New page: Lighting Build
[2018.12.19-11.14.16:104][478]LoadErrors: New page: Loading map: MeesLightRoom.umap
[2018.12.19-11.14.16:105][478]MapCheck: New page: Map Check
[2018.12.19-11.14.16:105][478]LightingResults: New page: Lighting Build
[2018.12.19-11.14.16:219][478]LogEditorServer: Finished looking for orphan Actors (0.000 secs)
[2018.12.19-11.14.16:270][478]Cmd: MAP CHECKDEP NOCLEARLOG
[2018.12.19-11.14.16:271][478]MapCheck: Map check complete: 0 Error(s), 0 Warning(s), took 1,462ms to complete.
[2018.12.19-11.14.16:272][478]LogFileHelpers: Loading map 'MeesLightRoom' took 0.169
[2018.12.19-11.14.21:273][766]LogSlate: FSceneViewport::OnFocusLost() reason 0
[2018.12.19-11.14.21:690][791]LogTemp: Repeating last play command: Selected Viewport
[2018.12.19-11.14.21:709][791]LogBlueprintUserMessages: Early PlayInEditor Detection: Level '/Game/Scenes/MeesLightRoom.MeesLightRoom:PersistentLevel' has LevelScriptBlueprint '/Game/Scenes/MeesLightRoom.MeesLightRoom:PersistentLevel.MeesLightRoom' with GeneratedClass '/Game/Scenes/MeesLightRoom.MeesLightRoom_C' with ClassGeneratedBy '/Game/Scenes/MeesLightRoom.MeesLightRoom:PersistentLevel.MeesLightRoom'
[2018.12.19-11.14.21:709][791]LogPlayLevel: PlayLevel: No blueprints needed recompiling
[2018.12.19-11.14.21:709][791]PIE: New page: PIE session: MeesLightRoom (19 dec. 2018 13:14:21)
[2018.12.19-11.14.21:722][791]LogPlayLevel: Creating play world package: /Game/Scenes/UEDPIE_0_MeesLightRoom
[2018.12.19-11.14.21:731][791]LogPlayLevel: PIE: StaticDuplicateObject took: (0.008465s)
[2018.12.19-11.14.21:731][791]LogAIModule: Creating AISystem for world MeesLightRoom
[2018.12.19-11.14.21:731][791]LogPlayLevel: PIE: World Init took: (0.000684s)
[2018.12.19-11.14.21:731][791]LogPlayLevel: PIE: Created PIE world by copying editor world from /Game/Scenes/MeesLightRoom.MeesLightRoom to /Game/Scenes/UEDPIE_0_MeesLightRoom.MeesLightRoom (0.009453s)
[2018.12.19-11.14.21:772][791]LogInit: XAudio2 using 'Luidsprekers (Realtek High Definition Audio(SST))' : 2 channels at 48 kHz using 32 bits per sample (channel mask 0x3)
[2018.12.19-11.14.21:793][791]LogInit: FAudioDevice initialized.
[2018.12.19-11.14.21:837][791]LogUObjectGlobals: Warning: Failed to find object 'Class None.'
[2018.12.19-11.14.21:837][791]LogLoad: Game class is 'GameModeBase'
[2018.12.19-11.14.21:860][791]LogWorld: Bringing World /Game/Scenes/UEDPIE_0_MeesLightRoom.MeesLightRoom up for play (max tick rate 60) at 2018.12.19-12.14.21
[2018.12.19-11.14.21:861][791]LogWorld: Bringing up level for play took: 0.007158
[2018.12.19-11.14.21:877][791]LogContentBrowser: Native class hierarchy updated for 'MovieSceneCapture' in 0.0003 seconds. Added 20 classes and 0 folders.
[2018.12.19-11.14.21:878][791]PIE: Play in editor start time for /Game/Scenes/UEDPIE_0_MeesLightRoom -0,589
[2018.12.19-11.14.21:879][791]LogBlueprintUserMessages: Late PlayInEditor Detection: Level '/Game/Scenes/MeesLightRoom.MeesLightRoom:PersistentLevel' has LevelScriptBlueprint '/Game/Scenes/MeesLightRoom.MeesLightRoom:PersistentLevel.MeesLightRoom' with GeneratedClass '/Game/Scenes/MeesLightRoom.MeesLightRoom_C' with ClassGeneratedBy '/Game/Scenes/MeesLightRoom.MeesLightRoom:PersistentLevel.MeesLightRoom'
[2018.12.19-11.14.26:855][ 71]LogBlueprintUserMessages: Early EndPlayMap Detection: Level '/Game/Scenes/MeesLightRoom.MeesLightRoom:PersistentLevel' has LevelScriptBlueprint '/Game/Scenes/MeesLightRoom.MeesLightRoom:PersistentLevel.MeesLightRoom' with GeneratedClass '/Game/Scenes/MeesLightRoom.MeesLightRoom_C' with ClassGeneratedBy '/Game/Scenes/MeesLightRoom.MeesLightRoom:PersistentLevel.MeesLightRoom'
[2018.12.19-11.14.26:855][ 71]LogSlate: Updating window title bar state: overlay mode, drag disabled, window buttons hidden, title bar hidden
[2018.12.19-11.14.26:895][ 71]LogPlayLevel: Display: Shutting down PIE online subsystems
[2018.12.19-11.14.26:896][ 71]LogBlueprintUserMessages: Late EndPlayMap Detection: Level '/Game/Scenes/MeesLightRoom.MeesLightRoom:PersistentLevel' has LevelScriptBlueprint '/Game/Scenes/MeesLightRoom.MeesLightRoom:PersistentLevel.MeesLightRoom' with GeneratedClass '/Game/Scenes/MeesLightRoom.MeesLightRoom_C' with ClassGeneratedBy '/Game/Scenes/MeesLightRoom.MeesLightRoom:PersistentLevel.MeesLightRoom'
[2018.12.19-11.14.26:924][ 71]LogSlate: Updating window title bar state: overlay mode, drag disabled, window buttons hidden, title bar hidden
[2018.12.19-11.14.27:003][ 72]LogPlayLevel: Display: Destroying online subsystem :Context_1
[2018.12.19-11.14.40:426][867]LogSlate: FSceneViewport::OnFocusLost() reason 0
[2018.12.19-11.14.40:509][872]LogTemp: Repeating last play command: Selected Viewport
[2018.12.19-11.14.40:525][872]LogBlueprintUserMessages: Early PlayInEditor Detection: Level '/Game/Scenes/MeesLightRoom.MeesLightRoom:PersistentLevel' has LevelScriptBlueprint '/Game/Scenes/MeesLightRoom.MeesLightRoom:PersistentLevel.MeesLightRoom' with GeneratedClass '/Game/Scenes/MeesLightRoom.MeesLightRoom_C' with ClassGeneratedBy '/Game/Scenes/MeesLightRoom.MeesLightRoom:PersistentLevel.MeesLightRoom'
[2018.12.19-11.14.40:525][872]LogPlayLevel: PlayLevel: No blueprints needed recompiling
[2018.12.19-11.14.40:525][872]PIE: New page: PIE session: MeesLightRoom (19 dec. 2018 13:14:40)
[2018.12.19-11.14.40:526][872]LogPlayLevel: Creating play world package: /Game/Scenes/UEDPIE_0_MeesLightRoom
[2018.12.19-11.14.40:534][872]LogPlayLevel: PIE: StaticDuplicateObject took: (0.008259s)
[2018.12.19-11.14.40:534][872]LogAIModule: Creating AISystem for world MeesLightRoom
[2018.12.19-11.14.40:535][872]LogPlayLevel: PIE: World Init took: (0.000707s)
[2018.12.19-11.14.40:535][872]LogPlayLevel: PIE: Created PIE world by copying editor world from /Game/Scenes/MeesLightRoom.MeesLightRoom to /Game/Scenes/UEDPIE_0_MeesLightRoom.MeesLightRoom (0.009173s)
[2018.12.19-11.14.40:565][872]LogInit: XAudio2 using 'Luidsprekers (Realtek High Definition Audio(SST))' : 2 channels at 48 kHz using 32 bits per sample (channel mask 0x3)
[2018.12.19-11.14.40:585][872]LogInit: FAudioDevice initialized.
[2018.12.19-11.14.40:624][872]LogUObjectGlobals: Warning: Failed to find object 'Class None.'
[2018.12.19-11.14.40:624][872]LogLoad: Game class is 'GameModeBase'
[2018.12.19-11.14.40:627][872]LogWorld: Bringing World /Game/Scenes/UEDPIE_0_MeesLightRoom.MeesLightRoom up for play (max tick rate 60) at 2018.12.19-12.14.40
[2018.12.19-11.14.40:627][872]LogWorld: Bringing up level for play took: 0.003907
[2018.12.19-11.14.40:641][872]PIE: Play in editor start time for /Game/Scenes/UEDPIE_0_MeesLightRoom 0,174
[2018.12.19-11.14.40:642][872]LogBlueprintUserMessages: Late PlayInEditor Detection: Level '/Game/Scenes/MeesLightRoom.MeesLightRoom:PersistentLevel' has LevelScriptBlueprint '/Game/Scenes/MeesLightRoom.MeesLightRoom:PersistentLevel.MeesLightRoom' with GeneratedClass '/Game/Scenes/MeesLightRoom.MeesLightRoom_C' with ClassGeneratedBy '/Game/Scenes/MeesLightRoom.MeesLightRoom:PersistentLevel.MeesLightRoom'
[2018.12.19-11.14.46:467][221]LogBlueprintUserMessages: Early EndPlayMap Detection: Level '/Game/Scenes/MeesLightRoom.MeesLightRoom:PersistentLevel' has LevelScriptBlueprint '/Game/Scenes/MeesLightRoom.MeesLightRoom:PersistentLevel.MeesLightRoom' with GeneratedClass '/Game/Scenes/MeesLightRoom.MeesLightRoom_C' with ClassGeneratedBy '/Game/Scenes/MeesLightRoom.MeesLightRoom:PersistentLevel.MeesLightRoom'
[2018.12.19-11.14.46:467][221]LogSlate: Updating window title bar state: overlay mode, drag disabled, window buttons hidden, title bar hidden
[2018.12.19-11.14.46:503][221]LogPlayLevel: Display: Shutting down PIE online subsystems
[2018.12.19-11.14.46:503][221]LogBlueprintUserMessages: Late EndPlayMap Detection: Level '/Game/Scenes/MeesLightRoom.MeesLightRoom:PersistentLevel' has LevelScriptBlueprint '/Game/Scenes/MeesLightRoom.MeesLightRoom:PersistentLevel.MeesLightRoom' with GeneratedClass '/Game/Scenes/MeesLightRoom.MeesLightRoom_C' with ClassGeneratedBy '/Game/Scenes/MeesLightRoom.MeesLightRoom:PersistentLevel.MeesLightRoom'
[2018.12.19-11.14.46:531][221]LogSlate: Updating window title bar state: overlay mode, drag disabled, window buttons hidden, title bar hidden
[2018.12.19-11.14.46:579][223]LogPlayLevel: Display: Destroying online subsystem :Context_2
[2018.12.19-11.14.49:556][400]LogSlate: FSceneViewport::OnFocusLost() reason 2
[2018.12.19-11.14.50:618][464]MapCheck: New page: Map Check
[2018.12.19-11.14.50:629][464]LogSlate: FSceneViewport::OnFocusLost() reason 2
[2018.12.19-11.14.50:642][464]LightingResults: New page: Lighting Build - 19 dec. 2018 13:14:50
[2018.12.19-11.14.50:838][464]LogSwarmInterface: [OpenConnection] Registering TCP channel ...
[2018.12.19-11.14.51:141][464]LogSwarmInterface: [OpenConnection] Connecting to agent ...
[2018.12.19-11.14.51:176][464]LogSwarmInterface: [TryOpenConnection] Testing the Agent
[2018.12.19-11.14.52:225][464]LogSwarmInterface: [TryOpenConnection] Opening Connection to Agent
[2018.12.19-11.14.52:226][464]LogSwarmInterface: [TryOpenConnection] Local Process ID is 8600
[2018.12.19-11.14.56:092][464]LogStaticLightingSystem: Warning: No importance volume found, so the scene bounding box was used.  You can optimize your scene's quality and lighting build times by adding importance volumes.
[2018.12.19-11.14.56:092][464]LogStaticLightingSystem: Running Lightmass w/ ImmediateImport mode ENABLED
[2018.12.19-11.14.56:092][464]LogStaticLightingSystem: Running Lightmass w/ ImmediateProcess mode ENABLED
[2018.12.19-11.14.56:092][464]LogStaticLightingSystem: Running Lightmass w/ Sorting mode ENABLED
[2018.12.19-11.14.56:092][464]LogStaticLightingSystem: Running Lightmass w/ Mapping paddings ENABLED
[2018.12.19-11.14.56:092][464]LogStaticLightingSystem: Running Lightmass w/ Mapping debug paddings DISABLED
[2018.12.19-11.14.56:276][464]LogEditorBuildUtils: Build time 0:05
[2018.12.19-11.15.12:534][554]LogSlate: FSceneViewport::OnFocusLost() reason 0
[2018.12.19-11.18.07:602][384]Job is a success!
[2018.12.19-11.18.07:705][386]LogVolumetricLightmapImport: Imported Volumetric Lightmap in 0.021s
[2018.12.19-11.18.07:705][386]LogVolumetricLightmapImport:      Indirection Texture 16x16x16 = 0.0Mb
[2018.12.19-11.18.07:705][386]LogVolumetricLightmapImport:      BrickData 70x5x5 = 0.1Mb (trimmed 0.0Mb due to 0.010000 MinBrickError)
[2018.12.19-11.18.07:705][386]LogVolumetricLightmapImport:      Bricks at Level
[2018.12.19-11.18.07:705][386]LogVolumetricLightmapImport:          0: 7.1% covering 100.0% of volume
[2018.12.19-11.18.07:705][386]LogVolumetricLightmapImport:          1: 7.1% covering 1.6% of volume
[2018.12.19-11.18.07:705][386]LogVolumetricLightmapImport:          2: 85.7% covering 0.3% of volume
[2018.12.19-11.18.09:683][386]LogTexture: Display: Building textures: HQ_Lightmap0_1 (AutoDXT, 1024X1024)
[2018.12.19-11.18.09:683][386]LogTexture: Display: Building textures: LQ_Lightmap_0_1 (DXT1, 1024X1024)
[2018.12.19-11.18.09:684][386]LogTexture: Display: Building textures: HQ_Lightmap0_2 (AutoDXT, 1024X1024)
[2018.12.19-11.18.09:684][386]LogTexture: Display: Building textures: LQ_Lightmap_0_2 (DXT1, 1024X1024)
[2018.12.19-11.18.09:684][386]LogTexture: Display: Building textures: HQ_Lightmap0_3 (AutoDXT, 1024X1024)
[2018.12.19-11.18.09:684][386]LogTexture: Display: Building textures: LQ_Lightmap_0_3 (DXT1, 1024X1024)
[2018.12.19-11.18.09:684][386]LogTexture: Display: Building textures: HQ_Lightmap0_4 (AutoDXT, 1024X1024)
[2018.12.19-11.18.09:684][386]LogTexture: Display: Building textures: LQ_Lightmap_0_4 (DXT1, 1024X1024)
[2018.12.19-11.18.09:684][386]LogTexture: Display: Building textures: HQ_Lightmap0_5 (AutoDXT, 1024X1024)
[2018.12.19-11.18.09:684][386]LogTexture: Display: Building textures: LQ_Lightmap_0_5 (DXT1, 1024X1024)
[2018.12.19-11.18.09:684][386]LogTexture: Display: Building textures: HQ_Lightmap0_6 (AutoDXT, 1024X1024)
[2018.12.19-11.18.09:684][386]LogTexture: Display: Building textures: LQ_Lightmap_0_6 (DXT1, 1024X1024)
[2018.12.19-11.18.09:684][386]LogTexture: Display: Building textures: HQ_Lightmap0_7 (AutoDXT, 1024X1024)
[2018.12.19-11.18.09:684][386]LogTexture: Display: Building textures: LQ_Lightmap_0_7 (DXT1, 1024X1024)
[2018.12.19-11.18.09:684][386]LogTexture: Display: Building textures: HQ_Lightmap0_8 (AutoDXT, 1024X1024)
[2018.12.19-11.18.09:684][386]LogTexture: Display: Building textures: LQ_Lightmap_0_8 (DXT1, 1024X1024)
[2018.12.19-11.18.09:684][386]LogTexture: Display: Building textures: HQ_Lightmap0_9 (AutoDXT, 1024X1024)
[2018.12.19-11.18.09:684][386]LogTexture: Display: Building textures: LQ_Lightmap_0_9 (DXT1, 1024X1024)
[2018.12.19-11.18.09:684][386]LogTexture: Display: Building textures: HQ_Lightmap0_10 (AutoDXT, 1024X1024)
[2018.12.19-11.18.09:684][386]LogTexture: Display: Building textures: LQ_Lightmap_0_10 (DXT1, 1024X1024)
[2018.12.19-11.18.09:684][386]LogTexture: Display: Building textures: HQ_Lightmap0_11 (AutoDXT, 1024X1024)
[2018.12.19-11.18.09:684][386]LogTexture: Display: Building textures: LQ_Lightmap_0_11 (DXT1, 1024X1024)
[2018.12.19-11.18.09:684][386]LogTexture: Display: Building textures: HQ_Lightmap0_12 (AutoDXT, 1024X1024)
[2018.12.19-11.18.09:684][386]LogTexture: Display: Building textures: LQ_Lightmap_0_12 (DXT1, 1024X1024)
[2018.12.19-11.18.09:684][386]LogTexture: Display: Building textures: HQ_Lightmap0_13 (AutoDXT, 512X512)
[2018.12.19-11.18.09:684][386]LogTexture: Display: Building textures: LQ_Lightmap_0_13 (DXT1, 512X512)
[2018.12.19-11.18.09:684][386]LogTexture: Display: Building textures: HQ_Lightmap0_14 (AutoDXT, 64X64)
[2018.12.19-11.18.09:684][386]LogTexture: Display: Building textures: LQ_Lightmap_0_14 (DXT1, 64X64)
[2018.12.19-11.18.10:283][386]LogTexture: Display: Building textures: ShadowMapTexture2D_1 (G8, 32X32)
[2018.12.19-11.18.10:322][386]LogTexture: Display: Building textures: ShadowMapTexture2D_0 (G8, 1024X512)
[2018.12.19-11.18.10:387][386]Lightmass on LAPTOP-JFEVN1I6: 3:12 min total, 436 ms importing, 52 ms setup, 24.9 sec photons, 2:46 min processing, 0 ms extra exporting [42/42 mappings]. Threads: 11:05 min total, 7:42 min processing.
[2018.12.19-11.18.10:431][386]LogStaticLightingSystem: Illumination: 3:19 min (1.72 sec encoding lightmaps, 635 ms encoding shadowmaps)
[2018.12.19-11.18.10:431][386]LogStaticLightingSystem: Lightmap texture memory:  24.5 MB (24.5 MB streaming, 0.0 MB non-streaming), 28 textures
[2018.12.19-11.18.10:431][386]LogStaticLightingSystem: Shadowmap texture memory: 0.7 MB (0.7 MB streaming, 0.0 MB non-streaming), 2 textures
[2018.12.19-11.18.11:216][386]DumpUnbuiltLightIteractions
[2018.12.19-11.18.11:216][386]Lights with unbuilt interactions: 0
[2018.12.19-11.18.11:216][386]
[2018.12.19-11.18.11:216][386]Primitives with unbuilt interactions: 0
[2018.12.19-11.18.11:222][386]LogSlate: FSceneViewport::OnFocusLost() reason 2
[2018.12.19-11.18.11:264][387]Cmd: MAP CHECK NOTIFYRESULTS
[2018.12.19-11.18.11:264][387]MapCheck: New page: MeesLightRoom - 19 dec. 2018 13:18:11
[2018.12.19-11.18.11:311][387]MapCheck: Map check complete: 0 Error(s), 0 Warning(s), took 47,034ms to complete.
[2018.12.19-11.18.20:815][949]LogEditorViewport: Clicking on Actor (LMB): DirectionalLight (Light Source)
[2018.12.19-11.18.27:282][316]LogSlate: FSceneViewport::OnFocusLost() reason 0
[2018.12.19-11.18.38:533][971]LogSlate: FSceneViewport::OnFocusLost() reason 2
[2018.12.19-11.18.38:554][971]Cmd: OBJ SAVEPACKAGE PACKAGE="/Game/Scenes/MeesLightRoom" FILE="E:/bewijzenmap/Eigen Projecten/EscapeRoom/Project/Content/Scenes/MeesLightRoom.umap" SILENT=true AUTOSAVING=false KEEPDIRTY=false
[2018.12.19-11.18.38:878][971]LogSavePackage: Moving 'E:/bewijzenmap/Eigen Projecten/EscapeRoom/Project/Saved/MeesLightRoom61B6423F4992343F216DBAA3505F64BE.tmp' to 'E:/bewijzenmap/Eigen Projecten/EscapeRoom/Project/Content/Scenes/MeesLightRoom.umap'
[2018.12.19-11.18.38:943][971]Cmd: OBJ SAVEPACKAGE PACKAGE="/Game/Scenes/MeesLightRoom_BuiltData" FILE="E:/bewijzenmap/Eigen Projecten/EscapeRoom/Project/Content/Scenes/MeesLightRoom_BuiltData.uasset" SILENT=true
[2018.12.19-11.18.40:368][971]LogSavePackage: Moving 'E:/bewijzenmap/Eigen Projecten/EscapeRoom/Project/Saved/MeesLightRoom_BuiltDataFF904C3E4B8E0E18B89549BF8B8D97D6.tmp' to 'E:/bewijzenmap/Eigen Projecten/EscapeRoom/Project/Content/Scenes/MeesLightRoom_BuiltData.uasset'
