Log file open, 12/11/18 13:52:09
LogWindows: Failed to load 'aqProf.dll' (GetLastError=126)
LogWindows: File 'aqProf.dll' does not exist
LogWindows: Failed to load 'VtuneApi.dll' (GetLastError=126)
LogWindows: File 'VtuneApi.dll' does not exist
LogWindows: Failed to load 'VtuneApi32e.dll' (GetLastError=126)
LogWindows: File 'VtuneApi32e.dll' does not exist
LogConsoleResponse: Display: Failed to find resolution value strings in scalability ini. Falling back to default.
LogInit: Display: Running engine for game: Project
LogPakFile: Registered encryption key '00000000000000000000000000000000': 0 pak files mounted, 0 remain pending
LogPlatformFile: Not using cached read wrapper
LogTaskGraph: Started task graph with 5 named threads and 23 total threads with 3 sets of task threads.
LogStats: Stats thread started at 0.290218
LogD3D11RHI: Loaded GFSDK_Aftermath_Lib.x64.dll
LogICUInternationalization: ICU TimeZone Detection - Raw Offset: +1:00, Platform Override: ''
LogPluginManager: Mounting plugin Paper2D
LogPluginManager: Mounting plugin AISupport
LogPluginManager: Mounting plugin LightPropagationVolume
LogPluginManager: Mounting plugin ActorLayerUtilities
LogPluginManager: Mounting plugin CLionSourceCodeAccess
LogPluginManager: Mounting plugin CodeLiteSourceCodeAccess
LogPluginManager: Mounting plugin GitSourceControl
LogPluginManager: Mounting plugin KDevelopSourceCodeAccess
LogPluginManager: Mounting plugin NullSourceCodeAccess
LogPluginManager: Mounting plugin PerforceSourceControl
LogPluginManager: Mounting plugin SubversionSourceControl
LogPluginManager: Mounting plugin UObjectPlugin
LogPluginManager: Mounting plugin VisualStudioCodeSourceCodeAccess
LogPluginManager: Mounting plugin VisualStudioSourceCodeAccess
LogPluginManager: Mounting plugin XCodeSourceCodeAccess
LogPluginManager: Mounting plugin AssetManagerEditor
LogPluginManager: Mounting plugin CryptoKeys
LogPluginManager: Mounting plugin DataValidation
LogPluginManager: Mounting plugin FacialAnimation
LogPluginManager: Mounting plugin GameplayTagsEditor
LogPluginManager: Mounting plugin MacGraphicsSwitching
LogPluginManager: Mounting plugin MeshEditor
LogPluginManager: Mounting plugin MobileLauncherProfileWizard
LogPluginManager: Mounting plugin PluginBrowser
LogPluginManager: Mounting plugin SpeedTreeImporter
LogPluginManager: Mounting plugin DatasmithContent
LogPluginManager: Mounting plugin VariantManagerContent
LogPluginManager: Mounting plugin AlembicImporter
LogPluginManager: Mounting plugin AppleImageUtils
LogPluginManager: Mounting plugin AppleVision
LogPluginManager: Mounting plugin BackChannel
LogPluginManager: Mounting plugin CharacterAI
LogPluginManager: Mounting plugin GeometryCache
LogPluginManager: Mounting plugin HTML5Networking
LogPluginManager: Mounting plugin ProxyLODPlugin
LogPluginManager: Mounting plugin MagicLeap
LogPluginManager: Mounting plugin MagicLeapMedia
LogPluginManager: Mounting plugin AndroidMedia
LogPluginManager: Mounting plugin AvfMedia
LogPluginManager: Mounting plugin ImgMedia
LogPluginManager: Mounting plugin LinearTimecode
LogPluginManager: Mounting plugin MediaCompositing
LogPluginManager: Mounting plugin MediaPlayerEditor
LogPluginManager: Mounting plugin WebMMedia
LogPluginManager: Mounting plugin WmfMedia
LogPluginManager: Mounting plugin TcpMessaging
LogPluginManager: Mounting plugin UdpMessaging
LogPluginManager: Mounting plugin ActorSequence
LogPluginManager: Mounting plugin LevelSequenceEditor
LogPluginManager: Mounting plugin MatineeToLevelSequence
LogPluginManager: Mounting plugin NetcodeUnitTest
LogPluginManager: Mounting plugin NUTUnrealEngine4
LogPluginManager: Mounting plugin OnlineSubsystemGooglePlay
LogPluginManager: Mounting plugin OnlineSubsystemIOS
LogPluginManager: Mounting plugin OnlineSubsystem
LogPluginManager: Mounting plugin OnlineSubsystemNull
LogPluginManager: Mounting plugin OnlineSubsystemUtils
LogPluginManager: Mounting plugin LauncherChunkInstaller
LogPluginManager: Mounting plugin AndroidDeviceProfileSelector
LogPluginManager: Mounting plugin AndroidMoviePlayer
LogPluginManager: Mounting plugin AndroidPermission
LogPluginManager: Mounting plugin AppleMoviePlayer
LogPluginManager: Mounting plugin ArchVisCharacter
LogPluginManager: Mounting plugin AudioCapture
LogPluginManager: Mounting plugin CableComponent
LogPluginManager: Mounting plugin CustomMeshComponent
LogPluginManager: Mounting plugin EditableMesh
LogPluginManager: Mounting plugin ExampleDeviceProfileSelector
LogPluginManager: Mounting plugin Firebase
LogPluginManager: Mounting plugin GoogleCloudMessaging
LogPluginManager: Mounting plugin IOSDeviceProfileSelector
LogPluginManager: Mounting plugin LinuxDeviceProfileSelector
LogPluginManager: Mounting plugin LocationServicesBPLibrary
LogPluginManager: Mounting plugin MobilePatchingUtils
LogPluginManager: Mounting plugin OculusVR
LogPluginManager: Mounting plugin PhysXVehicles
LogPluginManager: Mounting plugin ProceduralMeshComponent
LogPluginManager: Mounting plugin RuntimePhysXCooking
LogPluginManager: Mounting plugin SteamVR
LogPluginManager: Mounting plugin WebMMoviePlayer
LogPluginManager: Mounting plugin WindowsMoviePlayer
LogStreaming: Display: Took  0.156s to configure plugins.
LogInit: Using libcurl 7.55.1-DEV
LogInit:  - built for x86_64-pc-win32
LogInit:  - supports SSL with OpenSSL/1.0.2h
LogInit:  - supports HTTP deflate (compression) using libz 1.2.8
LogInit:  - other features:
LogInit:      CURL_VERSION_SSL
LogInit:      CURL_VERSION_LIBZ
LogInit:      CURL_VERSION_IPV6
LogInit:      CURL_VERSION_ASYNCHDNS
LogInit:      CURL_VERSION_LARGEFILE
LogInit:      CURL_VERSION_IDN
LogInit:  CurlRequestOptions (configurable via config and command line):
LogInit:  - bVerifyPeer = true  - Libcurl will verify peer certificate
LogInit:  - bUseHttpProxy = false  - Libcurl will NOT use HTTP proxy
LogInit:  - bDontReuseConnections = false  - Libcurl will reuse connections
LogInit:  - MaxHostConnections = 16  - Libcurl will limit the number of connections to a host
LogInit:  - LocalHostAddr = Default
LogInit:  - BufferSize = 65536
LogInit: WinSock: version 1.1 (2.2), MaxSocks=32767, MaxUdp=65467
LogInit: Build: ++UE4+Release-4.21-CL-4541578
LogInit: Engine Version: 4.21.0-4541578+++UE4+Release-4.21
LogInit: Compatible Engine Version: 4.21.0-4541578+++UE4+Release-4.21
LogInit: Net CL: 4541578
LogInit: OS: Windows 10 (), CPU: Intel(R) Core(TM) i7-7700HQ CPU @ 2.80GHz, GPU: Intel(R) HD Graphics 630
LogInit: Compiled (64-bit): Nov  6 2018 02:04:24
LogInit: Compiled with Visual C++: 19.13.26129.00
LogInit: Build Configuration: Development
LogInit: Branch Name: ++UE4+Release-4.21
LogInit: Command Line: 
LogInit: Base Directory: C:/Program Files/Epic Games/UE_4.21/Engine/Binaries/Win64/
LogInit: Installed Engine Build: 1
LogDevObjectVersion: Number of dev versions registered: 22
LogDevObjectVersion:   Dev-Blueprints (B0D832E4-1F89-4F0D-ACCF-7EB736FD4AA2): 10
LogDevObjectVersion:   Dev-Build (E1C64328-A22C-4D53-A36C-8E866417BD8C): 0
LogDevObjectVersion:   Dev-Core (375EC13C-06E4-48FB-B500-84F0262A717E): 2
LogDevObjectVersion:   Dev-Editor (E4B068ED-F494-42E9-A231-DA0B2E46BB41): 26
LogDevObjectVersion:   Dev-Framework (CFFC743F-43B0-4480-9391-14DF171D2073): 34
LogDevObjectVersion:   Dev-Mobile (B02B49B5-BB20-44E9-A304-32B752E40360): 2
LogDevObjectVersion:   Dev-Networking (A4E4105C-59A1-49B5-A7C5-40C4547EDFEE): 0
LogDevObjectVersion:   Dev-Online (39C831C9-5AE6-47DC-9A44-9C173E1C8E7C): 0
LogDevObjectVersion:   Dev-Physics (78F01B33-EBEA-4F98-B9B4-84EACCB95AA2): 0
LogDevObjectVersion:   Dev-Platform (6631380F-2D4D-43E0-8009-CF276956A95A): 0
LogDevObjectVersion:   Dev-Rendering (12F88B9F-8875-4AFC-A67C-D90C383ABD29): 27
LogDevObjectVersion:   Dev-Sequencer (7B5AE74C-D270-4C10-A958-57980B212A5A): 9
LogDevObjectVersion:   Dev-VR (D7296918-1DD6-4BDD-9DE2-64A83CC13884): 2
LogDevObjectVersion:   Dev-LoadTimes (C2A15278-BFE7-4AFE-6C17-90FF531DF755): 1
LogDevObjectVersion:   Private-Geometry (6EACA3D4-40EC-4CC1-B786-8BED09428FC5): 3
LogDevObjectVersion:   Dev-AnimPhys (29E575DD-E0A3-4627-9D10-D276232CDCEA): 17
LogDevObjectVersion:   Dev-Anim (AF43A65D-7FD3-4947-9873-3E8ED9C1BB05): 2
LogDevObjectVersion:   Dev-ReflectionCapture (6B266CEC-1EC7-4B8F-A30B-E4D90942FC07): 1
LogDevObjectVersion:   Dev-Automation (0DF73D61-A23F-47EA-B727-89E90C41499A): 1
LogDevObjectVersion:   FortniteMain (601D1886-AC64-4F84-AA16-D3DE0DEAC7D6): 17
LogDevObjectVersion:   Dev-Enterprise (9DFFBCD6-494F-0158-E221-12823C92A888): 4
LogDevObjectVersion:   Dev-Niagara (F2AED0AC-9AFE-416F-8664-AA7FFA26D6FC): 1
LogStreaming: Display: Took  0.001s to delete old logs.
LogInit: Presizing for max 8388607 objects, including 0 objects not considered by GC, pre-allocating 0 bytes for permanent pool.
LogInit: Object subsystem initialized
LogConfig: Setting CVar [[con.DebugEarlyDefault:1]]
LogConfig: Setting CVar [[r.setres:1280x720]]
[2018.12.11-12.52.09:469][  0]LogConfig: Setting CVar [[r.VSync:0]]
[2018.12.11-12.52.09:469][  0]LogConfig: Setting CVar [[r.RHICmdBypass:0]]
[2018.12.11-12.52.09:469][  0]LogConfig: Applying CVar settings from Section [/Script/Engine.RendererSettings] File [D:/EscapeRoom/Project/Saved/Config/Windows/Engine.ini]
[2018.12.11-12.52.09:469][  0]LogConfig: Setting CVar [[r.GPUCrashDebugging:0]]
[2018.12.11-12.52.09:469][  0]LogConfig: Setting CVar [[r.DefaultFeature.AmbientOcclusion:0]]
[2018.12.11-12.52.09:469][  0]LogConfig: Setting CVar [[r.DefaultFeature.AmbientOcclusionStaticFraction:0]]
[2018.12.11-12.52.09:469][  0]LogConfig: Setting CVar [[vr.InstancedStereo:1]]
[2018.12.11-12.52.09:469][  0]LogConfig: Setting CVar [[r.SeparateTranslucency:0]]
[2018.12.11-12.52.09:469][  0]LogConfig: Setting CVar [[r.HZBOcclusion:0]]
[2018.12.11-12.52.09:469][  0]LogConfig: Setting CVar [[r.SSR.MaxRoughness:0]]
[2018.12.11-12.52.09:469][  0]LogConfig: Setting CVar [[r.rhicmdbypass:0]]
[2018.12.11-12.52.09:469][  0]LogConfig: Applying CVar settings from Section [/Script/Engine.RendererOverrideSettings] File [D:/EscapeRoom/Project/Saved/Config/Windows/Engine.ini]
[2018.12.11-12.52.09:469][  0]LogConfig: Applying CVar settings from Section [/Script/Engine.StreamingSettings] File [D:/EscapeRoom/Project/Saved/Config/Windows/Engine.ini]
[2018.12.11-12.52.09:469][  0]LogConfig: Setting CVar [[s.MinBulkDataSizeForAsyncLoading:131072]]
[2018.12.11-12.52.09:469][  0]LogConfig: Setting CVar [[s.AsyncLoadingThreadEnabled:0]]
[2018.12.11-12.52.09:469][  0]LogConfig: Setting CVar [[s.EventDrivenLoaderEnabled:1]]
[2018.12.11-12.52.09:469][  0]LogConfig: Setting CVar [[s.WarnIfTimeLimitExceeded:0]]
[2018.12.11-12.52.09:469][  0]LogConfig: Setting CVar [[s.TimeLimitExceededMultiplier:1.5]]
[2018.12.11-12.52.09:469][  0]LogConfig: Setting CVar [[s.TimeLimitExceededMinTime:0.005]]
[2018.12.11-12.52.09:469][  0]LogConfig: Setting CVar [[s.UseBackgroundLevelStreaming:1]]
[2018.12.11-12.52.09:469][  0]LogConfig: Setting CVar [[s.PriorityAsyncLoadingExtraTime:15.0]]
[2018.12.11-12.52.09:469][  0]LogConfig: Setting CVar [[s.LevelStreamingActorsUpdateTimeLimit:5.0]]
[2018.12.11-12.52.09:469][  0]LogConfig: Setting CVar [[s.PriorityLevelStreamingActorsUpdateExtraTime:5.0]]
[2018.12.11-12.52.09:469][  0]LogConfig: Setting CVar [[s.LevelStreamingComponentsRegistrationGranularity:10]]
[2018.12.11-12.52.09:470][  0]LogConfig: Setting CVar [[s.UnregisterComponentsTimeLimit:1.0]]
[2018.12.11-12.52.09:470][  0]LogConfig: Setting CVar [[s.LevelStreamingComponentsUnregistrationGranularity:5]]
[2018.12.11-12.52.09:470][  0]LogConfig: Applying CVar settings from Section [/Script/Engine.GarbageCollectionSettings] File [D:/EscapeRoom/Project/Saved/Config/Windows/Engine.ini]
[2018.12.11-12.52.09:470][  0]LogConfig: Setting CVar [[gc.MaxObjectsNotConsideredByGC:1]]
[2018.12.11-12.52.09:470][  0]LogConfig: Setting CVar [[gc.SizeOfPermanentObjectPool:0]]
[2018.12.11-12.52.09:470][  0]LogConfig: Setting CVar [[gc.FlushStreamingOnGC:0]]
[2018.12.11-12.52.09:470][  0]LogConfig: Setting CVar [[gc.NumRetriesBeforeForcingGC:10]]
[2018.12.11-12.52.09:470][  0]LogConfig: Setting CVar [[gc.AllowParallelGC:1]]
[2018.12.11-12.52.09:470][  0]LogConfig: Setting CVar [[gc.TimeBetweenPurgingPendingKillObjects:61.1]]
[2018.12.11-12.52.09:470][  0]LogConfig: Setting CVar [[gc.MaxObjectsInEditor:8388607]]
[2018.12.11-12.52.09:470][  0]LogConfig: Setting CVar [[gc.IncrementalBeginDestroyEnabled:1]]
[2018.12.11-12.52.09:470][  0]LogConfig: Setting CVar [[gc.CreateGCClusters:1]]
[2018.12.11-12.52.09:470][  0]LogConfig: Setting CVar [[gc.MergeGCClusters:0]]
[2018.12.11-12.52.09:470][  0]LogConfig: Setting CVar [[gc.MinGCClusterSize:5]]
[2018.12.11-12.52.09:470][  0]LogConfig: Setting CVar [[gc.ActorClusteringEnabled:0]]
[2018.12.11-12.52.09:470][  0]LogConfig: Setting CVar [[gc.BlueprintClusteringEnabled:0]]
[2018.12.11-12.52.09:470][  0]LogConfig: Setting CVar [[gc.UseDisregardForGCOnDedicatedServers:0]]
[2018.12.11-12.52.09:470][  0]LogConfig: Applying CVar settings from Section [/Script/Engine.NetworkSettings] File [D:/EscapeRoom/Project/Saved/Config/Windows/Engine.ini]
[2018.12.11-12.52.09:470][  0]LogConfig: Applying CVar settings from Section [/Script/UnrealEd.CookerSettings] File [D:/EscapeRoom/Project/Saved/Config/Windows/Engine.ini]
[2018.12.11-12.52.09:473][  0]LogConfig: Applying CVar settings from Section [ViewDistanceQuality@3] File [D:/EscapeRoom/Project/Saved/Config/Windows/Scalability.ini]
[2018.12.11-12.52.09:473][  0]LogConfig: Setting CVar [[r.SkeletalMeshLODBias:0]]
[2018.12.11-12.52.09:473][  0]LogConfig: Setting CVar [[r.ViewDistanceScale:1.0]]
[2018.12.11-12.52.09:473][  0]LogConfig: Applying CVar settings from Section [AntiAliasingQuality@3] File [D:/EscapeRoom/Project/Saved/Config/Windows/Scalability.ini]
[2018.12.11-12.52.09:473][  0]LogConfig: Setting CVar [[r.PostProcessAAQuality:3]]
[2018.12.11-12.52.09:473][  0]LogConfig: Applying CVar settings from Section [ShadowQuality@3] File [D:/EscapeRoom/Project/Saved/Config/Windows/Scalability.ini]
[2018.12.11-12.52.09:473][  0]LogConfig: Setting CVar [[r.LightFunctionQuality:1]]
[2018.12.11-12.52.09:473][  0]LogConfig: Setting CVar [[r.ShadowQuality:5]]
[2018.12.11-12.52.09:473][  0]LogConfig: Setting CVar [[r.Shadow.CSM.MaxCascades:10]]
[2018.12.11-12.52.09:473][  0]LogConfig: Setting CVar [[r.Shadow.MaxResolution:2048]]
[2018.12.11-12.52.09:473][  0]LogConfig: Setting CVar [[r.Shadow.MaxCSMResolution:2048]]
[2018.12.11-12.52.09:473][  0]LogConfig: Setting CVar [[r.Shadow.RadiusThreshold:0.01]]
[2018.12.11-12.52.09:473][  0]LogConfig: Setting CVar [[r.Shadow.DistanceScale:1.0]]
[2018.12.11-12.52.09:473][  0]LogConfig: Setting CVar [[r.Shadow.CSM.TransitionScale:1.0]]
[2018.12.11-12.52.09:473][  0]LogConfig: Setting CVar [[r.Shadow.PreShadowResolutionFactor:1.0]]
[2018.12.11-12.52.09:473][  0]LogConfig: Setting CVar [[r.DistanceFieldShadowing:1]]
[2018.12.11-12.52.09:473][  0]LogConfig: Setting CVar [[r.DistanceFieldAO:1]]
[2018.12.11-12.52.09:473][  0]LogConfig: Setting CVar [[r.AOQuality:2]]
[2018.12.11-12.52.09:473][  0]LogConfig: Setting CVar [[r.VolumetricFog:1]]
[2018.12.11-12.52.09:473][  0]LogConfig: Setting CVar [[r.VolumetricFog.GridPixelSize:8]]
[2018.12.11-12.52.09:473][  0]LogConfig: Setting CVar [[r.VolumetricFog.GridSizeZ:128]]
[2018.12.11-12.52.09:473][  0]LogConfig: Setting CVar [[r.VolumetricFog.HistoryMissSupersampleCount:4]]
[2018.12.11-12.52.09:473][  0]LogConfig: Setting CVar [[r.LightMaxDrawDistanceScale:1]]
[2018.12.11-12.52.09:473][  0]LogConfig: Setting CVar [[r.CapsuleShadows:1]]
[2018.12.11-12.52.09:473][  0]LogConfig: Applying CVar settings from Section [PostProcessQuality@3] File [D:/EscapeRoom/Project/Saved/Config/Windows/Scalability.ini]
[2018.12.11-12.52.09:473][  0]LogConfig: Setting CVar [[r.MotionBlurQuality:0]]
[2018.12.11-12.52.09:473][  0]LogConfig: Setting CVar [[r.AmbientOcclusionMipLevelFactor:0.4]]
[2018.12.11-12.52.09:473][  0]LogConfig: Setting CVar [[r.AmbientOcclusionMaxQuality:100]]
[2018.12.11-12.52.09:473][  0]LogConfig: Setting CVar [[r.AmbientOcclusionLevels:0]]
[2018.12.11-12.52.09:473][  0]LogConfig: Setting CVar [[r.AmbientOcclusionRadiusScale:1.0]]
[2018.12.11-12.52.09:473][  0]LogConfig: Setting CVar [[r.DepthOfFieldQuality:0]]
[2018.12.11-12.52.09:473][  0]LogConfig: Setting CVar [[r.RenderTargetPoolMin:400]]
[2018.12.11-12.52.09:473][  0]LogConfig: Setting CVar [[r.LensFlareQuality:0]]
[2018.12.11-12.52.09:473][  0]LogConfig: Setting CVar [[r.SceneColorFringeQuality:0]]
[2018.12.11-12.52.09:473][  0]LogConfig: Setting CVar [[r.EyeAdaptationQuality:2]]
[2018.12.11-12.52.09:473][  0]LogConfig: Setting CVar [[r.BloomQuality:1]]
[2018.12.11-12.52.09:473][  0]LogConfig: Setting CVar [[r.FastBlurThreshold:0]]
[2018.12.11-12.52.09:473][  0]LogConfig: Setting CVar [[r.Upscale.Quality:3]]
[2018.12.11-12.52.09:473][  0]LogConfig: Setting CVar [[r.Tonemapper.GrainQuantization:1]]
[2018.12.11-12.52.09:473][  0]LogConfig: Setting CVar [[r.LightShaftQuality:1]]
[2018.12.11-12.52.09:473][  0]LogConfig: Setting CVar [[r.Filter.SizeScale:1]]
[2018.12.11-12.52.09:473][  0]LogConfig: Setting CVar [[r.Tonemapper.Quality:5]]
[2018.12.11-12.52.09:473][  0]LogConfig: Setting CVar [[r.DOF.Gather.AccumulatorQuality:1        ; higher gathering accumulator quality]]
[2018.12.11-12.52.09:473][  0]LogConfig: Setting CVar [[r.DOF.Gather.PostfilterMethod:1          ; Median3x3 postfilering method]]
[2018.12.11-12.52.09:473][  0]LogConfig: Setting CVar [[r.DOF.Gather.EnableBokehSettings:0       ; no bokeh simulation when gathering]]
[2018.12.11-12.52.09:473][  0]LogConfig: Setting CVar [[r.DOF.Gather.RingCount:4                 ; medium number of samples when gathering]]
[2018.12.11-12.52.09:473][  0]LogConfig: Setting CVar [[r.DOF.Scatter.ForegroundCompositing:1    ; additive foreground scattering]]
[2018.12.11-12.52.09:473][  0]LogConfig: Setting CVar [[r.DOF.Scatter.BackgroundCompositing:2    ; additive background scattering]]
[2018.12.11-12.52.09:473][  0]LogConfig: Setting CVar [[r.DOF.Scatter.EnableBokehSettings:1      ; bokeh simulation when scattering]]
[2018.12.11-12.52.09:473][  0]LogConfig: Setting CVar [[r.DOF.Scatter.MaxSpriteRatio:0.1         ; only a maximum of 10% of scattered bokeh]]
[2018.12.11-12.52.09:473][  0]LogConfig: Setting CVar [[r.DOF.Recombine.Quality:1                ; cheap slight out of focus]]
[2018.12.11-12.52.09:473][  0]LogConfig: Setting CVar [[r.DOF.Recombine.EnableBokehSettings:0    ; no bokeh simulation on slight out of focus]]
[2018.12.11-12.52.09:473][  0]LogConfig: Setting CVar [[r.DOF.TemporalAAQuality:1                ; more stable temporal accumulation]]
[2018.12.11-12.52.09:473][  0]LogConfig: Setting CVar [[r.DOF.Kernel.MaxForegroundRadius:0.025]]
[2018.12.11-12.52.09:473][  0]LogConfig: Setting CVar [[r.DOF.Kernel.MaxBackgroundRadius:0.025]]
[2018.12.11-12.52.09:473][  0]LogConfig: Applying CVar settings from Section [TextureQuality@3] File [D:/EscapeRoom/Project/Saved/Config/Windows/Scalability.ini]
[2018.12.11-12.52.09:473][  0]LogConfig: Setting CVar [[r.Streaming.MipBias:0]]
[2018.12.11-12.52.09:473][  0]LogConfig: Setting CVar [[r.Streaming.AmortizeCPUToGPUCopy:0]]
[2018.12.11-12.52.09:473][  0]LogConfig: Setting CVar [[r.Streaming.MaxNumTexturesToStreamPerFrame:0]]
[2018.12.11-12.52.09:473][  0]LogConfig: Setting CVar [[r.Streaming.Boost:1]]
[2018.12.11-12.52.09:473][  0]LogConfig: Setting CVar [[r.MaxAnisotropy:8]]
[2018.12.11-12.52.09:473][  0]LogConfig: Setting CVar [[r.Streaming.LimitPoolSizeToVRAM:0]]
[2018.12.11-12.52.09:473][  0]LogConfig: Setting CVar [[r.Streaming.PoolSize:1000]]
[2018.12.11-12.52.09:473][  0]LogConfig: Setting CVar [[r.Streaming.MaxEffectiveScreenSize:0]]
[2018.12.11-12.52.09:473][  0]LogConfig: Applying CVar settings from Section [EffectsQuality@3] File [D:/EscapeRoom/Project/Saved/Config/Windows/Scalability.ini]
[2018.12.11-12.52.09:473][  0]LogConfig: Setting CVar [[r.TranslucencyLightingVolumeDim:4]]
[2018.12.11-12.52.09:473][  0]LogConfig: Setting CVar [[r.RefractionQuality:2]]
[2018.12.11-12.52.09:473][  0]LogConfig: Setting CVar [[r.SSR.Quality:0]]
[2018.12.11-12.52.09:473][  0]LogConfig: Setting CVar [[r.SceneColorFormat:2]]
[2018.12.11-12.52.09:473][  0]LogConfig: Setting CVar [[r.DetailMode:2]]
[2018.12.11-12.52.09:473][  0]LogConfig: Setting CVar [[r.TranslucencyVolumeBlur:0]]
[2018.12.11-12.52.09:473][  0]LogConfig: Setting CVar [[r.MaterialQualityLevel:1 ; High quality]]
[2018.12.11-12.52.09:473][  0]LogConfig: Setting CVar [[r.SSS.Scale:1]]
[2018.12.11-12.52.09:473][  0]LogConfig: Setting CVar [[r.SSS.SampleSet:2]]
[2018.12.11-12.52.09:473][  0]LogConfig: Setting CVar [[r.SSS.Quality:1]]
[2018.12.11-12.52.09:473][  0]LogConfig: Setting CVar [[r.SSS.HalfRes:1]]
[2018.12.11-12.52.09:474][  0]LogConfig: Setting CVar [[r.EmitterSpawnRateScale:1.0]]
[2018.12.11-12.52.09:474][  0]LogConfig: Setting CVar [[r.ParticleLightQuality:2]]
[2018.12.11-12.52.09:474][  0]LogConfig: Applying CVar settings from Section [FoliageQuality@3] File [D:/EscapeRoom/Project/Saved/Config/Windows/Scalability.ini]
[2018.12.11-12.52.09:474][  0]LogConfig: Setting CVar [[foliage.DensityScale:1.0]]
[2018.12.11-12.52.09:474][  0]LogConfig: Setting CVar [[grass.DensityScale:1.0]]
[2018.12.11-12.52.09:474][  0]LogInit: Selected Device Profile: [Windows]
[2018.12.11-12.52.09:474][  0]LogInit: Applying CVar settings loaded from the selected device profile: [Windows]
[2018.12.11-12.52.09:491][  0]LogHAL: Display: Platform has ~ 8 GB [8429789184 / 8589934592 / 8], which maps to Default [LargestMinGB=32, LargerMinGB=12, DefaultMinGB=8, SmallerMinGB=6, SmallestMinGB=0)
[2018.12.11-12.52.09:491][  0]LogConfig: Setting CVar [[r.Vulkan.UseRealUBs:1]]
[2018.12.11-12.52.09:491][  0]LogInit: Going up to parent DeviceProfile []
[2018.12.11-12.52.09:491][  0]LogConfig: Applying CVar settings from Section [ViewDistanceQuality@3] File [D:/EscapeRoom/Project/Saved/Config/Windows/Scalability.ini]
[2018.12.11-12.52.09:491][  0]LogConfig: Setting CVar [[r.SkeletalMeshLODBias:0]]
[2018.12.11-12.52.09:491][  0]LogConfig: Setting CVar [[r.ViewDistanceScale:1.0]]
[2018.12.11-12.52.09:491][  0]LogConfig: Applying CVar settings from Section [AntiAliasingQuality@3] File [D:/EscapeRoom/Project/Saved/Config/Windows/Scalability.ini]
[2018.12.11-12.52.09:491][  0]LogConfig: Setting CVar [[r.PostProcessAAQuality:3]]
[2018.12.11-12.52.09:491][  0]LogConfig: Applying CVar settings from Section [ShadowQuality@3] File [D:/EscapeRoom/Project/Saved/Config/Windows/Scalability.ini]
[2018.12.11-12.52.09:491][  0]LogConfig: Setting CVar [[r.LightFunctionQuality:1]]
[2018.12.11-12.52.09:491][  0]LogConfig: Setting CVar [[r.ShadowQuality:5]]
[2018.12.11-12.52.09:491][  0]LogConfig: Setting CVar [[r.Shadow.CSM.MaxCascades:10]]
[2018.12.11-12.52.09:491][  0]LogConfig: Setting CVar [[r.Shadow.MaxResolution:2048]]
[2018.12.11-12.52.09:491][  0]LogConfig: Setting CVar [[r.Shadow.MaxCSMResolution:2048]]
[2018.12.11-12.52.09:491][  0]LogConfig: Setting CVar [[r.Shadow.RadiusThreshold:0.01]]
[2018.12.11-12.52.09:491][  0]LogConfig: Setting CVar [[r.Shadow.DistanceScale:1.0]]
[2018.12.11-12.52.09:491][  0]LogConfig: Setting CVar [[r.Shadow.CSM.TransitionScale:1.0]]
[2018.12.11-12.52.09:491][  0]LogConfig: Setting CVar [[r.Shadow.PreShadowResolutionFactor:1.0]]
[2018.12.11-12.52.09:491][  0]LogConfig: Setting CVar [[r.DistanceFieldShadowing:1]]
[2018.12.11-12.52.09:491][  0]LogConfig: Setting CVar [[r.DistanceFieldAO:1]]
[2018.12.11-12.52.09:491][  0]LogConfig: Setting CVar [[r.AOQuality:2]]
[2018.12.11-12.52.09:491][  0]LogConfig: Setting CVar [[r.VolumetricFog:1]]
[2018.12.11-12.52.09:491][  0]LogConfig: Setting CVar [[r.VolumetricFog.GridPixelSize:8]]
[2018.12.11-12.52.09:491][  0]LogConfig: Setting CVar [[r.VolumetricFog.GridSizeZ:128]]
[2018.12.11-12.52.09:491][  0]LogConfig: Setting CVar [[r.VolumetricFog.HistoryMissSupersampleCount:4]]
[2018.12.11-12.52.09:491][  0]LogConfig: Setting CVar [[r.LightMaxDrawDistanceScale:1]]
[2018.12.11-12.52.09:491][  0]LogConfig: Setting CVar [[r.CapsuleShadows:1]]
[2018.12.11-12.52.09:491][  0]LogConfig: Applying CVar settings from Section [PostProcessQuality@3] File [D:/EscapeRoom/Project/Saved/Config/Windows/Scalability.ini]
[2018.12.11-12.52.09:491][  0]LogConfig: Setting CVar [[r.MotionBlurQuality:0]]
[2018.12.11-12.52.09:491][  0]LogConfig: Setting CVar [[r.AmbientOcclusionMipLevelFactor:0.4]]
[2018.12.11-12.52.09:491][  0]LogConfig: Setting CVar [[r.AmbientOcclusionMaxQuality:100]]
[2018.12.11-12.52.09:491][  0]LogConfig: Setting CVar [[r.AmbientOcclusionLevels:0]]
[2018.12.11-12.52.09:491][  0]LogConfig: Setting CVar [[r.AmbientOcclusionRadiusScale:1.0]]
[2018.12.11-12.52.09:491][  0]LogConfig: Setting CVar [[r.DepthOfFieldQuality:0]]
[2018.12.11-12.52.09:491][  0]LogConfig: Setting CVar [[r.RenderTargetPoolMin:400]]
[2018.12.11-12.52.09:491][  0]LogConfig: Setting CVar [[r.LensFlareQuality:0]]
[2018.12.11-12.52.09:491][  0]LogConfig: Setting CVar [[r.SceneColorFringeQuality:0]]
[2018.12.11-12.52.09:491][  0]LogConfig: Setting CVar [[r.EyeAdaptationQuality:2]]
[2018.12.11-12.52.09:491][  0]LogConfig: Setting CVar [[r.BloomQuality:1]]
[2018.12.11-12.52.09:491][  0]LogConfig: Setting CVar [[r.FastBlurThreshold:0]]
[2018.12.11-12.52.09:492][  0]LogConfig: Setting CVar [[r.Upscale.Quality:3]]
[2018.12.11-12.52.09:492][  0]LogConfig: Setting CVar [[r.Tonemapper.GrainQuantization:1]]
[2018.12.11-12.52.09:492][  0]LogConfig: Setting CVar [[r.LightShaftQuality:1]]
[2018.12.11-12.52.09:492][  0]LogConfig: Setting CVar [[r.Filter.SizeScale:1]]
[2018.12.11-12.52.09:492][  0]LogConfig: Setting CVar [[r.Tonemapper.Quality:5]]
[2018.12.11-12.52.09:492][  0]LogConfig: Setting CVar [[r.DOF.Gather.AccumulatorQuality:1        ; higher gathering accumulator quality]]
[2018.12.11-12.52.09:492][  0]LogConfig: Setting CVar [[r.DOF.Gather.PostfilterMethod:1          ; Median3x3 postfilering method]]
[2018.12.11-12.52.09:492][  0]LogConfig: Setting CVar [[r.DOF.Gather.EnableBokehSettings:0       ; no bokeh simulation when gathering]]
[2018.12.11-12.52.09:492][  0]LogConfig: Setting CVar [[r.DOF.Gather.RingCount:4                 ; medium number of samples when gathering]]
[2018.12.11-12.52.09:492][  0]LogConfig: Setting CVar [[r.DOF.Scatter.ForegroundCompositing:1    ; additive foreground scattering]]
[2018.12.11-12.52.09:492][  0]LogConfig: Setting CVar [[r.DOF.Scatter.BackgroundCompositing:2    ; additive background scattering]]
[2018.12.11-12.52.09:492][  0]LogConfig: Setting CVar [[r.DOF.Scatter.EnableBokehSettings:1      ; bokeh simulation when scattering]]
[2018.12.11-12.52.09:492][  0]LogConfig: Setting CVar [[r.DOF.Scatter.MaxSpriteRatio:0.1         ; only a maximum of 10% of scattered bokeh]]
[2018.12.11-12.52.09:492][  0]LogConfig: Setting CVar [[r.DOF.Recombine.Quality:1                ; cheap slight out of focus]]
[2018.12.11-12.52.09:492][  0]LogConfig: Setting CVar [[r.DOF.Recombine.EnableBokehSettings:0    ; no bokeh simulation on slight out of focus]]
[2018.12.11-12.52.09:492][  0]LogConfig: Setting CVar [[r.DOF.TemporalAAQuality:1                ; more stable temporal accumulation]]
[2018.12.11-12.52.09:492][  0]LogConfig: Setting CVar [[r.DOF.Kernel.MaxForegroundRadius:0.025]]
[2018.12.11-12.52.09:492][  0]LogConfig: Setting CVar [[r.DOF.Kernel.MaxBackgroundRadius:0.025]]
[2018.12.11-12.52.09:492][  0]LogConfig: Applying CVar settings from Section [TextureQuality@3] File [D:/EscapeRoom/Project/Saved/Config/Windows/Scalability.ini]
[2018.12.11-12.52.09:492][  0]LogConfig: Setting CVar [[r.Streaming.MipBias:0]]
[2018.12.11-12.52.09:492][  0]LogConfig: Setting CVar [[r.Streaming.AmortizeCPUToGPUCopy:0]]
[2018.12.11-12.52.09:492][  0]LogConfig: Setting CVar [[r.Streaming.MaxNumTexturesToStreamPerFrame:0]]
[2018.12.11-12.52.09:492][  0]LogConfig: Setting CVar [[r.Streaming.Boost:1]]
[2018.12.11-12.52.09:492][  0]LogConfig: Setting CVar [[r.MaxAnisotropy:8]]
[2018.12.11-12.52.09:492][  0]LogConfig: Setting CVar [[r.Streaming.LimitPoolSizeToVRAM:0]]
[2018.12.11-12.52.09:492][  0]LogConfig: Setting CVar [[r.Streaming.PoolSize:1000]]
[2018.12.11-12.52.09:492][  0]LogConfig: Setting CVar [[r.Streaming.MaxEffectiveScreenSize:0]]
[2018.12.11-12.52.09:492][  0]LogConfig: Applying CVar settings from Section [EffectsQuality@3] File [D:/EscapeRoom/Project/Saved/Config/Windows/Scalability.ini]
[2018.12.11-12.52.09:492][  0]LogConfig: Setting CVar [[r.TranslucencyLightingVolumeDim:4]]
[2018.12.11-12.52.09:492][  0]LogConfig: Setting CVar [[r.RefractionQuality:2]]
[2018.12.11-12.52.09:492][  0]LogConfig: Setting CVar [[r.SSR.Quality:0]]
[2018.12.11-12.52.09:492][  0]LogConfig: Setting CVar [[r.SceneColorFormat:2]]
[2018.12.11-12.52.09:492][  0]LogConfig: Setting CVar [[r.DetailMode:2]]
[2018.12.11-12.52.09:492][  0]LogConfig: Setting CVar [[r.TranslucencyVolumeBlur:0]]
[2018.12.11-12.52.09:492][  0]LogConfig: Setting CVar [[r.MaterialQualityLevel:1 ; High quality]]
[2018.12.11-12.52.09:492][  0]LogConfig: Setting CVar [[r.SSS.Scale:1]]
[2018.12.11-12.52.09:492][  0]LogConfig: Setting CVar [[r.SSS.SampleSet:2]]
[2018.12.11-12.52.09:492][  0]LogConfig: Setting CVar [[r.SSS.Quality:1]]
[2018.12.11-12.52.09:492][  0]LogConfig: Setting CVar [[r.SSS.HalfRes:1]]
[2018.12.11-12.52.09:492][  0]LogConfig: Setting CVar [[r.EmitterSpawnRateScale:1.0]]
[2018.12.11-12.52.09:492][  0]LogConfig: Setting CVar [[r.ParticleLightQuality:2]]
[2018.12.11-12.52.09:492][  0]LogConfig: Applying CVar settings from Section [FoliageQuality@3] File [D:/EscapeRoom/Project/Saved/Config/Windows/Scalability.ini]
[2018.12.11-12.52.09:492][  0]LogConfig: Setting CVar [[foliage.DensityScale:1.0]]
[2018.12.11-12.52.09:492][  0]LogConfig: Setting CVar [[grass.DensityScale:1.0]]
[2018.12.11-12.52.09:492][  0]LogConfig: Applying CVar settings from Section [Startup] File [../../../Engine/Config/ConsoleVariables.ini]
[2018.12.11-12.52.09:492][  0]LogConfig: Setting CVar [[net.UseAdaptiveNetUpdateFrequency:0]]
[2018.12.11-12.52.09:492][  0]LogConfig: Applying CVar settings from Section [ConsoleVariables] File [D:/EscapeRoom/Project/Saved/Config/Windows/Engine.ini]
[2018.12.11-12.52.09:492][  0]LogInit: Computer: DESKTOP-8AMLK8E
[2018.12.11-12.52.09:492][  0]LogInit: User: FloydLehman
[2018.12.11-12.52.09:492][  0]LogInit: CPU Page size=4096, Cores=4
[2018.12.11-12.52.09:492][  0]LogInit: High frequency timer resolution =2.742190 MHz
[2018.12.11-12.52.09:493][  0]LogMemory: Memory total: Physical=7.9GB (8GB approx)
[2018.12.11-12.52.09:493][  0]LogMemory: Platform Memory Stats for Windows
[2018.12.11-12.52.09:493][  0]LogMemory: Process Physical Memory: 101.86 MB used, 101.86 MB peak
[2018.12.11-12.52.09:493][  0]LogMemory: Process Virtual Memory: 91.30 MB used, 91.30 MB peak
[2018.12.11-12.52.09:493][  0]LogMemory: Physical Memory: 5332.89 MB used,  2706.38 MB free, 8039.27 MB total
[2018.12.11-12.52.09:493][  0]LogMemory: Virtual Memory: 4652.69 MB used,  134213072.00 MB free, 134217728.00 MB total
[2018.12.11-12.52.09:749][  0]LogInit: Using OS detected language (nl-NL).
[2018.12.11-12.52.09:749][  0]LogInit: Using OS detected locale (en-GB).
[2018.12.11-12.52.09:750][  0]LogTextLocalizationManager: No localization for 'nl-NL' exists, so 'en' will be used for the language.
[2018.12.11-12.52.10:115][  0]LogStreaming: Display: Took  0.366s to InitEngineTextLocalization.
[2018.12.11-12.52.10:115][  0]LogInit: Setting process to per monitor DPI aware
[2018.12.11-12.52.10:153][  0]LogSlate: New Slate User Created.  User Index 0, Is Virtual User: 0
[2018.12.11-12.52.10:153][  0]LogSlate: Slate User Registered.  User Index 0, Is Virtual User: 0
[2018.12.11-12.52.10:588][  0]LogHMD: Failed to initialize OpenVR with code 126
[2018.12.11-12.52.10:589][  0]LogD3D11RHI: D3D11 adapters:
[2018.12.11-12.52.10:671][  0]LogD3D11RHI:    0. 'NVIDIA GeForce GTX 1060' (Feature Level 11_0)
[2018.12.11-12.52.10:671][  0]LogD3D11RHI:       2987/0/4019 MB DedicatedVideo/DedicatedSystem/SharedSystem, Outputs:1, VendorId:0x10de
[2018.12.11-12.52.10:690][  0]LogD3D11RHI:    1. 'Intel(R) HD Graphics 630' (Feature Level 11_0)
[2018.12.11-12.52.10:690][  0]LogD3D11RHI:       128/0/4019 MB DedicatedVideo/DedicatedSystem/SharedSystem, Outputs:0, VendorId:0x8086
[2018.12.11-12.52.10:693][  0]LogD3D11RHI:    2. 'Microsoft Basic Render Driver' (Feature Level 11_0)
[2018.12.11-12.52.10:693][  0]LogD3D11RHI:       0/0/4019 MB DedicatedVideo/DedicatedSystem/SharedSystem, Outputs:0, VendorId:0x1414
[2018.12.11-12.52.10:693][  0]LogD3D11RHI: Chosen D3D11 Adapter: 0
[2018.12.11-12.52.10:720][  0]LogD3D11RHI: Creating new Direct3DDevice
[2018.12.11-12.52.10:720][  0]LogD3D11RHI:     GPU DeviceId: 0x1c20 (for the marketing name, search the web for "GPU Device Id")
[2018.12.11-12.52.10:720][  0]LogWindows: EnumDisplayDevices:
[2018.12.11-12.52.10:720][  0]LogWindows:    0. 'Intel(R) HD Graphics 630' (P:1 D:1)
[2018.12.11-12.52.10:720][  0]LogWindows:    1. 'Intel(R) HD Graphics 630' (P:0 D:0)
[2018.12.11-12.52.10:721][  0]LogWindows:    2. 'Intel(R) HD Graphics 630' (P:0 D:0)
[2018.12.11-12.52.10:721][  0]LogWindows:    3. 'NVIDIA GeForce GTX 1060' (P:0 D:0)
[2018.12.11-12.52.10:721][  0]LogWindows:    4. 'NVIDIA GeForce GTX 1060' (P:0 D:0)
[2018.12.11-12.52.10:721][  0]LogWindows:    5. 'NVIDIA GeForce GTX 1060' (P:0 D:0)
[2018.12.11-12.52.10:722][  0]LogWindows:    6. 'NVIDIA GeForce GTX 1060' (P:0 D:0)
[2018.12.11-12.52.10:722][  0]LogWindows: DebugString: PrimaryIsNotTheChoosenAdapter PrimaryIsNotTheChoosenAdapter PrimaryIsNotTheChoosenAdapter FoundDriverCount:4 
[2018.12.11-12.52.10:722][  0]LogD3D11RHI:     Adapter Name: NVIDIA GeForce GTX 1060
[2018.12.11-12.52.10:722][  0]LogD3D11RHI:   Driver Version: 399.01 (internal:24.21.13.9901, unified:399.01)
[2018.12.11-12.52.10:722][  0]LogD3D11RHI:      Driver Date: 8-13-2018
[2018.12.11-12.52.10:722][  0]LogRHI: Texture pool is 2090 MB (70% of 2987 MB)
[2018.12.11-12.52.10:769][  0]LogD3D11RHI: Async texture creation enabled
[2018.12.11-12.52.10:786][  0]LogD3D11RHI: GPU Timing Frequency: 1000.000000 (Debug: 2 2)
[2018.12.11-12.52.11:144][  0]LogTemp: Display: Loaded TP AllDesktopTargetPlatform
[2018.12.11-12.52.11:156][  0]LogTemp: Display: Loaded TP MacClientTargetPlatform
[2018.12.11-12.52.11:169][  0]LogTemp: Display: Loaded TP MacNoEditorTargetPlatform
[2018.12.11-12.52.11:182][  0]LogTemp: Display: Loaded TP MacServerTargetPlatform
[2018.12.11-12.52.11:196][  0]LogTemp: Display: Loaded TP MacTargetPlatform
[2018.12.11-12.52.11:209][  0]LogTemp: Display: Loaded TP WindowsClientTargetPlatform
[2018.12.11-12.52.11:222][  0]LogTemp: Display: Loaded TP WindowsNoEditorTargetPlatform
[2018.12.11-12.52.11:234][  0]LogTemp: Display: Loaded TP WindowsServerTargetPlatform
[2018.12.11-12.52.11:241][  0]LogTemp: Display: Loaded TP WindowsTargetPlatform
[2018.12.11-12.52.11:308][  0]LogTemp: Display: Loaded TP AndroidTargetPlatform
[2018.12.11-12.52.11:308][  0]LogTemp: Display: Loaded TP AndroidTargetPlatform
[2018.12.11-12.52.11:308][  0]LogTemp: Display: Loaded TP AndroidTargetPlatform
[2018.12.11-12.52.11:308][  0]LogTemp: Display: Loaded TP AndroidTargetPlatform
[2018.12.11-12.52.11:308][  0]LogTemp: Display: Loaded TP AndroidTargetPlatform
[2018.12.11-12.52.11:308][  0]LogTemp: Display: Loaded TP AndroidTargetPlatform
[2018.12.11-12.52.11:308][  0]LogTemp: Display: Loaded TP AndroidTargetPlatform
[2018.12.11-12.52.11:308][  0]LogTemp: Display: Loaded TP AndroidTargetPlatform
[2018.12.11-12.52.11:308][  0]LogTemp: Display: Loaded TP AndroidTargetPlatform
[2018.12.11-12.52.11:308][  0]LogTemp: Display: Loaded TP AndroidTargetPlatform
[2018.12.11-12.52.11:308][  0]LogTemp: Display: Loaded TP AndroidTargetPlatform
[2018.12.11-12.52.11:308][  0]LogTemp: Display: Loaded TP AndroidTargetPlatform
[2018.12.11-12.52.11:308][  0]LogTemp: Display: Loaded TP AndroidTargetPlatform
[2018.12.11-12.52.11:308][  0]LogTemp: Display: Loaded TP AndroidTargetPlatform
[2018.12.11-12.52.11:308][  0]LogTemp: Display: Loaded TP AndroidTargetPlatform
[2018.12.11-12.52.11:308][  0]LogTemp: Display: Loaded TP AndroidTargetPlatform
[2018.12.11-12.52.11:309][  0]LogTemp: Display: Loaded TP AndroidTargetPlatform
[2018.12.11-12.52.11:309][  0]LogTemp: Display: Loaded TP AndroidTargetPlatform
[2018.12.11-12.52.11:311][  0]LogTemp: Display: Loaded TP HTML5TargetPlatform
[2018.12.11-12.52.11:372][  0]LogTemp: Display: Loaded TP IOSTargetPlatform
[2018.12.11-12.52.11:372][  0]LogTemp: Display: Loaded TP IOSTargetPlatform
[2018.12.11-12.52.11:394][  0]LogTemp: Display: Loaded TP TVOSTargetPlatform
[2018.12.11-12.52.11:394][  0]LogTemp: Display: Loaded TP TVOSTargetPlatform
[2018.12.11-12.52.11:405][  0]LogTemp: Display: Loaded TP LinuxClientTargetPlatform
[2018.12.11-12.52.11:417][  0]LogTemp: Display: Loaded TP LinuxNoEditorTargetPlatform
[2018.12.11-12.52.11:428][  0]LogTemp: Display: Loaded TP LinuxServerTargetPlatform
[2018.12.11-12.52.11:441][  0]LogTemp: Display: Loaded TP LinuxTargetPlatform
[2018.12.11-12.52.11:482][  0]LogTemp: Display: Loaded TP LuminTargetPlatform
[2018.12.11-12.52.11:482][  0]LogTemp: Display: Loaded TP LuminTargetPlatform
[2018.12.11-12.52.11:482][  0]LogTargetPlatformManager: Display: Building Assets For Windows
[2018.12.11-12.52.11:594][  0]LogShaderCompilers: Guid format shader working directory is 32 characters bigger than the processId version (D:/EscapeRoom/Project/Intermediate/Shaders/WorkingDirectory/8956/).
[2018.12.11-12.52.11:594][  0]LogShaderCompilers: Cleaned the shader compiler working directory 'C:/Users/Floyd Lehman/AppData/Local/Temp/UnrealShaderWorkingDir/8BB7B993460D3C36B6BC16B18E25D5FB/'.
[2018.12.11-12.52.11:597][  0]LogXGEController: Cannot use XGE Controller as Incredibuild is not installed on this machine.
[2018.12.11-12.52.11:597][  0]LogShaderCompilers: Cannot use XGE Shader Compiler as Incredibuild is not installed on this machine.
[2018.12.11-12.52.11:597][  0]LogShaderCompilers: Display: Using Local Shader Compiler.
[2018.12.11-12.52.12:133][  0]LogDerivedDataCache: Display: Max Cache Size: 512 MB
[2018.12.11-12.52.12:198][  0]LogDerivedDataCache: Loaded boot cache 0.06s 85MB C:/Users/Floyd Lehman/AppData/Local/UnrealEngine/4.21/DerivedDataCache/Boot.ddc.
[2018.12.11-12.52.12:198][  0]LogDerivedDataCache: Display: Loaded Boot cache: C:/Users/Floyd Lehman/AppData/Local/UnrealEngine/4.21/DerivedDataCache/Boot.ddc
[2018.12.11-12.52.12:198][  0]LogDerivedDataCache: FDerivedDataBackendGraph:  Pak pak cache file D:/EscapeRoom/Project/DerivedDataCache/DDC.ddp not found, will not use a pak cache.
[2018.12.11-12.52.12:198][  0]LogDerivedDataCache: Unable to find inner node Pak for hierarchical cache Hierarchy.
[2018.12.11-12.52.12:198][  0]LogDerivedDataCache: FDerivedDataBackendGraph:  CompressedPak pak cache file D:/EscapeRoom/Project/DerivedDataCache/Compressed.ddp not found, will not use a pak cache.
[2018.12.11-12.52.12:198][  0]LogDerivedDataCache: Unable to find inner node CompressedPak for hierarchical cache Hierarchy.
[2018.12.11-12.52.12:211][  0]LogDerivedDataCache: Display: Pak cache opened for reading ../../../Engine/DerivedDataCache/Compressed.ddp.
[2018.12.11-12.52.12:211][  0]LogDerivedDataCache: FDerivedDataBackendGraph:  EnterprisePak pak cache file ../../../Enterprise/DerivedDataCache/Compressed.ddp not found, will not use a pak cache.
[2018.12.11-12.52.12:211][  0]LogDerivedDataCache: Unable to find inner node EnterprisePak for hierarchical cache Hierarchy.
[2018.12.11-12.52.12:224][  0]LogDerivedDataCache: Using Local data cache path C:/Users/Floyd Lehman/AppData/Local/UnrealEngine/Common/DerivedDataCache: Writable
[2018.12.11-12.52.12:224][  0]LogDerivedDataCache: Shared data cache path not found in *engine.ini, will not use an Shared cache.
[2018.12.11-12.52.12:224][  0]LogDerivedDataCache: Unable to find inner node Shared for hierarchical cache Hierarchy.
[2018.12.11-12.52.12:248][  0]LogMaterial: Verifying Global Shaders for PCD3D_SM5
[2018.12.11-12.52.12:249][  0]LogSlate: Using FreeType 2.6.0
[2018.12.11-12.52.12:250][  0]LogSlate: SlateFontServices - WITH_FREETYPE: 1, WITH_HARFBUZZ: 1
[2018.12.11-12.52.12:351][  0]LogAssetRegistry: FAssetRegistry took 0.0331 seconds to start up
[2018.12.11-12.52.12:668][  0]LogInit: Selected Device Profile: [Windows]
[2018.12.11-12.52.12:746][  0]LogSimplygon: Simplygon DLL not present - disabling.
[2018.12.11-12.52.12:752][  0]LogMeshReduction: Using SimplygonSwarm for distributed automatic mesh merging
[2018.12.11-12.52.12:752][  0]LogMeshReduction: Using ProxyLODMeshReduction for automatic mesh merging
[2018.12.11-12.52.12:752][  0]LogMeshReduction: Using QuadricMeshReduction for automatic static mesh reduction
[2018.12.11-12.52.12:752][  0]LogMeshReduction: No automatic skeletal mesh reduction module available
[2018.12.11-12.52.12:850][  0]LogNetVersion: Project 1.0.0, NetCL: 4541578, EngineNetVer: 5, GameNetVer: 0 (Checksum: 1228489884)
[2018.12.11-12.52.13:466][  0]LogPackageLocalizationCache: Processed 11 localized package path(s) for 1 prioritized culture(s) in 0.123069 seconds
[2018.12.11-12.52.13:471][  0]LogUObjectArray: 39775 objects as part of root set at end of initial load.
[2018.12.11-12.52.13:471][  0]LogUObjectAllocator: 6914664 out of 0 bytes used by permanent object pool.
[2018.12.11-12.52.13:471][  0]LogUObjectArray: CloseDisregardForGC: 0/0 objects in disregard for GC pool
[2018.12.11-12.52.14:569][  0]LogTcpMessaging: Initializing TcpMessaging bridge
[2018.12.11-12.52.14:584][  0]LogUdpMessaging: Initializing bridge on interface 0.0.0.0:0 to multicast group 230.0.0.1:6666.
[2018.12.11-12.52.15:471][  0]SourceControl: Source control is disabled
[2018.12.11-12.52.15:471][  0]SourceControl: Source control is disabled
[2018.12.11-12.52.15:474][  0]SourceControl: Source control is disabled
[2018.12.11-12.52.15:475][  0]SourceControl: Source control is disabled
[2018.12.11-12.52.15:660][  0]LogAndroidPermission: UAndroidPermissionCallbackProxy::GetInstance
[2018.12.11-12.52.15:759][  0]LogOcInput: OculusInput pre-init called
[2018.12.11-12.52.15:901][  0]LogEngine: Initializing Engine...
[2018.12.11-12.52.15:930][  0]LogHMD: Failed to initialize OpenVR with code 126
[2018.12.11-12.52.15:932][  0]LogStats: UGameplayTagsManager::ConstructGameplayTagTree: ImportINI prefixes -  0.000 s
[2018.12.11-12.52.15:932][  0]LogStats: UGameplayTagsManager::ConstructGameplayTagTree: Construct from data asset -  0.000 s
[2018.12.11-12.52.15:932][  0]LogStats: UGameplayTagsManager::ConstructGameplayTagTree: ImportINI -  0.000 s
[2018.12.11-12.52.15:932][  0]LogStats: UGameplayTagsManager::ConstructGameplayTagTree: GameplayTagTreeChangedEvent.Broadcast -  0.000 s
[2018.12.11-12.52.16:193][  0]LogInit: Initializing FReadOnlyCVARCache
[2018.12.11-12.52.16:209][  0]LogAIModule: Creating AISystem for world Untitled
[2018.12.11-12.52.16:307][  0]LogInit: XAudio2 using 'Luidsprekers (Realtek High Definition Audio)' : 6 channels at 48 kHz using 32 bits per sample (channel mask 0x3f)
[2018.12.11-12.52.16:546][  0]LogInit: FAudioDevice initialized.
[2018.12.11-12.52.16:547][  0]LogNetVersion: Set ProjectVersion to 1.0.0.0. Version Checksum will be recalculated on next use.
[2018.12.11-12.52.16:669][  0]LogDerivedDataCache: Saved boot cache 0.12s 85MB C:/Users/Floyd Lehman/AppData/Local/UnrealEngine/4.21/DerivedDataCache/Boot.ddc.
[2018.12.11-12.52.16:689][  0]LogInit: Texture streaming: Enabled
[2018.12.11-12.52.16:721][  0]LogEngineSessionManager: EngineSessionManager initialized
[2018.12.11-12.52.16:742][  0]LogInit: Transaction tracking system initialized
[2018.12.11-12.52.16:776][  0]BlueprintLog: New page: Editor Load
[2018.12.11-12.52.16:876][  0]LocalizationService: Localization service is disabled
[2018.12.11-12.52.18:069][  0]LogFileCache: Scanning file cache for directory 'D:/EscapeRoom/Project/Content/' took 0.02s
[2018.12.11-12.52.18:069][  0]LogCook: Display: Max memory allowance for cook 16384mb min free memory 0mb
[2018.12.11-12.52.18:069][  0]LogCook: Display: Mobile HDR setting 1
[2018.12.11-12.52.18:069][  0]LogGameplayTags: Display: UGameplayTagsManager::DoneAddingNativeTags. DelegateIsBound: 0
[2018.12.11-12.52.18:069][  0]LogStats: UGameplayTagsManager::ConstructGameplayTagTree: ImportINI prefixes -  0.000 s
[2018.12.11-12.52.18:069][  0]LogStats: UGameplayTagsManager::ConstructGameplayTagTree: Construct from data asset -  0.000 s
[2018.12.11-12.52.18:069][  0]LogStats: UGameplayTagsManager::ConstructGameplayTagTree: ImportINI -  0.000 s
[2018.12.11-12.52.18:069][  0]LogStats: UGameplayTagsManager::ConstructGameplayTagTree: GameplayTagTreeChangedEvent.Broadcast -  0.000 s
[2018.12.11-12.52.18:233][  0]SourceControl: Source control is disabled
[2018.12.11-12.52.18:233][  0]Cmd: MAP LOAD FILE="D:/EscapeRoom/Project/Content/Map/GameMap.umap" TEMPLATE=0 SHOWPROGRESS=1 FEATURELEVEL=3
[2018.12.11-12.52.18:259][  0]LightingResults: New page: Lighting Build
[2018.12.11-12.52.18:264][  0]MapCheck: New page: Map Check
[2018.12.11-12.52.18:264][  0]LightingResults: New page: Lighting Build
[2018.12.11-12.52.18:986][  0]LogLinker: Warning: Can't find file '/Game/Map/GameMap_BuiltData'
[2018.12.11-12.52.18:986][  0]LogLinker: Warning: Can't find file for asset '/Game/Map/GameMap_BuiltData' while loading D:/EscapeRoom/Project/Content/Map/GameMap.umap.
[2018.12.11-12.52.18:986][  0]LoadErrors: Error: /Game/Map/GameMap : Can't find file for asset. /Game/Map/GameMap_BuiltData
[2018.12.11-12.52.19:006][  0]LogLinker: Warning: Can't find file '/Game/Map/GameMap_BuiltData'
[2018.12.11-12.52.19:006][  0]LogLinker: Warning: Can't find file for asset '/Game/Map/GameMap_BuiltData' while loading D:/EscapeRoom/Project/Content/Map/GameMap.umap.
[2018.12.11-12.52.19:006][  0]LoadErrors: Error: /Game/Map/GameMap : Can't find file for asset. /Game/Map/GameMap_BuiltData
[2018.12.11-12.52.19:008][  0]LogLinker: Warning: Can't find file '/Game/Map/GameMap_BuiltData'
[2018.12.11-12.52.19:009][  0]LogLinker: Warning: Can't find file for asset '/Game/Map/GameMap_BuiltData' while loading NULL.
[2018.12.11-12.52.19:009][  0]LogLinker: Warning: Can't find file '/Game/Map/GameMap_BuiltData'
[2018.12.11-12.52.19:009][  0]LogLinker: Warning: Can't find file for asset '/Game/Map/GameMap_BuiltData' while loading NULL.
[2018.12.11-12.52.19:022][  0]LogLinker: Warning: Can't find file '/Game/Map/GameMap_BuiltData'
[2018.12.11-12.52.19:022][  0]LoadErrors: Failed to load /Game/Map/GameMap_BuiltData.GameMap_BuiltData Referenced by PersistentLevel
[2018.12.11-12.52.19:022][  0]LogLinker: Warning: Can't find file for asset '/Game/Map/GameMap_BuiltData' while loading NULL.
[2018.12.11-12.52.19:022][  0]LoadErrors: Failed to load /Game/Map/GameMap_BuiltData.GameMap_BuiltData Referenced by PersistentLevel
[2018.12.11-12.52.19:476][  0]LogAIModule: Creating AISystem for world GameMap
[2018.12.11-12.52.19:490][  0]LogEditorServer: Finished looking for orphan Actors (0.000 secs)
[2018.12.11-12.52.19:521][  0]Cmd: MAP CHECKDEP NOCLEARLOG
[2018.12.11-12.52.19:521][  0]MapCheck: Map check complete: 0 Error(s), 0 Warning(s), took 0.116ms to complete.
[2018.12.11-12.52.19:521][  0]LogFileHelpers: Loading map 'GameMap' took 1.288
[2018.12.11-12.52.19:682][  0]LogSlate: Updating window title bar state: overlay mode, drag disabled, window buttons hidden, title bar hidden
[2018.12.11-12.52.19:691][  0]LogSlate: Updating window title bar state: overlay mode, drag disabled, window buttons hidden, title bar hidden
[2018.12.11-12.52.19:698][  0]LogSlate: Updating window title bar state: overlay mode, drag disabled, window buttons hidden, title bar hidden
[2018.12.11-12.52.19:707][  0]LogSlate: Updating window title bar state: overlay mode, drag disabled, window buttons hidden, title bar hidden
[2018.12.11-12.52.19:796][  0]LogCollectionManager: Loaded 0 collections in 0.071286 seconds
[2018.12.11-12.52.19:845][  0]LogFileCache: Scanning file cache for directory 'D:/EscapeRoom/Project/Saved/Collections/' took 0.01s
[2018.12.11-12.52.19:845][  0]LogFileCache: Scanning file cache for directory 'D:/EscapeRoom/Project/Content/Developers/FloydLehman/Collections/' took 0.01s
[2018.12.11-12.52.19:845][  0]LogFileCache: Scanning file cache for directory 'D:/EscapeRoom/Project/Content/Collections/' took 0.00s
[2018.12.11-12.52.19:845][  0]LogCollectionManager: Rebuilt the GUID cache for 0 collections in 0.000000 seconds
[2018.12.11-12.52.19:856][  0]LogContentBrowser: Native class hierarchy populated in 0.0098 seconds. Added 2651 classes and 620 folders.
[2018.12.11-12.52.19:873][  0]LogContentBrowser: Native class hierarchy updated for 'WidgetCarousel' in 0.0003 seconds. Added 0 classes and 0 folders.
[2018.12.11-12.52.19:886][  0]LogPakFile: Registered encryption key '00000000000000000000000000000000': 0 pak files mounted, 0 remain pending
[2018.12.11-12.52.19:898][  0]LogPakFile: Registered encryption key '00000000000000000000000000000000': 0 pak files mounted, 0 remain pending
[2018.12.11-12.52.19:927][  0]LogPakFile: Registered encryption key '00000000000000000000000000000000': 0 pak files mounted, 0 remain pending
[2018.12.11-12.52.19:934][  0]LogPakFile: Registered encryption key '00000000000000000000000000000000': 0 pak files mounted, 0 remain pending
[2018.12.11-12.52.19:941][  0]LogPakFile: Registered encryption key '00000000000000000000000000000000': 0 pak files mounted, 0 remain pending
[2018.12.11-12.52.19:948][  0]LogPakFile: Registered encryption key '00000000000000000000000000000000': 0 pak files mounted, 0 remain pending
[2018.12.11-12.52.19:960][  0]LogPakFile: Registered encryption key '00000000000000000000000000000000': 0 pak files mounted, 0 remain pending
[2018.12.11-12.52.19:968][  0]LogPakFile: Registered encryption key '00000000000000000000000000000000': 0 pak files mounted, 0 remain pending
[2018.12.11-12.52.19:977][  0]LogPakFile: Registered encryption key '00000000000000000000000000000000': 0 pak files mounted, 0 remain pending
[2018.12.11-12.52.19:988][  0]LogPakFile: Registered encryption key '00000000000000000000000000000000': 0 pak files mounted, 0 remain pending
[2018.12.11-12.52.19:995][  0]LogPakFile: Registered encryption key '00000000000000000000000000000000': 0 pak files mounted, 0 remain pending
[2018.12.11-12.52.20:005][  0]LogPakFile: Registered encryption key '00000000000000000000000000000000': 0 pak files mounted, 0 remain pending
[2018.12.11-12.52.20:014][  0]LogPakFile: Registered encryption key '00000000000000000000000000000000': 0 pak files mounted, 0 remain pending
[2018.12.11-12.52.20:023][  0]LogPakFile: Registered encryption key '00000000000000000000000000000000': 0 pak files mounted, 0 remain pending
[2018.12.11-12.52.20:031][  0]LogPakFile: Registered encryption key '00000000000000000000000000000000': 0 pak files mounted, 0 remain pending
[2018.12.11-12.52.20:039][  0]LogPakFile: Registered encryption key '00000000000000000000000000000000': 0 pak files mounted, 0 remain pending
[2018.12.11-12.52.20:082][  0]LogPakFile: Registered encryption key '00000000000000000000000000000000': 0 pak files mounted, 0 remain pending
[2018.12.11-12.52.20:090][  0]LogPakFile: Registered encryption key '00000000000000000000000000000000': 0 pak files mounted, 0 remain pending
[2018.12.11-12.52.20:097][  0]LogPakFile: Registered encryption key '00000000000000000000000000000000': 0 pak files mounted, 0 remain pending
[2018.12.11-12.52.20:104][  0]LogPakFile: Registered encryption key '00000000000000000000000000000000': 0 pak files mounted, 0 remain pending
[2018.12.11-12.52.20:157][  0]LogPakFile: Registered encryption key '00000000000000000000000000000000': 0 pak files mounted, 0 remain pending
[2018.12.11-12.52.20:165][  0]LogPakFile: Registered encryption key '00000000000000000000000000000000': 0 pak files mounted, 0 remain pending
[2018.12.11-12.52.20:172][  0]LogPakFile: Registered encryption key '00000000000000000000000000000000': 0 pak files mounted, 0 remain pending
[2018.12.11-12.52.20:180][  0]LogPakFile: Registered encryption key '00000000000000000000000000000000': 0 pak files mounted, 0 remain pending
[2018.12.11-12.52.20:187][  0]LogPakFile: Registered encryption key '00000000000000000000000000000000': 0 pak files mounted, 0 remain pending
[2018.12.11-12.52.20:194][  0]LogPakFile: Registered encryption key '00000000000000000000000000000000': 0 pak files mounted, 0 remain pending
[2018.12.11-12.52.20:392][  0]LogContentBrowser: Native class hierarchy updated for 'AddContentDialog' in 0.0002 seconds. Added 0 classes and 0 folders.
[2018.12.11-12.52.20:410][  0]LogContentBrowser: Native class hierarchy updated for 'SceneOutliner' in 0.0003 seconds. Added 1 classes and 2 folders.
[2018.12.11-12.52.20:482][  0]LogSlate: Took 0.001136 seconds to synchronously load lazily loaded font '../../../Engine/Content/Slate/Fonts/Roboto-Regular.ttf' (155K)
[2018.12.11-12.52.20:487][  0]LogSlate: Took 0.000536 seconds to synchronously load lazily loaded font '../../../Engine/Content/Slate/Fonts/Roboto-Bold.ttf' (160K)
[2018.12.11-12.52.20:508][  0]LogSlate: Took 0.007148 seconds to synchronously load lazily loaded font '../../../Engine/Content/Editor/Slate/Fonts/FontAwesome.ttf' (139K)
[2018.12.11-12.52.20:676][  0]LogRenderer: Reallocating scene render targets to support 964x436 Format 26 NumSamples 1 (Frame:1).
[2018.12.11-12.52.20:917][  0]LogContentBrowser: Native class hierarchy updated for 'HierarchicalLODOutliner' in 0.0003 seconds. Added 0 classes and 0 folders.
[2018.12.11-12.52.20:918][  0]LogLoad: (Engine Initialization) Total time: 14.13 seconds
[2018.12.11-12.52.20:918][  0]LogLoad: (Engine Initialization) Total Blueprint compile time: 0.00 seconds
[2018.12.11-12.52.20:927][  0]LogWindowsTextInputMethodSystem: Display: IME system now deactivated.
[2018.12.11-12.52.20:977][  0]LogContentStreaming: Texture pool size now 1000 MB
[2018.12.11-12.52.20:979][  0]LogSlate: FSceneViewport::OnFocusLost() reason 2
[2018.12.11-12.52.21:271][  4]LogAssetRegistry: Asset discovery search completed in 8.9424 seconds
[2018.12.11-12.52.21:274][  4]LogCollectionManager: Rebuilt the object cache for 0 collections in 0.000001 seconds (found 0 objects)
[2018.12.11-12.52.21:274][  4]LogCollectionManager: Fixed up redirectors for 0 collections in 0.000106 seconds (updated 0 objects)
[2018.12.11-12.52.24:142][101]LogSlate: Window 'Message Log' being destroyed
[2018.12.11-12.52.24:147][101]LogSlate: Window 'Message Log' being destroyed
[2018.12.11-12.52.25:041][169]LogSlate: Took 0.010368 seconds to synchronously load lazily loaded font '../../../Engine/Content/Slate/Fonts/Roboto-Light.ttf' (167K)
[2018.12.11-12.53.51:356][619]LogSlate: FSceneViewport::OnFocusLost() reason 0
[2018.12.11-12.53.56:665][229]LogSlate: Took 0.000812 seconds to synchronously load lazily loaded font '../../../Engine/Content/Slate/Fonts/Roboto-Light.ttf' (167K)
[2018.12.11-12.53.57:052][229]LogAIModule: Creating AISystem for world Testmap
[2018.12.11-12.53.57:066][229]LogAssetEditorManager: Opening Asset editor for World /Game/Map/Testmap.Testmap
[2018.12.11-12.53.57:094][229]Cmd: MAP LOAD FILE="D:/EscapeRoom/Project/Content/Map/Testmap.umap" TEMPLATE=0 SHOWPROGRESS=1 FEATURELEVEL=3
[2018.12.11-12.53.57:094][229]LightingResults: New page: Lighting Build
[2018.12.11-12.53.57:095][229]LoadErrors: New page: Loading map: Testmap.umap
[2018.12.11-12.53.57:097][229]MapCheck: New page: Map Check
[2018.12.11-12.53.57:097][229]LightingResults: New page: Lighting Build
[2018.12.11-12.53.57:134][229]LogEditorServer: Finished looking for orphan Actors (0.000 secs)
[2018.12.11-12.53.57:180][229]Cmd: MAP CHECKDEP NOCLEARLOG
[2018.12.11-12.53.57:181][229]MapCheck: Map check complete: 0 Error(s), 0 Warning(s), took 0.093ms to complete.
[2018.12.11-12.53.57:181][229]LogFileHelpers: Loading map 'Testmap' took 0.088
[2018.12.11-12.54.01:183][688]LogSlate: FSceneViewport::OnFocusLost() reason 0
[2018.12.11-12.54.01:821][761]Cmd: OBJ SAVEPACKAGE PACKAGE="/Game/Map/Testmap" FILE="D:/EscapeRoom/Project/Content/Map/Testmap.umap" SILENT=true AUTOSAVING=false KEEPDIRTY=false
[2018.12.11-12.54.02:026][761]LogSavePackage: Moving 'D:/EscapeRoom/Project/Saved/Testmap19E511164B48BB19FCE93AAB45A28830.tmp' to 'D:/EscapeRoom/Project/Content/Map/Testmap.umap'
[2018.12.11-12.54.02:061][761]Cmd: OBJ SAVEPACKAGE PACKAGE="/Game/Map/Testmap_BuiltData" FILE="D:/EscapeRoom/Project/Content/Map/Testmap_BuiltData.uasset" SILENT=true
[2018.12.11-12.54.02:192][761]LogSavePackage: Moving 'D:/EscapeRoom/Project/Saved/Testmap_BuiltData819A8B8B46263EF5A9EAE3BA25E871A9.tmp' to 'D:/EscapeRoom/Project/Content/Map/Testmap_BuiltData.uasset'
[2018.12.11-12.54.04:654][ 40]MapCheck: New page: Map Check
[2018.12.11-12.54.04:681][ 40]Cmd: MAP REBUILD ALLVISIBLE
[2018.12.11-12.54.04:681][ 40]LogEditorServer: Rebuildmap Clear paths rebuilt
[2018.12.11-12.54.04:726][ 40]LightingResults: New page: Lighting Build - 11 Dec 2018 14:54:04
[2018.12.11-12.54.04:796][ 40]LogSwarmInterface: [OpenConnection] Registering TCP channel ...
[2018.12.11-12.54.04:958][ 40]LogSwarmInterface: [OpenConnection] Connecting to agent ...
[2018.12.11-12.54.04:993][ 40]LogSwarmInterface: [TryOpenConnection] Testing the Agent
[2018.12.11-12.54.06:055][ 40]LogSwarmInterface: [TryOpenConnection] Opening Connection to Agent
[2018.12.11-12.54.06:055][ 40]LogSwarmInterface: [TryOpenConnection] Local Process ID is 8956
[2018.12.11-12.54.11:135][ 40]LogStaticLightingSystem: Running Lightmass w/ ImmediateImport mode ENABLED
[2018.12.11-12.54.11:135][ 40]LogStaticLightingSystem: Running Lightmass w/ ImmediateProcess mode ENABLED
[2018.12.11-12.54.11:136][ 40]LogStaticLightingSystem: Running Lightmass w/ Sorting mode ENABLED
[2018.12.11-12.54.11:136][ 40]LogStaticLightingSystem: Running Lightmass w/ Mapping paddings ENABLED
[2018.12.11-12.54.11:136][ 40]LogStaticLightingSystem: Running Lightmass w/ Mapping debug paddings DISABLED
[2018.12.11-12.54.11:339][ 40]LogEditorBuildUtils: Build time 0:06
[2018.12.11-12.54.11:406][ 41]LogMaterial: Display: Missing cached shader map for material FLightmassMaterialRenderer M_Frame, compiling. 
[2018.12.11-12.54.11:427][ 41]LogShaderCompilers: Display: Shaders left to compile 2
[2018.12.11-12.54.11:427][ 41]LogMaterial: Display: Missing cached shader map for material FLightmassMaterialRenderer M_Frame, compiling. 
[2018.12.11-12.54.12:332][ 42]LogShaderCompilers: Display: Shaders left to compile 2
[2018.12.11-12.54.16:373][330]Job is a success!
[2018.12.11-12.54.16:399][331]LogSlate: FSceneViewport::OnFocusLost() reason 2
[2018.12.11-12.54.16:452][331]LogVolumetricLightmapImport: Imported Volumetric Lightmap in 0.018s
[2018.12.11-12.54.16:452][331]LogVolumetricLightmapImport:      Indirection Texture 16x16x16 = 0.0Mb
[2018.12.11-12.54.16:452][331]LogVolumetricLightmapImport:      BrickData 260x5x5 = 0.2Mb (trimmed 0.1Mb due to 0.010000 MinBrickError)
[2018.12.11-12.54.16:452][331]LogVolumetricLightmapImport:      Bricks at Level
[2018.12.11-12.54.16:452][331]LogVolumetricLightmapImport:          0: 1.9% covering 100.0% of volume
[2018.12.11-12.54.16:452][331]LogVolumetricLightmapImport:          1: 15.4% covering 12.5% of volume
[2018.12.11-12.54.16:452][331]LogVolumetricLightmapImport:          2: 82.7% covering 1.0% of volume
[2018.12.11-12.54.16:770][331]LogTexture: Display: Building textures: HQ_Lightmap1_1 (AutoDXT, 1024X1024)
[2018.12.11-12.54.16:770][331]LogTexture: Display: Building textures: LQ_Lightmap_1_1 (DXT1, 1024X1024)
[2018.12.11-12.54.16:770][331]LogTexture: Display: Building textures: HQ_Lightmap1_2 (AutoDXT, 512X512)
[2018.12.11-12.54.16:770][331]LogTexture: Display: Building textures: LQ_Lightmap_1_2 (DXT1, 512X512)
[2018.12.11-12.54.16:770][331]LogTexture: Display: Building textures: LQ_Lightmap_1_3 (DXT1, 64X64)
[2018.12.11-12.54.16:770][331]LogTexture: Display: Building textures: HQ_Lightmap1_3 (AutoDXT, 64X64)
[2018.12.11-12.54.16:853][331]LogTexture: Display: Building textures: ShadowMapTexture2D_5 (G8, 32X32)
[2018.12.11-12.54.16:853][331]LogTexture: Display: Building textures: ShadowMapTexture2D_4 (G8, 1024X128)
[2018.12.11-12.54.16:853][331]LogTexture: Display: Building textures: ShadowMapTexture2D_3 (G8, 512X512)
[2018.12.11-12.54.16:938][331]Lightmass on DESKTOP-8AMLK8E: 3.51 sec total, 274 ms importing, 44 ms setup, 717 ms photons, 2.45 sec processing, 0 ms extra exporting [42/42 mappings]. Threads: 17.0 sec total, 7.41 sec processing.
[2018.12.11-12.54.16:995][331]LogStaticLightingSystem: Illumination: 12.2 sec (271 ms encoding lightmaps, 68 ms encoding shadowmaps)
[2018.12.11-12.54.16:995][331]LogStaticLightingSystem: Lightmap texture memory:  2.5 MB (0.5 MB streaming, 2.0 MB non-streaming), 6 textures
[2018.12.11-12.54.16:995][331]LogStaticLightingSystem: Shadowmap texture memory: 0.5 MB (0.2 MB streaming, 0.3 MB non-streaming), 3 textures
[2018.12.11-12.54.17:143][331]DumpUnbuiltLightIteractions
[2018.12.11-12.54.17:143][331]Lights with unbuilt interactions: 0
[2018.12.11-12.54.17:143][331]
[2018.12.11-12.54.17:143][331]Primitives with unbuilt interactions: 0
[2018.12.11-12.54.17:185][332]Cmd: MAP CHECK NOTIFYRESULTS
[2018.12.11-12.54.17:185][332]MapCheck: New page: Testmap - 11 Dec 2018 14:54:17
[2018.12.11-12.54.17:191][332]MapCheck: Map check complete: 0 Error(s), 0 Warning(s), took 6.838ms to complete.
[2018.12.11-12.54.20:750][742]LogSlate: FSceneViewport::OnFocusLost() reason 0
[2018.12.11-12.55.07:303][778]LogEditorViewport: Clicking on Actor (LMB): StaticMeshActor (Cube)
[2018.12.11-12.55.09:249][929]LogSlate: FSceneViewport::OnFocusLost() reason 0
[2018.12.11-12.55.09:592][947]LogMaterial: Display: Missing cached shader map for material M_Wood_Walnut, compiling. 
[2018.12.11-12.55.09:664][947]LogShaderCompilers: Display: Shaders left to compile 31
[2018.12.11-12.55.09:664][947]LogShaderCompilers: Display: Shaders left to compile 21
[2018.12.11-12.55.09:664][947]LogShaderCompilers: Display: Shaders left to compile 11
[2018.12.11-12.55.09:664][947]LogShaderCompilers: Display: Shaders left to compile 1
[2018.12.11-12.55.18:669][583]LogSlate: FSceneViewport::OnFocusLost() reason 0
[2018.12.11-12.55.19:041][604]LogMaterial: Display: Missing cached shader map for material M_Wood_Floor_Walnut_Worn, compiling. 
[2018.12.11-12.55.19:075][604]LogShaderCompilers: Display: Shaders left to compile 31
[2018.12.11-12.55.19:075][604]LogShaderCompilers: Display: Shaders left to compile 21
[2018.12.11-12.55.19:075][604]LogShaderCompilers: Display: Shaders left to compile 11
[2018.12.11-12.55.19:075][604]LogShaderCompilers: Display: Shaders left to compile 1
[2018.12.11-12.55.30:411][448]LogSlate: FSceneViewport::OnFocusLost() reason 0
[2018.12.11-12.55.30:683][472]LogMaterial: Display: Missing cached shader map for material M_Wood_Floor_Walnut_Polished, compiling. 
[2018.12.11-12.55.30:716][472]LogShaderCompilers: Display: Shaders left to compile 31
[2018.12.11-12.55.30:716][472]LogShaderCompilers: Display: Shaders left to compile 21
[2018.12.11-12.55.30:716][472]LogShaderCompilers: Display: Shaders left to compile 11
[2018.12.11-12.55.30:716][472]LogShaderCompilers: Display: Shaders left to compile 1
[2018.12.11-12.55.40:804][234]LogEditorViewport: Clicking on Actor (context menu): StaticMeshActor (Cube)
[2018.12.11-12.55.40:838][234]LogSlate: FSceneViewport::OnFocusLost() reason 2
[2018.12.11-12.55.42:614][407]LogEditorViewport: Clicking on Actor (LMB): StaticMeshActor (Cube)
[2018.12.11-12.55.45:744][706]LogSlate: FSceneViewport::OnFocusLost() reason 0
[2018.12.11-12.56.07:007][758]LogSlate: Window 'Delete Assets' being destroyed
[2018.12.11-12.56.21:543][838]LogSlate: Window 'Delete Assets' being destroyed
[2018.12.11-12.56.35:132][157]LogSlate: Window 'Delete Assets' being destroyed
[2018.12.11-12.57.06:740][806]Cmd: OBJ SAVEPACKAGE PACKAGE="/Game/Map/Testmap" FILE="D:/EscapeRoom/Project/Content/Map/Testmap.umap" SILENT=true AUTOSAVING=false KEEPDIRTY=false
[2018.12.11-12.57.06:899][806]LogSavePackage: Moving 'D:/EscapeRoom/Project/Saved/Testmap507D82434D699E18F0F6359DEED7335D.tmp' to 'D:/EscapeRoom/Project/Content/Map/Testmap.umap'
[2018.12.11-12.57.06:928][806]Cmd: OBJ SAVEPACKAGE PACKAGE="/Game/Map/Testmap_BuiltData" FILE="D:/EscapeRoom/Project/Content/Map/Testmap_BuiltData.uasset" SILENT=true
[2018.12.11-12.57.07:011][806]LogSavePackage: Moving 'D:/EscapeRoom/Project/Saved/Testmap_BuiltDataD20342E24DF4E585EEC210932043F9B2.tmp' to 'D:/EscapeRoom/Project/Content/Map/Testmap_BuiltData.uasset'
[2018.12.11-12.58.40:338][820]Cmd: OBJ SAVEPACKAGE PACKAGE="/Game/Map/Testmap" FILE="D:/EscapeRoom/Project/Content/Map/Testmap.umap" SILENT=true AUTOSAVING=false KEEPDIRTY=false
[2018.12.11-12.58.40:495][820]LogSavePackage: Moving 'D:/EscapeRoom/Project/Saved/Testmap94A438374561ED1E36532EB43DA98D7A.tmp' to 'D:/EscapeRoom/Project/Content/Map/Testmap.umap'
[2018.12.11-12.58.40:524][820]Cmd: OBJ SAVEPACKAGE PACKAGE="/Game/Map/Testmap_BuiltData" FILE="D:/EscapeRoom/Project/Content/Map/Testmap_BuiltData.uasset" SILENT=true
[2018.12.11-12.58.40:604][820]LogSavePackage: Moving 'D:/EscapeRoom/Project/Saved/Testmap_BuiltData85C2F73D465F95088CDBA583F3F8A48A.tmp' to 'D:/EscapeRoom/Project/Content/Map/Testmap_BuiltData.uasset'
[2018.12.11-13.04.13:617][554]Cmd: OBJ SAVEPACKAGE PACKAGE="/Game/Map/Testmap" FILE="D:/EscapeRoom/Project/Content/Map/Testmap.umap" SILENT=true AUTOSAVING=false KEEPDIRTY=false
[2018.12.11-13.04.13:780][554]LogSavePackage: Moving 'D:/EscapeRoom/Project/Saved/Testmap6606B2F4423D7FFA2CC1DF97F698C83B.tmp' to 'D:/EscapeRoom/Project/Content/Map/Testmap.umap'
[2018.12.11-13.04.13:809][554]Cmd: OBJ SAVEPACKAGE PACKAGE="/Game/Map/Testmap_BuiltData" FILE="D:/EscapeRoom/Project/Content/Map/Testmap_BuiltData.uasset" SILENT=true
[2018.12.11-13.04.13:899][554]LogSavePackage: Moving 'D:/EscapeRoom/Project/Saved/Testmap_BuiltDataCA8FC8B945BB810A3417BE933093A1A7.tmp' to 'D:/EscapeRoom/Project/Content/Map/Testmap_BuiltData.uasset'
