Log file open, 12/10/18 11:01:19
LogWindows: Failed to load 'aqProf.dll' (GetLastError=126)
LogWindows: File 'aqProf.dll' does not exist
LogWindows: Failed to load 'VtuneApi.dll' (GetLastError=126)
LogWindows: File 'VtuneApi.dll' does not exist
LogWindows: Failed to load 'VtuneApi32e.dll' (GetLastError=126)
LogWindows: File 'VtuneApi32e.dll' does not exist
LogConsoleResponse: Display: Failed to find resolution value strings in scalability ini. Falling back to default.
LogInit: Display: Running engine for game: Project
LogPakFile: Registered encryption key '00000000000000000000000000000000': 0 pak files mounted, 0 remain pending
LogPlatformFile: Not using cached read wrapper
LogTaskGraph: Started task graph with 5 named threads and 23 total threads with 3 sets of task threads.
LogStats: Stats thread started at 0.307722
LogD3D11RHI: Loaded GFSDK_Aftermath_Lib.x64.dll
LogICUInternationalization: ICU TimeZone Detection - Raw Offset: +1:00, Platform Override: ''
LogPluginManager: Mounting plugin Paper2D
LogPluginManager: Mounting plugin AISupport
LogPluginManager: Mounting plugin LightPropagationVolume
LogPluginManager: Mounting plugin ActorLayerUtilities
LogPluginManager: Mounting plugin CLionSourceCodeAccess
LogPluginManager: Mounting plugin CodeLiteSourceCodeAccess
LogPluginManager: Mounting plugin GitSourceControl
LogPluginManager: Mounting plugin KDevelopSourceCodeAccess
LogPluginManager: Mounting plugin NullSourceCodeAccess
LogPluginManager: Mounting plugin PerforceSourceControl
LogPluginManager: Mounting plugin SubversionSourceControl
LogPluginManager: Mounting plugin UObjectPlugin
LogPluginManager: Mounting plugin VisualStudioCodeSourceCodeAccess
LogPluginManager: Mounting plugin VisualStudioSourceCodeAccess
LogPluginManager: Mounting plugin XCodeSourceCodeAccess
LogPluginManager: Mounting plugin AssetManagerEditor
LogPluginManager: Mounting plugin CryptoKeys
LogPluginManager: Mounting plugin DataValidation
LogPluginManager: Mounting plugin FacialAnimation
LogPluginManager: Mounting plugin GameplayTagsEditor
LogPluginManager: Mounting plugin MacGraphicsSwitching
LogPluginManager: Mounting plugin MeshEditor
LogPluginManager: Mounting plugin MobileLauncherProfileWizard
LogPluginManager: Mounting plugin PluginBrowser
LogPluginManager: Mounting plugin SpeedTreeImporter
LogPluginManager: Mounting plugin DatasmithContent
LogPluginManager: Mounting plugin VariantManagerContent
LogPluginManager: Mounting plugin AlembicImporter
LogPluginManager: Mounting plugin AppleImageUtils
LogPluginManager: Mounting plugin AppleVision
LogPluginManager: Mounting plugin BackChannel
LogPluginManager: Mounting plugin CharacterAI
LogPluginManager: Mounting plugin GeometryCache
LogPluginManager: Mounting plugin HTML5Networking
LogPluginManager: Mounting plugin ProxyLODPlugin
LogPluginManager: Mounting plugin MagicLeap
LogPluginManager: Mounting plugin MagicLeapMedia
LogPluginManager: Mounting plugin AndroidMedia
LogPluginManager: Mounting plugin AvfMedia
LogPluginManager: Mounting plugin ImgMedia
LogPluginManager: Mounting plugin LinearTimecode
LogPluginManager: Mounting plugin MediaCompositing
LogPluginManager: Mounting plugin MediaPlayerEditor
LogPluginManager: Mounting plugin WebMMedia
LogPluginManager: Mounting plugin WmfMedia
LogPluginManager: Mounting plugin TcpMessaging
LogPluginManager: Mounting plugin UdpMessaging
LogPluginManager: Mounting plugin ActorSequence
LogPluginManager: Mounting plugin LevelSequenceEditor
LogPluginManager: Mounting plugin MatineeToLevelSequence
LogPluginManager: Mounting plugin NetcodeUnitTest
LogPluginManager: Mounting plugin NUTUnrealEngine4
LogPluginManager: Mounting plugin OnlineSubsystemGooglePlay
LogPluginManager: Mounting plugin OnlineSubsystemIOS
LogPluginManager: Mounting plugin OnlineSubsystem
LogPluginManager: Mounting plugin OnlineSubsystemNull
LogPluginManager: Mounting plugin OnlineSubsystemUtils
LogPluginManager: Mounting plugin LauncherChunkInstaller
LogPluginManager: Mounting plugin AndroidDeviceProfileSelector
LogPluginManager: Mounting plugin AndroidMoviePlayer
LogPluginManager: Mounting plugin AndroidPermission
LogPluginManager: Mounting plugin AppleMoviePlayer
LogPluginManager: Mounting plugin ArchVisCharacter
LogPluginManager: Mounting plugin AudioCapture
LogPluginManager: Mounting plugin CableComponent
LogPluginManager: Mounting plugin CustomMeshComponent
LogPluginManager: Mounting plugin EditableMesh
LogPluginManager: Mounting plugin ExampleDeviceProfileSelector
LogPluginManager: Mounting plugin Firebase
LogPluginManager: Mounting plugin GoogleCloudMessaging
LogPluginManager: Mounting plugin IOSDeviceProfileSelector
LogPluginManager: Mounting plugin LinuxDeviceProfileSelector
LogPluginManager: Mounting plugin LocationServicesBPLibrary
LogPluginManager: Mounting plugin MobilePatchingUtils
LogPluginManager: Mounting plugin OculusVR
LogPluginManager: Mounting plugin PhysXVehicles
LogPluginManager: Mounting plugin ProceduralMeshComponent
LogPluginManager: Mounting plugin RuntimePhysXCooking
LogPluginManager: Mounting plugin SteamVR
LogPluginManager: Mounting plugin WebMMoviePlayer
LogPluginManager: Mounting plugin WindowsMoviePlayer
LogStreaming: Display: Took  0.131s to configure plugins.
LogInit: Using libcurl 7.55.1-DEV
LogInit:  - built for x86_64-pc-win32
LogInit:  - supports SSL with OpenSSL/1.0.2h
LogInit:  - supports HTTP deflate (compression) using libz 1.2.8
LogInit:  - other features:
LogInit:      CURL_VERSION_SSL
LogInit:      CURL_VERSION_LIBZ
LogInit:      CURL_VERSION_IPV6
LogInit:      CURL_VERSION_ASYNCHDNS
LogInit:      CURL_VERSION_LARGEFILE
LogInit:      CURL_VERSION_IDN
LogInit:  CurlRequestOptions (configurable via config and command line):
LogInit:  - bVerifyPeer = true  - Libcurl will verify peer certificate
LogInit:  - bUseHttpProxy = false  - Libcurl will NOT use HTTP proxy
LogInit:  - bDontReuseConnections = false  - Libcurl will reuse connections
LogInit:  - MaxHostConnections = 16  - Libcurl will limit the number of connections to a host
LogInit:  - LocalHostAddr = Default
LogInit:  - BufferSize = 65536
LogInit: WinSock: version 1.1 (2.2), MaxSocks=32767, MaxUdp=65467
LogInit: Build: ++UE4+Release-4.21-CL-4541578
LogInit: Engine Version: 4.21.0-4541578+++UE4+Release-4.21
LogInit: Compatible Engine Version: 4.21.0-4541578+++UE4+Release-4.21
LogInit: Net CL: 4541578
LogInit: OS: Windows 10 (), CPU: Intel(R) Core(TM) i7-7700HQ CPU @ 2.80GHz, GPU: Intel(R) HD Graphics 630
LogInit: Compiled (64-bit): Nov  6 2018 02:04:24
LogInit: Compiled with Visual C++: 19.13.26129.00
LogInit: Build Configuration: Development
LogInit: Branch Name: ++UE4+Release-4.21
LogInit: Command Line: 
LogInit: Base Directory: C:/Program Files/Epic Games/UE_4.21/Engine/Binaries/Win64/
LogInit: Installed Engine Build: 1
LogDevObjectVersion: Number of dev versions registered: 22
LogDevObjectVersion:   Dev-Blueprints (B0D832E4-1F89-4F0D-ACCF-7EB736FD4AA2): 10
LogDevObjectVersion:   Dev-Build (E1C64328-A22C-4D53-A36C-8E866417BD8C): 0
LogDevObjectVersion:   Dev-Core (375EC13C-06E4-48FB-B500-84F0262A717E): 2
LogDevObjectVersion:   Dev-Editor (E4B068ED-F494-42E9-A231-DA0B2E46BB41): 26
LogDevObjectVersion:   Dev-Framework (CFFC743F-43B0-4480-9391-14DF171D2073): 34
LogDevObjectVersion:   Dev-Mobile (B02B49B5-BB20-44E9-A304-32B752E40360): 2
LogDevObjectVersion:   Dev-Networking (A4E4105C-59A1-49B5-A7C5-40C4547EDFEE): 0
LogDevObjectVersion:   Dev-Online (39C831C9-5AE6-47DC-9A44-9C173E1C8E7C): 0
LogDevObjectVersion:   Dev-Physics (78F01B33-EBEA-4F98-B9B4-84EACCB95AA2): 0
LogDevObjectVersion:   Dev-Platform (6631380F-2D4D-43E0-8009-CF276956A95A): 0
LogDevObjectVersion:   Dev-Rendering (12F88B9F-8875-4AFC-A67C-D90C383ABD29): 27
LogDevObjectVersion:   Dev-Sequencer (7B5AE74C-D270-4C10-A958-57980B212A5A): 9
LogDevObjectVersion:   Dev-VR (D7296918-1DD6-4BDD-9DE2-64A83CC13884): 2
LogDevObjectVersion:   Dev-LoadTimes (C2A15278-BFE7-4AFE-6C17-90FF531DF755): 1
LogDevObjectVersion:   Private-Geometry (6EACA3D4-40EC-4CC1-B786-8BED09428FC5): 3
LogDevObjectVersion:   Dev-AnimPhys (29E575DD-E0A3-4627-9D10-D276232CDCEA): 17
LogDevObjectVersion:   Dev-Anim (AF43A65D-7FD3-4947-9873-3E8ED9C1BB05): 2
LogDevObjectVersion:   Dev-ReflectionCapture (6B266CEC-1EC7-4B8F-A30B-E4D90942FC07): 1
LogDevObjectVersion:   Dev-Automation (0DF73D61-A23F-47EA-B727-89E90C41499A): 1
LogDevObjectVersion:   FortniteMain (601D1886-AC64-4F84-AA16-D3DE0DEAC7D6): 17
LogDevObjectVersion:   Dev-Enterprise (9DFFBCD6-494F-0158-E221-12823C92A888): 4
LogDevObjectVersion:   Dev-Niagara (F2AED0AC-9AFE-416F-8664-AA7FFA26D6FC): 1
LogStreaming: Display: Took  0.002s to delete old logs.
LogInit: Presizing for max 8388607 objects, including 0 objects not considered by GC, pre-allocating 0 bytes for permanent pool.
LogInit: Object subsystem initialized
LogConfig: Setting CVar [[con.DebugEarlyDefault:1]]
LogConfig: Setting CVar [[r.setres:1280x720]]
[2018.12.10-10.01.19:672][  0]LogConfig: Setting CVar [[r.VSync:0]]
[2018.12.10-10.01.19:672][  0]LogConfig: Setting CVar [[r.RHICmdBypass:0]]
[2018.12.10-10.01.19:672][  0]LogConfig: Applying CVar settings from Section [/Script/Engine.RendererSettings] File [C:/Users/Floyd Lehman/Documents/GitHub/EscapeRoom/Project/Saved/Config/Windows/Engine.ini]
[2018.12.10-10.01.19:672][  0]LogConfig: Setting CVar [[r.GPUCrashDebugging:0]]
[2018.12.10-10.01.19:672][  0]LogConfig: Setting CVar [[r.DefaultFeature.AmbientOcclusion:0]]
[2018.12.10-10.01.19:672][  0]LogConfig: Setting CVar [[r.DefaultFeature.AmbientOcclusionStaticFraction:0]]
[2018.12.10-10.01.19:673][  0]LogConfig: Setting CVar [[vr.InstancedStereo:1]]
[2018.12.10-10.01.19:673][  0]LogConfig: Setting CVar [[r.SeparateTranslucency:0]]
[2018.12.10-10.01.19:673][  0]LogConfig: Setting CVar [[r.HZBOcclusion:0]]
[2018.12.10-10.01.19:673][  0]LogConfig: Setting CVar [[r.SSR.MaxRoughness:0]]
[2018.12.10-10.01.19:673][  0]LogConfig: Setting CVar [[r.rhicmdbypass:0]]
[2018.12.10-10.01.19:673][  0]LogConfig: Applying CVar settings from Section [/Script/Engine.RendererOverrideSettings] File [C:/Users/Floyd Lehman/Documents/GitHub/EscapeRoom/Project/Saved/Config/Windows/Engine.ini]
[2018.12.10-10.01.19:673][  0]LogConfig: Applying CVar settings from Section [/Script/Engine.StreamingSettings] File [C:/Users/Floyd Lehman/Documents/GitHub/EscapeRoom/Project/Saved/Config/Windows/Engine.ini]
[2018.12.10-10.01.19:673][  0]LogConfig: Setting CVar [[s.MinBulkDataSizeForAsyncLoading:131072]]
[2018.12.10-10.01.19:673][  0]LogConfig: Setting CVar [[s.AsyncLoadingThreadEnabled:0]]
[2018.12.10-10.01.19:673][  0]LogConfig: Setting CVar [[s.EventDrivenLoaderEnabled:1]]
[2018.12.10-10.01.19:673][  0]LogConfig: Setting CVar [[s.WarnIfTimeLimitExceeded:0]]
[2018.12.10-10.01.19:673][  0]LogConfig: Setting CVar [[s.TimeLimitExceededMultiplier:1.5]]
[2018.12.10-10.01.19:673][  0]LogConfig: Setting CVar [[s.TimeLimitExceededMinTime:0.005]]
[2018.12.10-10.01.19:673][  0]LogConfig: Setting CVar [[s.UseBackgroundLevelStreaming:1]]
[2018.12.10-10.01.19:673][  0]LogConfig: Setting CVar [[s.PriorityAsyncLoadingExtraTime:15.0]]
[2018.12.10-10.01.19:673][  0]LogConfig: Setting CVar [[s.LevelStreamingActorsUpdateTimeLimit:5.0]]
[2018.12.10-10.01.19:673][  0]LogConfig: Setting CVar [[s.PriorityLevelStreamingActorsUpdateExtraTime:5.0]]
[2018.12.10-10.01.19:673][  0]LogConfig: Setting CVar [[s.LevelStreamingComponentsRegistrationGranularity:10]]
[2018.12.10-10.01.19:673][  0]LogConfig: Setting CVar [[s.UnregisterComponentsTimeLimit:1.0]]
[2018.12.10-10.01.19:673][  0]LogConfig: Setting CVar [[s.LevelStreamingComponentsUnregistrationGranularity:5]]
[2018.12.10-10.01.19:673][  0]LogConfig: Applying CVar settings from Section [/Script/Engine.GarbageCollectionSettings] File [C:/Users/Floyd Lehman/Documents/GitHub/EscapeRoom/Project/Saved/Config/Windows/Engine.ini]
[2018.12.10-10.01.19:673][  0]LogConfig: Setting CVar [[gc.MaxObjectsNotConsideredByGC:1]]
[2018.12.10-10.01.19:673][  0]LogConfig: Setting CVar [[gc.SizeOfPermanentObjectPool:0]]
[2018.12.10-10.01.19:673][  0]LogConfig: Setting CVar [[gc.FlushStreamingOnGC:0]]
[2018.12.10-10.01.19:673][  0]LogConfig: Setting CVar [[gc.NumRetriesBeforeForcingGC:10]]
[2018.12.10-10.01.19:673][  0]LogConfig: Setting CVar [[gc.AllowParallelGC:1]]
[2018.12.10-10.01.19:673][  0]LogConfig: Setting CVar [[gc.TimeBetweenPurgingPendingKillObjects:61.1]]
[2018.12.10-10.01.19:673][  0]LogConfig: Setting CVar [[gc.MaxObjectsInEditor:8388607]]
[2018.12.10-10.01.19:673][  0]LogConfig: Setting CVar [[gc.IncrementalBeginDestroyEnabled:1]]
[2018.12.10-10.01.19:673][  0]LogConfig: Setting CVar [[gc.CreateGCClusters:1]]
[2018.12.10-10.01.19:673][  0]LogConfig: Setting CVar [[gc.MergeGCClusters:0]]
[2018.12.10-10.01.19:673][  0]LogConfig: Setting CVar [[gc.MinGCClusterSize:5]]
[2018.12.10-10.01.19:673][  0]LogConfig: Setting CVar [[gc.ActorClusteringEnabled:0]]
[2018.12.10-10.01.19:673][  0]LogConfig: Setting CVar [[gc.BlueprintClusteringEnabled:0]]
[2018.12.10-10.01.19:673][  0]LogConfig: Setting CVar [[gc.UseDisregardForGCOnDedicatedServers:0]]
[2018.12.10-10.01.19:673][  0]LogConfig: Applying CVar settings from Section [/Script/Engine.NetworkSettings] File [C:/Users/Floyd Lehman/Documents/GitHub/EscapeRoom/Project/Saved/Config/Windows/Engine.ini]
[2018.12.10-10.01.19:673][  0]LogConfig: Applying CVar settings from Section [/Script/UnrealEd.CookerSettings] File [C:/Users/Floyd Lehman/Documents/GitHub/EscapeRoom/Project/Saved/Config/Windows/Engine.ini]
[2018.12.10-10.01.19:676][  0]LogConfig: Applying CVar settings from Section [ViewDistanceQuality@3] File [C:/Users/Floyd Lehman/Documents/GitHub/EscapeRoom/Project/Saved/Config/Windows/Scalability.ini]
[2018.12.10-10.01.19:676][  0]LogConfig: Setting CVar [[r.SkeletalMeshLODBias:0]]
[2018.12.10-10.01.19:676][  0]LogConfig: Setting CVar [[r.ViewDistanceScale:1.0]]
[2018.12.10-10.01.19:676][  0]LogConfig: Applying CVar settings from Section [AntiAliasingQuality@3] File [C:/Users/Floyd Lehman/Documents/GitHub/EscapeRoom/Project/Saved/Config/Windows/Scalability.ini]
[2018.12.10-10.01.19:676][  0]LogConfig: Setting CVar [[r.PostProcessAAQuality:3]]
[2018.12.10-10.01.19:676][  0]LogConfig: Applying CVar settings from Section [ShadowQuality@3] File [C:/Users/Floyd Lehman/Documents/GitHub/EscapeRoom/Project/Saved/Config/Windows/Scalability.ini]
[2018.12.10-10.01.19:676][  0]LogConfig: Setting CVar [[r.LightFunctionQuality:1]]
[2018.12.10-10.01.19:676][  0]LogConfig: Setting CVar [[r.ShadowQuality:5]]
[2018.12.10-10.01.19:677][  0]LogConfig: Setting CVar [[r.Shadow.CSM.MaxCascades:10]]
[2018.12.10-10.01.19:677][  0]LogConfig: Setting CVar [[r.Shadow.MaxResolution:2048]]
[2018.12.10-10.01.19:677][  0]LogConfig: Setting CVar [[r.Shadow.MaxCSMResolution:2048]]
[2018.12.10-10.01.19:677][  0]LogConfig: Setting CVar [[r.Shadow.RadiusThreshold:0.01]]
[2018.12.10-10.01.19:677][  0]LogConfig: Setting CVar [[r.Shadow.DistanceScale:1.0]]
[2018.12.10-10.01.19:677][  0]LogConfig: Setting CVar [[r.Shadow.CSM.TransitionScale:1.0]]
[2018.12.10-10.01.19:677][  0]LogConfig: Setting CVar [[r.Shadow.PreShadowResolutionFactor:1.0]]
[2018.12.10-10.01.19:677][  0]LogConfig: Setting CVar [[r.DistanceFieldShadowing:1]]
[2018.12.10-10.01.19:677][  0]LogConfig: Setting CVar [[r.DistanceFieldAO:1]]
[2018.12.10-10.01.19:677][  0]LogConfig: Setting CVar [[r.AOQuality:2]]
[2018.12.10-10.01.19:677][  0]LogConfig: Setting CVar [[r.VolumetricFog:1]]
[2018.12.10-10.01.19:677][  0]LogConfig: Setting CVar [[r.VolumetricFog.GridPixelSize:8]]
[2018.12.10-10.01.19:677][  0]LogConfig: Setting CVar [[r.VolumetricFog.GridSizeZ:128]]
[2018.12.10-10.01.19:677][  0]LogConfig: Setting CVar [[r.VolumetricFog.HistoryMissSupersampleCount:4]]
[2018.12.10-10.01.19:677][  0]LogConfig: Setting CVar [[r.LightMaxDrawDistanceScale:1]]
[2018.12.10-10.01.19:677][  0]LogConfig: Setting CVar [[r.CapsuleShadows:1]]
[2018.12.10-10.01.19:677][  0]LogConfig: Applying CVar settings from Section [PostProcessQuality@3] File [C:/Users/Floyd Lehman/Documents/GitHub/EscapeRoom/Project/Saved/Config/Windows/Scalability.ini]
[2018.12.10-10.01.19:677][  0]LogConfig: Setting CVar [[r.MotionBlurQuality:0]]
[2018.12.10-10.01.19:677][  0]LogConfig: Setting CVar [[r.AmbientOcclusionMipLevelFactor:0.4]]
[2018.12.10-10.01.19:677][  0]LogConfig: Setting CVar [[r.AmbientOcclusionMaxQuality:100]]
[2018.12.10-10.01.19:677][  0]LogConfig: Setting CVar [[r.AmbientOcclusionLevels:0]]
[2018.12.10-10.01.19:677][  0]LogConfig: Setting CVar [[r.AmbientOcclusionRadiusScale:1.0]]
[2018.12.10-10.01.19:677][  0]LogConfig: Setting CVar [[r.DepthOfFieldQuality:0]]
[2018.12.10-10.01.19:677][  0]LogConfig: Setting CVar [[r.RenderTargetPoolMin:400]]
[2018.12.10-10.01.19:677][  0]LogConfig: Setting CVar [[r.LensFlareQuality:0]]
[2018.12.10-10.01.19:677][  0]LogConfig: Setting CVar [[r.SceneColorFringeQuality:0]]
[2018.12.10-10.01.19:677][  0]LogConfig: Setting CVar [[r.EyeAdaptationQuality:2]]
[2018.12.10-10.01.19:677][  0]LogConfig: Setting CVar [[r.BloomQuality:1]]
[2018.12.10-10.01.19:677][  0]LogConfig: Setting CVar [[r.FastBlurThreshold:0]]
[2018.12.10-10.01.19:677][  0]LogConfig: Setting CVar [[r.Upscale.Quality:3]]
[2018.12.10-10.01.19:677][  0]LogConfig: Setting CVar [[r.Tonemapper.GrainQuantization:1]]
[2018.12.10-10.01.19:677][  0]LogConfig: Setting CVar [[r.LightShaftQuality:1]]
[2018.12.10-10.01.19:677][  0]LogConfig: Setting CVar [[r.Filter.SizeScale:1]]
[2018.12.10-10.01.19:677][  0]LogConfig: Setting CVar [[r.Tonemapper.Quality:5]]
[2018.12.10-10.01.19:677][  0]LogConfig: Setting CVar [[r.DOF.Gather.AccumulatorQuality:1        ; higher gathering accumulator quality]]
[2018.12.10-10.01.19:677][  0]LogConfig: Setting CVar [[r.DOF.Gather.PostfilterMethod:1          ; Median3x3 postfilering method]]
[2018.12.10-10.01.19:677][  0]LogConfig: Setting CVar [[r.DOF.Gather.EnableBokehSettings:0       ; no bokeh simulation when gathering]]
[2018.12.10-10.01.19:677][  0]LogConfig: Setting CVar [[r.DOF.Gather.RingCount:4                 ; medium number of samples when gathering]]
[2018.12.10-10.01.19:677][  0]LogConfig: Setting CVar [[r.DOF.Scatter.ForegroundCompositing:1    ; additive foreground scattering]]
[2018.12.10-10.01.19:677][  0]LogConfig: Setting CVar [[r.DOF.Scatter.BackgroundCompositing:2    ; additive background scattering]]
[2018.12.10-10.01.19:677][  0]LogConfig: Setting CVar [[r.DOF.Scatter.EnableBokehSettings:1      ; bokeh simulation when scattering]]
[2018.12.10-10.01.19:677][  0]LogConfig: Setting CVar [[r.DOF.Scatter.MaxSpriteRatio:0.1         ; only a maximum of 10% of scattered bokeh]]
[2018.12.10-10.01.19:677][  0]LogConfig: Setting CVar [[r.DOF.Recombine.Quality:1                ; cheap slight out of focus]]
[2018.12.10-10.01.19:677][  0]LogConfig: Setting CVar [[r.DOF.Recombine.EnableBokehSettings:0    ; no bokeh simulation on slight out of focus]]
[2018.12.10-10.01.19:677][  0]LogConfig: Setting CVar [[r.DOF.TemporalAAQuality:1                ; more stable temporal accumulation]]
[2018.12.10-10.01.19:677][  0]LogConfig: Setting CVar [[r.DOF.Kernel.MaxForegroundRadius:0.025]]
[2018.12.10-10.01.19:677][  0]LogConfig: Setting CVar [[r.DOF.Kernel.MaxBackgroundRadius:0.025]]
[2018.12.10-10.01.19:677][  0]LogConfig: Applying CVar settings from Section [TextureQuality@3] File [C:/Users/Floyd Lehman/Documents/GitHub/EscapeRoom/Project/Saved/Config/Windows/Scalability.ini]
[2018.12.10-10.01.19:677][  0]LogConfig: Setting CVar [[r.Streaming.MipBias:0]]
[2018.12.10-10.01.19:677][  0]LogConfig: Setting CVar [[r.Streaming.AmortizeCPUToGPUCopy:0]]
[2018.12.10-10.01.19:677][  0]LogConfig: Setting CVar [[r.Streaming.MaxNumTexturesToStreamPerFrame:0]]
[2018.12.10-10.01.19:677][  0]LogConfig: Setting CVar [[r.Streaming.Boost:1]]
[2018.12.10-10.01.19:677][  0]LogConfig: Setting CVar [[r.MaxAnisotropy:8]]
[2018.12.10-10.01.19:677][  0]LogConfig: Setting CVar [[r.Streaming.LimitPoolSizeToVRAM:0]]
[2018.12.10-10.01.19:677][  0]LogConfig: Setting CVar [[r.Streaming.PoolSize:1000]]
[2018.12.10-10.01.19:677][  0]LogConfig: Setting CVar [[r.Streaming.MaxEffectiveScreenSize:0]]
[2018.12.10-10.01.19:677][  0]LogConfig: Applying CVar settings from Section [EffectsQuality@3] File [C:/Users/Floyd Lehman/Documents/GitHub/EscapeRoom/Project/Saved/Config/Windows/Scalability.ini]
[2018.12.10-10.01.19:677][  0]LogConfig: Setting CVar [[r.TranslucencyLightingVolumeDim:4]]
[2018.12.10-10.01.19:677][  0]LogConfig: Setting CVar [[r.RefractionQuality:2]]
[2018.12.10-10.01.19:677][  0]LogConfig: Setting CVar [[r.SSR.Quality:0]]
[2018.12.10-10.01.19:677][  0]LogConfig: Setting CVar [[r.SceneColorFormat:2]]
[2018.12.10-10.01.19:677][  0]LogConfig: Setting CVar [[r.DetailMode:2]]
[2018.12.10-10.01.19:677][  0]LogConfig: Setting CVar [[r.TranslucencyVolumeBlur:0]]
[2018.12.10-10.01.19:677][  0]LogConfig: Setting CVar [[r.MaterialQualityLevel:1 ; High quality]]
[2018.12.10-10.01.19:677][  0]LogConfig: Setting CVar [[r.SSS.Scale:1]]
[2018.12.10-10.01.19:677][  0]LogConfig: Setting CVar [[r.SSS.SampleSet:2]]
[2018.12.10-10.01.19:677][  0]LogConfig: Setting CVar [[r.SSS.Quality:1]]
[2018.12.10-10.01.19:677][  0]LogConfig: Setting CVar [[r.SSS.HalfRes:1]]
[2018.12.10-10.01.19:677][  0]LogConfig: Setting CVar [[r.EmitterSpawnRateScale:1.0]]
[2018.12.10-10.01.19:677][  0]LogConfig: Setting CVar [[r.ParticleLightQuality:2]]
[2018.12.10-10.01.19:677][  0]LogConfig: Applying CVar settings from Section [FoliageQuality@3] File [C:/Users/Floyd Lehman/Documents/GitHub/EscapeRoom/Project/Saved/Config/Windows/Scalability.ini]
[2018.12.10-10.01.19:677][  0]LogConfig: Setting CVar [[foliage.DensityScale:1.0]]
[2018.12.10-10.01.19:677][  0]LogConfig: Setting CVar [[grass.DensityScale:1.0]]
[2018.12.10-10.01.19:678][  0]LogInit: Selected Device Profile: [Windows]
[2018.12.10-10.01.19:678][  0]LogInit: Applying CVar settings loaded from the selected device profile: [Windows]
[2018.12.10-10.01.19:699][  0]LogHAL: Display: Platform has ~ 8 GB [8429789184 / 8589934592 / 8], which maps to Default [LargestMinGB=32, LargerMinGB=12, DefaultMinGB=8, SmallerMinGB=6, SmallestMinGB=0)
[2018.12.10-10.01.19:700][  0]LogConfig: Setting CVar [[r.Vulkan.UseRealUBs:1]]
[2018.12.10-10.01.19:700][  0]LogInit: Going up to parent DeviceProfile []
[2018.12.10-10.01.19:700][  0]LogConfig: Applying CVar settings from Section [ViewDistanceQuality@3] File [C:/Users/Floyd Lehman/Documents/GitHub/EscapeRoom/Project/Saved/Config/Windows/Scalability.ini]
[2018.12.10-10.01.19:700][  0]LogConfig: Setting CVar [[r.SkeletalMeshLODBias:0]]
[2018.12.10-10.01.19:700][  0]LogConfig: Setting CVar [[r.ViewDistanceScale:1.0]]
[2018.12.10-10.01.19:700][  0]LogConfig: Applying CVar settings from Section [AntiAliasingQuality@3] File [C:/Users/Floyd Lehman/Documents/GitHub/EscapeRoom/Project/Saved/Config/Windows/Scalability.ini]
[2018.12.10-10.01.19:700][  0]LogConfig: Setting CVar [[r.PostProcessAAQuality:3]]
[2018.12.10-10.01.19:700][  0]LogConfig: Applying CVar settings from Section [ShadowQuality@3] File [C:/Users/Floyd Lehman/Documents/GitHub/EscapeRoom/Project/Saved/Config/Windows/Scalability.ini]
[2018.12.10-10.01.19:700][  0]LogConfig: Setting CVar [[r.LightFunctionQuality:1]]
[2018.12.10-10.01.19:700][  0]LogConfig: Setting CVar [[r.ShadowQuality:5]]
[2018.12.10-10.01.19:700][  0]LogConfig: Setting CVar [[r.Shadow.CSM.MaxCascades:10]]
[2018.12.10-10.01.19:700][  0]LogConfig: Setting CVar [[r.Shadow.MaxResolution:2048]]
[2018.12.10-10.01.19:700][  0]LogConfig: Setting CVar [[r.Shadow.MaxCSMResolution:2048]]
[2018.12.10-10.01.19:700][  0]LogConfig: Setting CVar [[r.Shadow.RadiusThreshold:0.01]]
[2018.12.10-10.01.19:700][  0]LogConfig: Setting CVar [[r.Shadow.DistanceScale:1.0]]
[2018.12.10-10.01.19:700][  0]LogConfig: Setting CVar [[r.Shadow.CSM.TransitionScale:1.0]]
[2018.12.10-10.01.19:700][  0]LogConfig: Setting CVar [[r.Shadow.PreShadowResolutionFactor:1.0]]
[2018.12.10-10.01.19:700][  0]LogConfig: Setting CVar [[r.DistanceFieldShadowing:1]]
[2018.12.10-10.01.19:700][  0]LogConfig: Setting CVar [[r.DistanceFieldAO:1]]
[2018.12.10-10.01.19:700][  0]LogConfig: Setting CVar [[r.AOQuality:2]]
[2018.12.10-10.01.19:700][  0]LogConfig: Setting CVar [[r.VolumetricFog:1]]
[2018.12.10-10.01.19:700][  0]LogConfig: Setting CVar [[r.VolumetricFog.GridPixelSize:8]]
[2018.12.10-10.01.19:700][  0]LogConfig: Setting CVar [[r.VolumetricFog.GridSizeZ:128]]
[2018.12.10-10.01.19:700][  0]LogConfig: Setting CVar [[r.VolumetricFog.HistoryMissSupersampleCount:4]]
[2018.12.10-10.01.19:700][  0]LogConfig: Setting CVar [[r.LightMaxDrawDistanceScale:1]]
[2018.12.10-10.01.19:700][  0]LogConfig: Setting CVar [[r.CapsuleShadows:1]]
[2018.12.10-10.01.19:700][  0]LogConfig: Applying CVar settings from Section [PostProcessQuality@3] File [C:/Users/Floyd Lehman/Documents/GitHub/EscapeRoom/Project/Saved/Config/Windows/Scalability.ini]
[2018.12.10-10.01.19:700][  0]LogConfig: Setting CVar [[r.MotionBlurQuality:0]]
[2018.12.10-10.01.19:700][  0]LogConfig: Setting CVar [[r.AmbientOcclusionMipLevelFactor:0.4]]
[2018.12.10-10.01.19:700][  0]LogConfig: Setting CVar [[r.AmbientOcclusionMaxQuality:100]]
[2018.12.10-10.01.19:700][  0]LogConfig: Setting CVar [[r.AmbientOcclusionLevels:0]]
[2018.12.10-10.01.19:700][  0]LogConfig: Setting CVar [[r.AmbientOcclusionRadiusScale:1.0]]
[2018.12.10-10.01.19:700][  0]LogConfig: Setting CVar [[r.DepthOfFieldQuality:0]]
[2018.12.10-10.01.19:700][  0]LogConfig: Setting CVar [[r.RenderTargetPoolMin:400]]
[2018.12.10-10.01.19:700][  0]LogConfig: Setting CVar [[r.LensFlareQuality:0]]
[2018.12.10-10.01.19:700][  0]LogConfig: Setting CVar [[r.SceneColorFringeQuality:0]]
[2018.12.10-10.01.19:700][  0]LogConfig: Setting CVar [[r.EyeAdaptationQuality:2]]
[2018.12.10-10.01.19:700][  0]LogConfig: Setting CVar [[r.BloomQuality:1]]
[2018.12.10-10.01.19:700][  0]LogConfig: Setting CVar [[r.FastBlurThreshold:0]]
[2018.12.10-10.01.19:700][  0]LogConfig: Setting CVar [[r.Upscale.Quality:3]]
[2018.12.10-10.01.19:700][  0]LogConfig: Setting CVar [[r.Tonemapper.GrainQuantization:1]]
[2018.12.10-10.01.19:700][  0]LogConfig: Setting CVar [[r.LightShaftQuality:1]]
[2018.12.10-10.01.19:700][  0]LogConfig: Setting CVar [[r.Filter.SizeScale:1]]
[2018.12.10-10.01.19:700][  0]LogConfig: Setting CVar [[r.Tonemapper.Quality:5]]
[2018.12.10-10.01.19:700][  0]LogConfig: Setting CVar [[r.DOF.Gather.AccumulatorQuality:1        ; higher gathering accumulator quality]]
[2018.12.10-10.01.19:700][  0]LogConfig: Setting CVar [[r.DOF.Gather.PostfilterMethod:1          ; Median3x3 postfilering method]]
[2018.12.10-10.01.19:700][  0]LogConfig: Setting CVar [[r.DOF.Gather.EnableBokehSettings:0       ; no bokeh simulation when gathering]]
[2018.12.10-10.01.19:700][  0]LogConfig: Setting CVar [[r.DOF.Gather.RingCount:4                 ; medium number of samples when gathering]]
[2018.12.10-10.01.19:700][  0]LogConfig: Setting CVar [[r.DOF.Scatter.ForegroundCompositing:1    ; additive foreground scattering]]
[2018.12.10-10.01.19:700][  0]LogConfig: Setting CVar [[r.DOF.Scatter.BackgroundCompositing:2    ; additive background scattering]]
[2018.12.10-10.01.19:700][  0]LogConfig: Setting CVar [[r.DOF.Scatter.EnableBokehSettings:1      ; bokeh simulation when scattering]]
[2018.12.10-10.01.19:700][  0]LogConfig: Setting CVar [[r.DOF.Scatter.MaxSpriteRatio:0.1         ; only a maximum of 10% of scattered bokeh]]
[2018.12.10-10.01.19:700][  0]LogConfig: Setting CVar [[r.DOF.Recombine.Quality:1                ; cheap slight out of focus]]
[2018.12.10-10.01.19:700][  0]LogConfig: Setting CVar [[r.DOF.Recombine.EnableBokehSettings:0    ; no bokeh simulation on slight out of focus]]
[2018.12.10-10.01.19:700][  0]LogConfig: Setting CVar [[r.DOF.TemporalAAQuality:1                ; more stable temporal accumulation]]
[2018.12.10-10.01.19:700][  0]LogConfig: Setting CVar [[r.DOF.Kernel.MaxForegroundRadius:0.025]]
[2018.12.10-10.01.19:700][  0]LogConfig: Setting CVar [[r.DOF.Kernel.MaxBackgroundRadius:0.025]]
[2018.12.10-10.01.19:700][  0]LogConfig: Applying CVar settings from Section [TextureQuality@3] File [C:/Users/Floyd Lehman/Documents/GitHub/EscapeRoom/Project/Saved/Config/Windows/Scalability.ini]
[2018.12.10-10.01.19:700][  0]LogConfig: Setting CVar [[r.Streaming.MipBias:0]]
[2018.12.10-10.01.19:700][  0]LogConfig: Setting CVar [[r.Streaming.AmortizeCPUToGPUCopy:0]]
[2018.12.10-10.01.19:700][  0]LogConfig: Setting CVar [[r.Streaming.MaxNumTexturesToStreamPerFrame:0]]
[2018.12.10-10.01.19:700][  0]LogConfig: Setting CVar [[r.Streaming.Boost:1]]
[2018.12.10-10.01.19:700][  0]LogConfig: Setting CVar [[r.MaxAnisotropy:8]]
[2018.12.10-10.01.19:700][  0]LogConfig: Setting CVar [[r.Streaming.LimitPoolSizeToVRAM:0]]
[2018.12.10-10.01.19:700][  0]LogConfig: Setting CVar [[r.Streaming.PoolSize:1000]]
[2018.12.10-10.01.19:700][  0]LogConfig: Setting CVar [[r.Streaming.MaxEffectiveScreenSize:0]]
[2018.12.10-10.01.19:700][  0]LogConfig: Applying CVar settings from Section [EffectsQuality@3] File [C:/Users/Floyd Lehman/Documents/GitHub/EscapeRoom/Project/Saved/Config/Windows/Scalability.ini]
[2018.12.10-10.01.19:700][  0]LogConfig: Setting CVar [[r.TranslucencyLightingVolumeDim:4]]
[2018.12.10-10.01.19:700][  0]LogConfig: Setting CVar [[r.RefractionQuality:2]]
[2018.12.10-10.01.19:700][  0]LogConfig: Setting CVar [[r.SSR.Quality:0]]
[2018.12.10-10.01.19:700][  0]LogConfig: Setting CVar [[r.SceneColorFormat:2]]
[2018.12.10-10.01.19:700][  0]LogConfig: Setting CVar [[r.DetailMode:2]]
[2018.12.10-10.01.19:700][  0]LogConfig: Setting CVar [[r.TranslucencyVolumeBlur:0]]
[2018.12.10-10.01.19:700][  0]LogConfig: Setting CVar [[r.MaterialQualityLevel:1 ; High quality]]
[2018.12.10-10.01.19:700][  0]LogConfig: Setting CVar [[r.SSS.Scale:1]]
[2018.12.10-10.01.19:701][  0]LogConfig: Setting CVar [[r.SSS.SampleSet:2]]
[2018.12.10-10.01.19:701][  0]LogConfig: Setting CVar [[r.SSS.Quality:1]]
[2018.12.10-10.01.19:701][  0]LogConfig: Setting CVar [[r.SSS.HalfRes:1]]
[2018.12.10-10.01.19:701][  0]LogConfig: Setting CVar [[r.EmitterSpawnRateScale:1.0]]
[2018.12.10-10.01.19:701][  0]LogConfig: Setting CVar [[r.ParticleLightQuality:2]]
[2018.12.10-10.01.19:701][  0]LogConfig: Applying CVar settings from Section [FoliageQuality@3] File [C:/Users/Floyd Lehman/Documents/GitHub/EscapeRoom/Project/Saved/Config/Windows/Scalability.ini]
[2018.12.10-10.01.19:701][  0]LogConfig: Setting CVar [[foliage.DensityScale:1.0]]
[2018.12.10-10.01.19:701][  0]LogConfig: Setting CVar [[grass.DensityScale:1.0]]
[2018.12.10-10.01.19:701][  0]LogConfig: Applying CVar settings from Section [Startup] File [../../../Engine/Config/ConsoleVariables.ini]
[2018.12.10-10.01.19:701][  0]LogConfig: Setting CVar [[net.UseAdaptiveNetUpdateFrequency:0]]
[2018.12.10-10.01.19:701][  0]LogConfig: Applying CVar settings from Section [ConsoleVariables] File [C:/Users/Floyd Lehman/Documents/GitHub/EscapeRoom/Project/Saved/Config/Windows/Engine.ini]
[2018.12.10-10.01.19:701][  0]LogInit: Computer: DESKTOP-8AMLK8E
[2018.12.10-10.01.19:701][  0]LogInit: User: FloydLehman
[2018.12.10-10.01.19:701][  0]LogInit: CPU Page size=4096, Cores=4
[2018.12.10-10.01.19:701][  0]LogInit: High frequency timer resolution =2.742187 MHz
[2018.12.10-10.01.19:701][  0]LogMemory: Memory total: Physical=7.9GB (8GB approx)
[2018.12.10-10.01.19:701][  0]LogMemory: Platform Memory Stats for Windows
[2018.12.10-10.01.19:701][  0]LogMemory: Process Physical Memory: 102.80 MB used, 102.80 MB peak
[2018.12.10-10.01.19:701][  0]LogMemory: Process Virtual Memory: 85.04 MB used, 85.04 MB peak
[2018.12.10-10.01.19:701][  0]LogMemory: Physical Memory: 5145.78 MB used,  2893.49 MB free, 8039.27 MB total
[2018.12.10-10.01.19:701][  0]LogMemory: Virtual Memory: 4646.19 MB used,  134213080.00 MB free, 134217728.00 MB total
[2018.12.10-10.01.20:022][  0]LogInit: Using OS detected language (nl-NL).
[2018.12.10-10.01.20:022][  0]LogInit: Using OS detected locale (en-GB).
[2018.12.10-10.01.20:023][  0]LogTextLocalizationManager: No localization for 'nl-NL' exists, so 'en' will be used for the language.
[2018.12.10-10.01.20:460][  0]LogStreaming: Display: Took  0.438s to InitEngineTextLocalization.
[2018.12.10-10.01.20:460][  0]LogInit: Setting process to per monitor DPI aware
[2018.12.10-10.01.20:484][  0]LogSlate: New Slate User Created.  User Index 0, Is Virtual User: 0
[2018.12.10-10.01.20:484][  0]LogSlate: Slate User Registered.  User Index 0, Is Virtual User: 0
[2018.12.10-10.01.20:845][  0]LogHMD: Failed to initialize OpenVR with code 126
[2018.12.10-10.01.20:845][  0]LogD3D11RHI: D3D11 adapters:
[2018.12.10-10.01.20:926][  0]LogD3D11RHI:    0. 'NVIDIA GeForce GTX 1060' (Feature Level 11_0)
[2018.12.10-10.01.20:926][  0]LogD3D11RHI:       2987/0/4019 MB DedicatedVideo/DedicatedSystem/SharedSystem, Outputs:1, VendorId:0x10de
[2018.12.10-10.01.20:943][  0]LogD3D11RHI:    1. 'Intel(R) HD Graphics 630' (Feature Level 11_0)
[2018.12.10-10.01.20:943][  0]LogD3D11RHI:       128/0/4019 MB DedicatedVideo/DedicatedSystem/SharedSystem, Outputs:0, VendorId:0x8086
[2018.12.10-10.01.20:946][  0]LogD3D11RHI:    2. 'Microsoft Basic Render Driver' (Feature Level 11_0)
[2018.12.10-10.01.20:946][  0]LogD3D11RHI:       0/0/4019 MB DedicatedVideo/DedicatedSystem/SharedSystem, Outputs:0, VendorId:0x1414
[2018.12.10-10.01.20:946][  0]LogD3D11RHI: Chosen D3D11 Adapter: 0
[2018.12.10-10.01.20:974][  0]LogD3D11RHI: Creating new Direct3DDevice
[2018.12.10-10.01.20:975][  0]LogD3D11RHI:     GPU DeviceId: 0x1c20 (for the marketing name, search the web for "GPU Device Id")
[2018.12.10-10.01.20:975][  0]LogWindows: EnumDisplayDevices:
[2018.12.10-10.01.20:975][  0]LogWindows:    0. 'Intel(R) HD Graphics 630' (P:1 D:1)
[2018.12.10-10.01.20:975][  0]LogWindows:    1. 'Intel(R) HD Graphics 630' (P:0 D:0)
[2018.12.10-10.01.20:975][  0]LogWindows:    2. 'Intel(R) HD Graphics 630' (P:0 D:0)
[2018.12.10-10.01.20:976][  0]LogWindows:    3. 'NVIDIA GeForce GTX 1060' (P:0 D:0)
[2018.12.10-10.01.20:976][  0]LogWindows:    4. 'NVIDIA GeForce GTX 1060' (P:0 D:0)
[2018.12.10-10.01.20:976][  0]LogWindows:    5. 'NVIDIA GeForce GTX 1060' (P:0 D:0)
[2018.12.10-10.01.20:976][  0]LogWindows:    6. 'NVIDIA GeForce GTX 1060' (P:0 D:0)
[2018.12.10-10.01.20:977][  0]LogWindows: DebugString: PrimaryIsNotTheChoosenAdapter PrimaryIsNotTheChoosenAdapter PrimaryIsNotTheChoosenAdapter FoundDriverCount:4 
[2018.12.10-10.01.20:977][  0]LogD3D11RHI:     Adapter Name: NVIDIA GeForce GTX 1060
[2018.12.10-10.01.20:977][  0]LogD3D11RHI:   Driver Version: 399.01 (internal:24.21.13.9901, unified:399.01)
[2018.12.10-10.01.20:977][  0]LogD3D11RHI:      Driver Date: 8-13-2018
[2018.12.10-10.01.20:977][  0]LogRHI: Texture pool is 2090 MB (70% of 2987 MB)
[2018.12.10-10.01.21:020][  0]LogD3D11RHI: Async texture creation enabled
[2018.12.10-10.01.21:037][  0]LogD3D11RHI: GPU Timing Frequency: 1000.000000 (Debug: 2 2)
[2018.12.10-10.01.21:446][  0]LogTemp: Display: Loaded TP AllDesktopTargetPlatform
[2018.12.10-10.01.21:459][  0]LogTemp: Display: Loaded TP MacClientTargetPlatform
[2018.12.10-10.01.21:473][  0]LogTemp: Display: Loaded TP MacNoEditorTargetPlatform
[2018.12.10-10.01.21:487][  0]LogTemp: Display: Loaded TP MacServerTargetPlatform
[2018.12.10-10.01.21:501][  0]LogTemp: Display: Loaded TP MacTargetPlatform
[2018.12.10-10.01.21:517][  0]LogTemp: Display: Loaded TP WindowsClientTargetPlatform
[2018.12.10-10.01.21:532][  0]LogTemp: Display: Loaded TP WindowsNoEditorTargetPlatform
[2018.12.10-10.01.21:545][  0]LogTemp: Display: Loaded TP WindowsServerTargetPlatform
[2018.12.10-10.01.21:553][  0]LogTemp: Display: Loaded TP WindowsTargetPlatform
[2018.12.10-10.01.21:635][  0]LogTemp: Display: Loaded TP AndroidTargetPlatform
[2018.12.10-10.01.21:635][  0]LogTemp: Display: Loaded TP AndroidTargetPlatform
[2018.12.10-10.01.21:635][  0]LogTemp: Display: Loaded TP AndroidTargetPlatform
[2018.12.10-10.01.21:635][  0]LogTemp: Display: Loaded TP AndroidTargetPlatform
[2018.12.10-10.01.21:635][  0]LogTemp: Display: Loaded TP AndroidTargetPlatform
[2018.12.10-10.01.21:635][  0]LogTemp: Display: Loaded TP AndroidTargetPlatform
[2018.12.10-10.01.21:635][  0]LogTemp: Display: Loaded TP AndroidTargetPlatform
[2018.12.10-10.01.21:635][  0]LogTemp: Display: Loaded TP AndroidTargetPlatform
[2018.12.10-10.01.21:635][  0]LogTemp: Display: Loaded TP AndroidTargetPlatform
[2018.12.10-10.01.21:635][  0]LogTemp: Display: Loaded TP AndroidTargetPlatform
[2018.12.10-10.01.21:635][  0]LogTemp: Display: Loaded TP AndroidTargetPlatform
[2018.12.10-10.01.21:635][  0]LogTemp: Display: Loaded TP AndroidTargetPlatform
[2018.12.10-10.01.21:635][  0]LogTemp: Display: Loaded TP AndroidTargetPlatform
[2018.12.10-10.01.21:635][  0]LogTemp: Display: Loaded TP AndroidTargetPlatform
[2018.12.10-10.01.21:635][  0]LogTemp: Display: Loaded TP AndroidTargetPlatform
[2018.12.10-10.01.21:635][  0]LogTemp: Display: Loaded TP AndroidTargetPlatform
[2018.12.10-10.01.21:635][  0]LogTemp: Display: Loaded TP AndroidTargetPlatform
[2018.12.10-10.01.21:635][  0]LogTemp: Display: Loaded TP AndroidTargetPlatform
[2018.12.10-10.01.21:637][  0]LogTemp: Display: Loaded TP HTML5TargetPlatform
[2018.12.10-10.01.21:702][  0]LogTemp: Display: Loaded TP IOSTargetPlatform
[2018.12.10-10.01.21:702][  0]LogTemp: Display: Loaded TP IOSTargetPlatform
[2018.12.10-10.01.21:728][  0]LogTemp: Display: Loaded TP TVOSTargetPlatform
[2018.12.10-10.01.21:728][  0]LogTemp: Display: Loaded TP TVOSTargetPlatform
[2018.12.10-10.01.21:741][  0]LogTemp: Display: Loaded TP LinuxClientTargetPlatform
[2018.12.10-10.01.21:754][  0]LogTemp: Display: Loaded TP LinuxNoEditorTargetPlatform
[2018.12.10-10.01.21:768][  0]LogTemp: Display: Loaded TP LinuxServerTargetPlatform
[2018.12.10-10.01.21:782][  0]LogTemp: Display: Loaded TP LinuxTargetPlatform
[2018.12.10-10.01.21:833][  0]LogTemp: Display: Loaded TP LuminTargetPlatform
[2018.12.10-10.01.21:833][  0]LogTemp: Display: Loaded TP LuminTargetPlatform
[2018.12.10-10.01.21:834][  0]LogTargetPlatformManager: Display: Building Assets For Windows
[2018.12.10-10.01.21:908][  0]LogShaderCompilers: Guid format shader working directory is -20 characters bigger than the processId version (../../../../../../Users/Floyd Lehman/Documents/GitHub/EscapeRoom/Project/Intermediate/Shaders/WorkingDirectory/11744/).
[2018.12.10-10.01.21:908][  0]LogShaderCompilers: Cleaned the shader compiler working directory 'C:/Users/Floyd Lehman/AppData/Local/Temp/UnrealShaderWorkingDir/F7AC4FDB418CFAD8FA736EB86E9F537A/'.
[2018.12.10-10.01.21:911][  0]LogXGEController: Cannot use XGE Controller as Incredibuild is not installed on this machine.
[2018.12.10-10.01.21:911][  0]LogShaderCompilers: Cannot use XGE Shader Compiler as Incredibuild is not installed on this machine.
[2018.12.10-10.01.21:911][  0]LogShaderCompilers: Display: Using Local Shader Compiler.
[2018.12.10-10.01.22:513][  0]LogDerivedDataCache: Display: Max Cache Size: 512 MB
[2018.12.10-10.01.22:585][  0]LogDerivedDataCache: Loaded boot cache 0.07s 85MB C:/Users/Floyd Lehman/AppData/Local/UnrealEngine/4.21/DerivedDataCache/Boot.ddc.
[2018.12.10-10.01.22:586][  0]LogDerivedDataCache: Display: Loaded Boot cache: C:/Users/Floyd Lehman/AppData/Local/UnrealEngine/4.21/DerivedDataCache/Boot.ddc
[2018.12.10-10.01.22:586][  0]LogDerivedDataCache: FDerivedDataBackendGraph:  Pak pak cache file ../../../../../../Users/Floyd Lehman/Documents/GitHub/EscapeRoom/Project/DerivedDataCache/DDC.ddp not found, will not use a pak cache.
[2018.12.10-10.01.22:586][  0]LogDerivedDataCache: Unable to find inner node Pak for hierarchical cache Hierarchy.
[2018.12.10-10.01.22:586][  0]LogDerivedDataCache: FDerivedDataBackendGraph:  CompressedPak pak cache file ../../../../../../Users/Floyd Lehman/Documents/GitHub/EscapeRoom/Project/DerivedDataCache/Compressed.ddp not found, will not use a pak cache.
[2018.12.10-10.01.22:586][  0]LogDerivedDataCache: Unable to find inner node CompressedPak for hierarchical cache Hierarchy.
[2018.12.10-10.01.22:600][  0]LogDerivedDataCache: Display: Pak cache opened for reading ../../../Engine/DerivedDataCache/Compressed.ddp.
[2018.12.10-10.01.22:601][  0]LogDerivedDataCache: FDerivedDataBackendGraph:  EnterprisePak pak cache file ../../../Enterprise/DerivedDataCache/Compressed.ddp not found, will not use a pak cache.
[2018.12.10-10.01.22:601][  0]LogDerivedDataCache: Unable to find inner node EnterprisePak for hierarchical cache Hierarchy.
[2018.12.10-10.01.22:613][  0]LogDerivedDataCache: Using Local data cache path C:/Users/Floyd Lehman/AppData/Local/UnrealEngine/Common/DerivedDataCache: Writable
[2018.12.10-10.01.22:613][  0]LogDerivedDataCache: Shared data cache path not found in *engine.ini, will not use an Shared cache.
[2018.12.10-10.01.22:613][  0]LogDerivedDataCache: Unable to find inner node Shared for hierarchical cache Hierarchy.
[2018.12.10-10.01.22:640][  0]LogMaterial: Verifying Global Shaders for PCD3D_SM5
[2018.12.10-10.01.22:642][  0]LogSlate: Using FreeType 2.6.0
[2018.12.10-10.01.22:643][  0]LogSlate: SlateFontServices - WITH_FREETYPE: 1, WITH_HARFBUZZ: 1
[2018.12.10-10.01.22:750][  0]LogAssetRegistry: FAssetRegistry took 0.0334 seconds to start up
[2018.12.10-10.01.23:098][  0]LogInit: Selected Device Profile: [Windows]
[2018.12.10-10.01.23:256][  0]LogSimplygon: Simplygon DLL not present - disabling.
[2018.12.10-10.01.23:261][  0]LogMeshReduction: Using SimplygonSwarm for distributed automatic mesh merging
[2018.12.10-10.01.23:261][  0]LogMeshReduction: Using ProxyLODMeshReduction for automatic mesh merging
[2018.12.10-10.01.23:261][  0]LogMeshReduction: Using QuadricMeshReduction for automatic static mesh reduction
[2018.12.10-10.01.23:261][  0]LogMeshReduction: No automatic skeletal mesh reduction module available
[2018.12.10-10.01.23:277][  0]LogNetVersion: Project 1.0.0, NetCL: 4541578, EngineNetVer: 5, GameNetVer: 0 (Checksum: 1228489884)
[2018.12.10-10.01.23:844][  0]LogPackageLocalizationCache: Processed 11 localized package path(s) for 1 prioritized culture(s) in 0.077749 seconds
[2018.12.10-10.01.23:852][  0]LogUObjectArray: 39775 objects as part of root set at end of initial load.
[2018.12.10-10.01.23:852][  0]LogUObjectAllocator: 6914656 out of 0 bytes used by permanent object pool.
[2018.12.10-10.01.23:852][  0]LogUObjectArray: CloseDisregardForGC: 0/0 objects in disregard for GC pool
[2018.12.10-10.01.24:923][  0]LogTcpMessaging: Initializing TcpMessaging bridge
[2018.12.10-10.01.24:936][  0]LogUdpMessaging: Initializing bridge on interface 0.0.0.0:0 to multicast group 230.0.0.1:6666.
[2018.12.10-10.01.25:843][  0]SourceControl: Source control is disabled
[2018.12.10-10.01.25:843][  0]SourceControl: Source control is disabled
[2018.12.10-10.01.25:845][  0]SourceControl: Source control is disabled
[2018.12.10-10.01.25:846][  0]SourceControl: Source control is disabled
[2018.12.10-10.01.26:022][  0]LogAndroidPermission: UAndroidPermissionCallbackProxy::GetInstance
[2018.12.10-10.01.26:114][  0]LogOcInput: OculusInput pre-init called
[2018.12.10-10.01.26:519][  0]LogEngine: Initializing Engine...
[2018.12.10-10.01.26:557][  0]LogHMD: Failed to initialize OpenVR with code 126
[2018.12.10-10.01.26:559][  0]LogStats: UGameplayTagsManager::ConstructGameplayTagTree: ImportINI prefixes -  0.000 s
[2018.12.10-10.01.26:559][  0]LogStats: UGameplayTagsManager::ConstructGameplayTagTree: Construct from data asset -  0.000 s
[2018.12.10-10.01.26:559][  0]LogStats: UGameplayTagsManager::ConstructGameplayTagTree: ImportINI -  0.000 s
[2018.12.10-10.01.26:559][  0]LogStats: UGameplayTagsManager::ConstructGameplayTagTree: GameplayTagTreeChangedEvent.Broadcast -  0.000 s
[2018.12.10-10.01.26:832][  0]LogInit: Initializing FReadOnlyCVARCache
[2018.12.10-10.01.26:850][  0]LogAIModule: Creating AISystem for world Untitled
[2018.12.10-10.01.26:898][  0]LogInit: XAudio2 using 'Luidsprekers (Realtek High Definition Audio)' : 6 channels at 48 kHz using 32 bits per sample (channel mask 0x3f)
[2018.12.10-10.01.27:146][  0]LogInit: FAudioDevice initialized.
[2018.12.10-10.01.27:146][  0]LogNetVersion: Set ProjectVersion to 1.0.0.0. Version Checksum will be recalculated on next use.
[2018.12.10-10.01.27:236][  0]LogDerivedDataCache: Saved boot cache 0.09s 85MB C:/Users/Floyd Lehman/AppData/Local/UnrealEngine/4.21/DerivedDataCache/Boot.ddc.
[2018.12.10-10.01.27:246][  0]LogInit: Texture streaming: Enabled
[2018.12.10-10.01.27:269][  0]LogEngineSessionManager: EngineSessionManager initialized
[2018.12.10-10.01.27:289][  0]LogInit: Transaction tracking system initialized
[2018.12.10-10.01.27:318][  0]BlueprintLog: New page: Editor Load
[2018.12.10-10.01.27:405][  0]LocalizationService: Localization service is disabled
[2018.12.10-10.01.28:442][  0]LogFileCache: Scanning file cache for directory 'C:/Users/Floyd Lehman/Documents/GitHub/EscapeRoom/Project/Content/' took 0.02s
[2018.12.10-10.01.28:442][  0]LogCook: Display: Max memory allowance for cook 16384mb min free memory 0mb
[2018.12.10-10.01.28:443][  0]LogCook: Display: Mobile HDR setting 1
[2018.12.10-10.01.28:443][  0]LogGameplayTags: Display: UGameplayTagsManager::DoneAddingNativeTags. DelegateIsBound: 0
[2018.12.10-10.01.28:443][  0]LogStats: UGameplayTagsManager::ConstructGameplayTagTree: ImportINI prefixes -  0.000 s
[2018.12.10-10.01.28:443][  0]LogStats: UGameplayTagsManager::ConstructGameplayTagTree: Construct from data asset -  0.000 s
[2018.12.10-10.01.28:443][  0]LogStats: UGameplayTagsManager::ConstructGameplayTagTree: ImportINI -  0.000 s
[2018.12.10-10.01.28:443][  0]LogStats: UGameplayTagsManager::ConstructGameplayTagTree: GameplayTagTreeChangedEvent.Broadcast -  0.000 s
[2018.12.10-10.01.28:600][  0]SourceControl: Source control is disabled
[2018.12.10-10.01.28:687][  0]LogWindowsTextInputMethodSystem: Display: IME system now deactivated.
[2018.12.10-10.01.28:689][  0]LogSlate: Took 0.000310 seconds to synchronously load lazily loaded font '../../../Engine/Content/Slate/Fonts/Roboto-Regular.ttf' (155K)
[2018.12.10-10.01.41:984][  0]LogSlate: Window 'Restore Packages' being destroyed
[2018.12.10-10.01.41:984][  0]LogWindowsTextInputMethodSystem: Display: IME system now deactivated.
[2018.12.10-10.01.41:986][  0]LogWindowsTextInputMethodSystem: Display: IME system now deactivated.
[2018.12.10-10.01.41:992][  0]Cmd: MAP LOAD FILE="../../../../../../Users/Floyd Lehman/Documents/GitHub/EscapeRoom/Project/Content/Map/GameMap.umap" TEMPLATE=0 SHOWPROGRESS=1 FEATURELEVEL=3
[2018.12.10-10.01.42:003][  0]LightingResults: New page: Lighting Build
[2018.12.10-10.01.42:007][  0]MapCheck: New page: Map Check
[2018.12.10-10.01.42:007][  0]LightingResults: New page: Lighting Build
[2018.12.10-10.01.42:870][  0]LogAIModule: Creating AISystem for world GameMap
[2018.12.10-10.01.42:886][  0]LogEditorServer: Finished looking for orphan Actors (0.000 secs)
[2018.12.10-10.01.42:916][  0]Cmd: MAP CHECKDEP NOCLEARLOG
[2018.12.10-10.01.42:916][  0]MapCheck: Map check complete: 0 Error(s), 0 Warning(s), took 0.182ms to complete.
[2018.12.10-10.01.42:916][  0]LogFileHelpers: Loading map 'GameMap' took 0.924
[2018.12.10-10.01.42:981][  0]LogSlate: Updating window title bar state: overlay mode, drag disabled, window buttons hidden, title bar hidden
[2018.12.10-10.01.42:988][  0]LogSlate: Updating window title bar state: overlay mode, drag disabled, window buttons hidden, title bar hidden
[2018.12.10-10.01.42:994][  0]LogSlate: Updating window title bar state: overlay mode, drag disabled, window buttons hidden, title bar hidden
[2018.12.10-10.01.43:003][  0]LogSlate: Updating window title bar state: overlay mode, drag disabled, window buttons hidden, title bar hidden
[2018.12.10-10.01.43:021][  0]LogCollectionManager: Loaded 0 collections in 0.002155 seconds
[2018.12.10-10.01.43:064][  0]LogFileCache: Scanning file cache for directory 'C:/Users/Floyd Lehman/Documents/GitHub/EscapeRoom/Project/Saved/Collections/' took 0.01s
[2018.12.10-10.01.43:064][  0]LogFileCache: Scanning file cache for directory 'C:/Users/Floyd Lehman/Documents/GitHub/EscapeRoom/Project/Content/Developers/FloydLehman/Collections/' took 0.00s
[2018.12.10-10.01.43:064][  0]LogFileCache: Scanning file cache for directory 'C:/Users/Floyd Lehman/Documents/GitHub/EscapeRoom/Project/Content/Collections/' took 0.01s
[2018.12.10-10.01.43:064][  0]LogCollectionManager: Rebuilt the GUID cache for 0 collections in 0.000001 seconds
[2018.12.10-10.01.43:076][  0]LogContentBrowser: Native class hierarchy populated in 0.0106 seconds. Added 2651 classes and 620 folders.
[2018.12.10-10.01.43:090][  0]LogContentBrowser: Native class hierarchy updated for 'WidgetCarousel' in 0.0002 seconds. Added 0 classes and 0 folders.
[2018.12.10-10.01.43:101][  0]LogPakFile: Registered encryption key '00000000000000000000000000000000': 0 pak files mounted, 0 remain pending
[2018.12.10-10.01.43:110][  0]LogPakFile: Registered encryption key '00000000000000000000000000000000': 0 pak files mounted, 0 remain pending
[2018.12.10-10.01.43:134][  0]LogPakFile: Registered encryption key '00000000000000000000000000000000': 0 pak files mounted, 0 remain pending
[2018.12.10-10.01.43:140][  0]LogPakFile: Registered encryption key '00000000000000000000000000000000': 0 pak files mounted, 0 remain pending
[2018.12.10-10.01.43:145][  0]LogPakFile: Registered encryption key '00000000000000000000000000000000': 0 pak files mounted, 0 remain pending
[2018.12.10-10.01.43:151][  0]LogPakFile: Registered encryption key '00000000000000000000000000000000': 0 pak files mounted, 0 remain pending
[2018.12.10-10.01.43:156][  0]LogPakFile: Registered encryption key '00000000000000000000000000000000': 0 pak files mounted, 0 remain pending
[2018.12.10-10.01.43:161][  0]LogPakFile: Registered encryption key '00000000000000000000000000000000': 0 pak files mounted, 0 remain pending
[2018.12.10-10.01.43:168][  0]LogPakFile: Registered encryption key '00000000000000000000000000000000': 0 pak files mounted, 0 remain pending
[2018.12.10-10.01.43:175][  0]LogPakFile: Registered encryption key '00000000000000000000000000000000': 0 pak files mounted, 0 remain pending
[2018.12.10-10.01.43:180][  0]LogPakFile: Registered encryption key '00000000000000000000000000000000': 0 pak files mounted, 0 remain pending
[2018.12.10-10.01.43:186][  0]LogPakFile: Registered encryption key '00000000000000000000000000000000': 0 pak files mounted, 0 remain pending
[2018.12.10-10.01.43:192][  0]LogPakFile: Registered encryption key '00000000000000000000000000000000': 0 pak files mounted, 0 remain pending
[2018.12.10-10.01.43:198][  0]LogPakFile: Registered encryption key '00000000000000000000000000000000': 0 pak files mounted, 0 remain pending
[2018.12.10-10.01.43:203][  0]LogPakFile: Registered encryption key '00000000000000000000000000000000': 0 pak files mounted, 0 remain pending
[2018.12.10-10.01.43:208][  0]LogPakFile: Registered encryption key '00000000000000000000000000000000': 0 pak files mounted, 0 remain pending
[2018.12.10-10.01.43:245][  0]LogPakFile: Registered encryption key '00000000000000000000000000000000': 0 pak files mounted, 0 remain pending
[2018.12.10-10.01.43:253][  0]LogPakFile: Registered encryption key '00000000000000000000000000000000': 0 pak files mounted, 0 remain pending
[2018.12.10-10.01.43:259][  0]LogPakFile: Registered encryption key '00000000000000000000000000000000': 0 pak files mounted, 0 remain pending
[2018.12.10-10.01.43:267][  0]LogPakFile: Registered encryption key '00000000000000000000000000000000': 0 pak files mounted, 0 remain pending
[2018.12.10-10.01.43:323][  0]LogPakFile: Registered encryption key '00000000000000000000000000000000': 0 pak files mounted, 0 remain pending
[2018.12.10-10.01.43:330][  0]LogPakFile: Registered encryption key '00000000000000000000000000000000': 0 pak files mounted, 0 remain pending
[2018.12.10-10.01.43:336][  0]LogPakFile: Registered encryption key '00000000000000000000000000000000': 0 pak files mounted, 0 remain pending
[2018.12.10-10.01.43:343][  0]LogPakFile: Registered encryption key '00000000000000000000000000000000': 0 pak files mounted, 0 remain pending
[2018.12.10-10.01.43:349][  0]LogPakFile: Registered encryption key '00000000000000000000000000000000': 0 pak files mounted, 0 remain pending
[2018.12.10-10.01.43:354][  0]LogPakFile: Registered encryption key '00000000000000000000000000000000': 0 pak files mounted, 0 remain pending
[2018.12.10-10.01.43:520][  0]LogContentBrowser: Native class hierarchy updated for 'AddContentDialog' in 0.0002 seconds. Added 0 classes and 0 folders.
[2018.12.10-10.01.43:535][  0]LogContentBrowser: Native class hierarchy updated for 'SceneOutliner' in 0.0003 seconds. Added 1 classes and 2 folders.
[2018.12.10-10.01.43:588][  0]LogSlate: Took 0.000289 seconds to synchronously load lazily loaded font '../../../Engine/Content/Slate/Fonts/Roboto-Bold.ttf' (160K)
[2018.12.10-10.01.43:603][  0]LogSlate: Took 0.007440 seconds to synchronously load lazily loaded font '../../../Engine/Content/Editor/Slate/Fonts/FontAwesome.ttf' (139K)
[2018.12.10-10.01.43:735][  0]LogRenderer: Reallocating scene render targets to support 964x436 Format 26 NumSamples 1 (Frame:1).
[2018.12.10-10.01.43:951][  0]LogContentBrowser: Native class hierarchy updated for 'HierarchicalLODOutliner' in 0.0003 seconds. Added 0 classes and 0 folders.
[2018.12.10-10.01.43:951][  0]LogLoad: (Engine Initialization) Total time: 26.66 seconds
[2018.12.10-10.01.43:952][  0]LogLoad: (Engine Initialization) Total Blueprint compile time: 0.00 seconds
[2018.12.10-10.01.44:027][  0]LogContentStreaming: Texture pool size now 1000 MB
[2018.12.10-10.01.44:053][  0]LogSlate: Took 0.005155 seconds to synchronously load lazily loaded font '../../../Engine/Content/Slate/Fonts/Roboto-Light.ttf' (167K)
[2018.12.10-10.01.44:218][  3]LogAssetRegistry: Asset discovery search completed in 21.4904 seconds
[2018.12.10-10.01.44:220][  3]LogCollectionManager: Rebuilt the object cache for 0 collections in 0.000000 seconds (found 0 objects)
[2018.12.10-10.01.44:220][  3]LogCollectionManager: Fixed up redirectors for 0 collections in 0.000049 seconds (updated 0 objects)
[2018.12.10-10.01.44:987][ 80]LogSlate: Took 0.000250 seconds to synchronously load lazily loaded font '../../../Engine/Content/Slate/Fonts/Roboto-Light.ttf' (167K)
[2018.12.10-10.02.02:931][  8]LogEditorViewport: Clicking on Actor (LMB): NavModifierVolume (NavModifierVolume12)
[2018.12.10-10.02.20:180][586]LogEditorViewport: Clicking on Actor (LMB): NavMeshBoundsVolume (NavMeshBoundsVolume)
[2018.12.10-10.02.24:459][981]LogSlate: FSceneViewport::OnFocusLost() reason 0
[2018.12.10-10.02.49:873][253]LogSlate: FSceneViewport::OnFocusLost() reason 0
[2018.12.10-10.02.54:172][649]LogSlate: FSceneViewport::OnFocusLost() reason 0
[2018.12.10-10.03.02:403][424]LogEditorViewport: Clicking on Actor (LMB): NavModifierVolume (NavModifierVolume12)
[2018.12.10-10.03.20:421][226]LogSlate: FSceneViewport::OnFocusLost() reason 0
[2018.12.10-10.03.22:106][407]LogEditorViewport: Clicking on Actor (LMB): BP_Sky_Sphere_C (SkySphereBlueprint)
[2018.12.10-10.03.27:238][934]LogEditorViewport: Clicking on Actor (LMB): NavMeshBoundsVolume (NavMeshBoundsVolume)
[2018.12.10-10.03.30:454][272]LogSlate: FSceneViewport::OnFocusLost() reason 0
[2018.12.10-10.03.45:756][644]LogSlate: Window 'Save Asset As' being destroyed
[2018.12.10-10.03.49:463][644]LogSlate: Window 'Pick Physical Material Class' being destroyed
[2018.12.10-10.03.54:933][644]LogSlate: Window 'Message' being destroyed
[2018.12.10-10.04.43:968][781]LogUnrealEdMisc: Warning: Heartbeat event firing too frequently (49.020 sec). This should never happen. Something is wrong with the timer delegate!
[2018.12.10-10.06.45:596][368]LogSlate: FSceneViewport::OnFocusLost() reason 0
[2018.12.10-10.07.27:186][651]LogAssetEditorManager: Opening Asset editor for Blueprint /Game/VirtualRealityBP/Blueprints/MotionControllerPawn.MotionControllerPawn
[2018.12.10-10.07.27:873][651]LogContentBrowser: Native class hierarchy updated for 'BlueprintGraph' in 0.0006 seconds. Added 117 classes and 0 folders.
[2018.12.10-10.07.28:875][651]LogSlate: Took 0.005822 seconds to synchronously load lazily loaded font '../../../Engine/Content/Slate/Fonts/Roboto-BoldCondensed.ttf' (158K)
[2018.12.10-10.07.29:140][652]LogSlate: Took 0.007575 seconds to synchronously load lazily loaded font '../../../Engine/Content/Slate/Fonts/Roboto-Italic.ttf' (157K)
[2018.12.10-10.11.27:437][265]LogInit: XAudio2 using 'Luidsprekers (2- USB Audio Device)' : 2 channels at 48 kHz using 16 bits per sample (channel mask 0x3)
[2018.12.10-10.12.09:347][501]Cmd: OBJ SAVEPACKAGE PACKAGE="/Game/Map/GameMap" FILE="../../../../../../Users/Floyd Lehman/Documents/GitHub/EscapeRoom/Project/Content/Map/GameMap.umap" SILENT=true AUTOSAVING=false KEEPDIRTY=false
[2018.12.10-10.12.09:772][501]LogSavePackage: Moving '../../../../../../Users/Floyd Lehman/Documents/GitHub/EscapeRoom/Project/Saved/GameMap1A681DA945B46599CA2A04B4EABBF0AB.tmp' to '../../../../../../Users/Floyd Lehman/Documents/GitHub/EscapeRoom/Project/Content/Map/GameMap.umap'
[2018.12.10-10.12.09:842][501]Cmd: OBJ SAVEPACKAGE PACKAGE="/Game/Map/GameMap_BuiltData" FILE="../../../../../../Users/Floyd Lehman/Documents/GitHub/EscapeRoom/Project/Content/Map/GameMap_BuiltData.uasset" SILENT=true
[2018.12.10-10.12.09:993][501]LogSavePackage: Moving '../../../../../../Users/Floyd Lehman/Documents/GitHub/EscapeRoom/Project/Saved/GameMap_BuiltDataEC1918BC4C710FCBBEEEC0A93015CB06.tmp' to '../../../../../../Users/Floyd Lehman/Documents/GitHub/EscapeRoom/Project/Content/Map/GameMap_BuiltData.uasset'
[2018.12.10-10.12.13:629][702]MapCheck: New page: Map Check
[2018.12.10-10.12.13:669][702]Cmd: MAP REBUILD ALLVISIBLE
[2018.12.10-10.12.13:670][702]LogEditorServer: Rebuildmap Clear paths rebuilt
[2018.12.10-10.12.13:739][702]LightingResults: New page: Lighting Build - 10 Dec 2018 12:12:13
[2018.12.10-10.12.13:862][702]LogSwarmInterface: [OpenConnection] Registering TCP channel ...
[2018.12.10-10.12.14:090][702]LogSwarmInterface: [OpenConnection] Connecting to agent ...
[2018.12.10-10.12.14:121][702]LogSwarmInterface: [TryOpenConnection] Testing the Agent
[2018.12.10-10.12.15:194][702]LogSwarmInterface: [TryOpenConnection] Opening Connection to Agent
[2018.12.10-10.12.15:194][702]LogSwarmInterface: [TryOpenConnection] Local Process ID is 11744
[2018.12.10-10.12.20:584][702]LogStaticLightingSystem: Running Lightmass w/ ImmediateImport mode ENABLED
[2018.12.10-10.12.20:584][702]LogStaticLightingSystem: Running Lightmass w/ ImmediateProcess mode ENABLED
[2018.12.10-10.12.20:584][702]LogStaticLightingSystem: Running Lightmass w/ Sorting mode ENABLED
[2018.12.10-10.12.20:584][702]LogStaticLightingSystem: Running Lightmass w/ Mapping paddings ENABLED
[2018.12.10-10.12.20:584][702]LogStaticLightingSystem: Running Lightmass w/ Mapping debug paddings DISABLED
[2018.12.10-10.12.20:816][702]LogEditorBuildUtils: Build time 0:07
[2018.12.10-10.12.26:956][952]Job is a success!
[2018.12.10-10.12.38:505][707]Cmd: OBJ SAVEPACKAGE PACKAGE="/Game/Map/GameMap" FILE="../../../../../../Users/Floyd Lehman/Documents/GitHub/EscapeRoom/Project/Content/Map/GameMap.umap" SILENT=true AUTOSAVING=false KEEPDIRTY=false
[2018.12.10-10.12.38:777][707]LogSavePackage: Moving '../../../../../../Users/Floyd Lehman/Documents/GitHub/EscapeRoom/Project/Saved/GameMapFBE11D92414E8B102376149CF15165CA.tmp' to '../../../../../../Users/Floyd Lehman/Documents/GitHub/EscapeRoom/Project/Content/Map/GameMap.umap'
[2018.12.10-10.12.38:817][707]Cmd: OBJ SAVEPACKAGE PACKAGE="/Game/Map/GameMap_BuiltData" FILE="../../../../../../Users/Floyd Lehman/Documents/GitHub/EscapeRoom/Project/Content/Map/GameMap_BuiltData.uasset" SILENT=true
[2018.12.10-10.12.38:910][707]LogSavePackage: Moving '../../../../../../Users/Floyd Lehman/Documents/GitHub/EscapeRoom/Project/Saved/GameMap_BuiltData15A42F534DE42C61720A9FA552E940AA.tmp' to '../../../../../../Users/Floyd Lehman/Documents/GitHub/EscapeRoom/Project/Content/Map/GameMap_BuiltData.uasset'
[2018.12.10-10.12.46:198][183]LogVolumetricLightmapImport: Imported Volumetric Lightmap in 0.021s
[2018.12.10-10.12.46:198][183]LogVolumetricLightmapImport:      Indirection Texture 16x16x16 = 0.0Mb
[2018.12.10-10.12.46:198][183]LogVolumetricLightmapImport:      BrickData 250x5x5 = 0.2Mb (trimmed 0.1Mb due to 0.010000 MinBrickError)
[2018.12.10-10.12.46:198][183]LogVolumetricLightmapImport:      Bricks at Level
[2018.12.10-10.12.46:198][183]LogVolumetricLightmapImport:          0: 2.0% covering 100.0% of volume
[2018.12.10-10.12.46:198][183]LogVolumetricLightmapImport:          1: 16.0% covering 12.5% of volume
[2018.12.10-10.12.46:198][183]LogVolumetricLightmapImport:          2: 82.0% covering 1.0% of volume
[2018.12.10-10.12.46:558][183]LogTexture: Display: Building textures: HQ_Lightmap1_1 (AutoDXT, 1024X1024)
[2018.12.10-10.12.46:558][183]LogTexture: Display: Building textures: LQ_Lightmap_1_1 (DXT1, 1024X1024)
[2018.12.10-10.12.46:558][183]LogTexture: Display: Building textures: HQ_Lightmap1_2 (AutoDXT, 512X512)
[2018.12.10-10.12.46:558][183]LogTexture: Display: Building textures: LQ_Lightmap_1_2 (DXT1, 512X512)
[2018.12.10-10.12.46:558][183]LogTexture: Display: Building textures: LQ_Lightmap_1_3 (DXT1, 64X64)
[2018.12.10-10.12.46:558][183]LogTexture: Display: Building textures: HQ_Lightmap1_3 (AutoDXT, 64X64)
[2018.12.10-10.12.46:757][183]LogTexture: Display: Building textures: ShadowMapTexture2D_5 (G8, 32X32)
[2018.12.10-10.12.46:757][183]LogTexture: Display: Building textures: ShadowMapTexture2D_4 (G8, 1024X128)
[2018.12.10-10.12.46:782][183]LogTexture: Display: Building textures: ShadowMapTexture2D_3 (G8, 512X512)
[2018.12.10-10.12.46:843][183]Lightmass on DESKTOP-8AMLK8E: 24.4 sec total, 492 ms importing, 77 ms setup, 844 ms photons, 22.8 sec processing, 0 ms extra exporting [40/40 mappings]. Threads: 2:39 min total, 9.16 sec processing.
[2018.12.10-10.12.46:908][183]LogStaticLightingSystem: Illumination: 14.0 sec (292 ms encoding lightmaps, 222 ms encoding shadowmaps)
[2018.12.10-10.12.46:908][183]LogStaticLightingSystem: Lightmap texture memory:  2.5 MB (0.5 MB streaming, 2.0 MB non-streaming), 6 textures
[2018.12.10-10.12.46:908][183]LogStaticLightingSystem: Shadowmap texture memory: 0.5 MB (0.2 MB streaming, 0.3 MB non-streaming), 3 textures
[2018.12.10-10.12.47:628][183]DumpUnbuiltLightIteractions
[2018.12.10-10.12.47:628][183]Lights with unbuilt interactions: 0
[2018.12.10-10.12.47:628][183]
[2018.12.10-10.12.47:628][183]Primitives with unbuilt interactions: 0
[2018.12.10-10.12.47:687][184]Cmd: MAP CHECK NOTIFYRESULTS
[2018.12.10-10.12.47:687][184]MapCheck: New page: GameMap - 10 Dec 2018 12:12:47
[2018.12.10-10.12.47:696][184]MapCheck: Map check complete: 0 Error(s), 0 Warning(s), took 8.671ms to complete.
[2018.12.10-10.12.50:149][358]Cmd: OBJ SAVEPACKAGE PACKAGE="/Game/Map/GameMap" FILE="../../../../../../Users/Floyd Lehman/Documents/GitHub/EscapeRoom/Project/Content/Map/GameMap.umap" SILENT=true AUTOSAVING=false KEEPDIRTY=false
[2018.12.10-10.12.50:460][358]LogSavePackage: Moving '../../../../../../Users/Floyd Lehman/Documents/GitHub/EscapeRoom/Project/Saved/GameMap36D63C1249EF67DB9C1F1B8DE2CF1599.tmp' to '../../../../../../Users/Floyd Lehman/Documents/GitHub/EscapeRoom/Project/Content/Map/GameMap.umap'
[2018.12.10-10.12.50:505][358]Cmd: OBJ SAVEPACKAGE PACKAGE="/Game/Map/GameMap_BuiltData" FILE="../../../../../../Users/Floyd Lehman/Documents/GitHub/EscapeRoom/Project/Content/Map/GameMap_BuiltData.uasset" SILENT=true
[2018.12.10-10.12.50:603][358]LogSavePackage: Moving '../../../../../../Users/Floyd Lehman/Documents/GitHub/EscapeRoom/Project/Saved/GameMap_BuiltDataAD92AFE14D9D12D5606CBEB4C888AE25.tmp' to '../../../../../../Users/Floyd Lehman/Documents/GitHub/EscapeRoom/Project/Content/Map/GameMap_BuiltData.uasset'
[2018.12.10-10.12.54:274][448]LogSlate: Window 'Save Content' being destroyed
[2018.12.10-10.12.54:519][448]LogSavePackage: Moving '../../../../../../Users/Floyd Lehman/Documents/GitHub/EscapeRoom/Project/Saved/MotionControllerPawnB681E11B4BE3D82F9FA4568DCF0C5E0A.tmp' to '../../../../../../Users/Floyd Lehman/Documents/GitHub/EscapeRoom/Project/Content/VirtualRealityBP/Blueprints/MotionControllerPawn.uasset'
[2018.12.10-10.12.54:654][448]LogSlate: Window 'MotionControllerPawn' being destroyed
[2018.12.10-10.12.54:749][448]LogSlate: Window 'Project - Unreal Editor' being destroyed
[2018.12.10-10.12.54:750][448]LogWindowsTextInputMethodSystem: Display: IME system now deactivated.
[2018.12.10-10.12.55:066][449]Cmd: QUIT_EDITOR
[2018.12.10-10.12.55:158][449]LogExit: Preparing to exit.
[2018.12.10-10.12.55:603][449]LogExit: Editor shut down
[2018.12.10-10.12.55:603][449]LogExit: Transaction tracking system shut down
[2018.12.10-10.12.56:018][449]LogExit: Object subsystem successfully closed.
[2018.12.10-10.12.56:052][449]LogShaderCompilers: Display: Shaders left to compile 0
[2018.12.10-10.12.56:059][449]LogD3D11RHI: Shutdown
[2018.12.10-10.12.56:059][449]LogD3D11RHI: CleanupD3DDevice
[2018.12.10-10.12.56:070][449]LogD3D11RHI: ~FD3D11DynamicRHI
[2018.12.10-10.12.56:206][449]LogModuleManager: Shutting down and abandoning module BlueprintGraph (624)
[2018.12.10-10.12.56:206][449]LogModuleManager: Shutting down and abandoning module HierarchicalLODOutliner (622)
[2018.12.10-10.12.56:206][449]LogModuleManager: Shutting down and abandoning module SceneOutliner (620)
[2018.12.10-10.12.56:207][449]LogModuleManager: Shutting down and abandoning module AddContentDialog (618)
[2018.12.10-10.12.56:209][449]LogModuleManager: Shutting down and abandoning module WidgetCarousel (617)
[2018.12.10-10.12.56:210][449]LogModuleManager: Shutting down and abandoning module EditorWidgets (614)
[2018.12.10-10.12.56:210][449]LogModuleManager: Shutting down and abandoning module CollectionManager (612)
[2018.12.10-10.12.56:213][449]LogModuleManager: Shutting down and abandoning module StatsViewer (610)
[2018.12.10-10.12.56:213][449]LogModuleManager: Shutting down and abandoning module FoliageEdit (608)
[2018.12.10-10.12.56:213][449]LogModuleManager: Shutting down and abandoning module LandscapeEditor (606)
[2018.12.10-10.12.56:217][449]LogModuleManager: Shutting down and abandoning module MeshPaintMode (604)
[2018.12.10-10.12.56:217][449]LogModuleManager: Shutting down and abandoning module SceneDepthPickerMode (602)
[2018.12.10-10.12.56:217][449]LogModuleManager: Shutting down and abandoning module ActorPickerMode (600)
[2018.12.10-10.12.56:217][449]LogModuleManager: Shutting down and abandoning module GeometryMode (598)
[2018.12.10-10.12.56:218][449]LogModuleManager: Shutting down and abandoning module TextureAlignMode (596)
[2018.12.10-10.12.56:218][449]LogModuleManager: Shutting down and abandoning module BspMode (594)
[2018.12.10-10.12.56:218][449]LogModuleManager: Shutting down and abandoning module PIEPreviewDeviceProfileSelector (592)
[2018.12.10-10.12.56:220][449]LogModuleManager: Shutting down and abandoning module SequenceRecorderSections (590)
[2018.12.10-10.12.56:221][449]LogModuleManager: Shutting down and abandoning module AutomationWorker (588)
[2018.12.10-10.12.56:222][449]LogModuleManager: Shutting down and abandoning module AudioCaptureEditor (586)
[2018.12.10-10.12.56:222][449]LogModuleManager: Shutting down and abandoning module MatineeToLevelSequence (584)
[2018.12.10-10.12.56:223][449]LogModuleManager: Shutting down and abandoning module LevelSequenceEditor (582)
[2018.12.10-10.12.56:227][449]LogModuleManager: Shutting down and abandoning module PlacementMode (581)
[2018.12.10-10.12.56:227][449]LogModuleManager: Shutting down and abandoning module MaterialEditor (580)
[2018.12.10-10.12.56:229][449]LogModuleManager: Shutting down and abandoning module WmfMediaFactory (576)
[2018.12.10-10.12.56:229][449]LogModuleManager: Shutting down and abandoning module WmfMediaEditor (574)
[2018.12.10-10.12.56:229][449]LogModuleManager: Shutting down and abandoning module WebMMediaFactory (572)
[2018.12.10-10.12.56:229][449]LogModuleManager: Shutting down and abandoning module WebMMediaEditor (570)
[2018.12.10-10.12.56:229][449]LogModuleManager: Shutting down and abandoning module WebMMedia (568)
[2018.12.10-10.12.56:230][449]LogModuleManager: Shutting down and abandoning module MediaPlayerEditor (566)
[2018.12.10-10.12.56:231][449]LogModuleManager: Shutting down and abandoning module MediaCompositingEditor (564)
[2018.12.10-10.12.56:233][449]LogModuleManager: Shutting down and abandoning module SequenceRecorder (563)
[2018.12.10-10.12.56:234][449]LogModuleManager: Shutting down and abandoning module OpenExrWrapper (560)
[2018.12.10-10.12.56:234][449]LogModuleManager: Shutting down and abandoning module ImgMediaFactory (558)
[2018.12.10-10.12.56:234][449]LogModuleManager: Shutting down and abandoning module ImgMediaEditor (556)
[2018.12.10-10.12.56:234][449]LogModuleManager: Shutting down and abandoning module AvfMediaFactory (554)
[2018.12.10-10.12.56:234][449]LogModuleManager: Shutting down and abandoning module AvfMediaEditor (552)
[2018.12.10-10.12.56:234][449]LogModuleManager: Shutting down and abandoning module AndroidMediaFactory (550)
[2018.12.10-10.12.56:234][449]LogModuleManager: Shutting down and abandoning module AndroidMediaEditor (548)
[2018.12.10-10.12.56:235][449]LogModuleManager: Shutting down and abandoning module MagicLeapCameraPreviewFactory (546)
[2018.12.10-10.12.56:235][449]LogModuleManager: Shutting down and abandoning module MagicLeapMediaFactory (544)
[2018.12.10-10.12.56:235][449]LogModuleManager: Shutting down and abandoning module MagicLeapMediaEditor (542)
[2018.12.10-10.12.56:235][449]LogModuleManager: Shutting down and abandoning module CharacterAI (540)
[2018.12.10-10.12.56:235][449]LogModuleManager: Shutting down and abandoning module SmartSnapping (538)
[2018.12.10-10.12.56:235][449]LogModuleManager: Shutting down and abandoning module SessionServices (536)
[2018.12.10-10.12.56:235][449]LogModuleManager: Shutting down and abandoning module ViewportSnapping (534)
[2018.12.10-10.12.56:235][449]LogModuleManager: Shutting down and abandoning module ViewportInteraction (532)
[2018.12.10-10.12.56:235][449]LogModuleManager: Shutting down and abandoning module ClothPainter (530)
[2018.12.10-10.12.56:238][449]LogModuleManager: Shutting down and abandoning module SkeletalMeshEditor (529)
[2018.12.10-10.12.56:239][449]LogModuleManager: Shutting down and abandoning module LogVisualizer (526)
[2018.12.10-10.12.56:243][449]LogModuleManager: Shutting down and abandoning module IntroTutorials (524)
[2018.12.10-10.12.56:245][449]LogModuleManager: Shutting down and abandoning module GameProjectGeneration (523)
[2018.12.10-10.12.56:246][449]LogModuleManager: Shutting down and abandoning module LuminPlatformEditor (520)
[2018.12.10-10.12.56:246][449]LogModuleManager: Shutting down and abandoning module IOSPlatformEditor (518)
[2018.12.10-10.12.56:247][449]LogModuleManager: Shutting down and abandoning module HTML5PlatformEditor (516)
[2018.12.10-10.12.56:247][449]LogModuleManager: Shutting down and abandoning module AndroidPlatformEditor (514)
[2018.12.10-10.12.56:247][449]LogModuleManager: Shutting down and abandoning module AndroidDeviceDetection (513)
[2018.12.10-10.12.57:050][449]LogModuleManager: Shutting down and abandoning module WindowsPlatformEditor (510)
[2018.12.10-10.12.57:050][449]LogModuleManager: Shutting down and abandoning module LuminRuntimeSettings (508)
[2018.12.10-10.12.57:050][449]LogModuleManager: Shutting down and abandoning module IOSRuntimeSettings (506)
[2018.12.10-10.12.57:050][449]LogModuleManager: Shutting down and abandoning module AndroidRuntimeSettings (504)
[2018.12.10-10.12.57:050][449]LogModuleManager: Shutting down and abandoning module TimeManagementEditor (502)
[2018.12.10-10.12.57:050][449]LogModuleManager: Shutting down and abandoning module InputBindingEditor (500)
[2018.12.10-10.12.57:052][449]LogModuleManager: Shutting down and abandoning module MergeActors (498)
[2018.12.10-10.12.57:053][449]LogModuleManager: Shutting down and abandoning module LocalizationDashboard (496)
[2018.12.10-10.12.57:054][449]LogModuleManager: Shutting down and abandoning module LocalizationService (495)
[2018.12.10-10.12.57:055][449]LogModuleManager: Shutting down and abandoning module HardwareTargeting (492)
[2018.12.10-10.12.57:055][449]LogModuleManager: Shutting down and abandoning module DeviceProfileEditor (490)
[2018.12.10-10.12.57:055][449]LogModuleManager: Shutting down and abandoning module UndoHistory (488)
[2018.12.10-10.12.57:056][449]LogModuleManager: Shutting down and abandoning module XmlParser (486)
[2018.12.10-10.12.57:056][449]LogModuleManager: Shutting down and abandoning module Blutility (484)
[2018.12.10-10.12.57:056][449]LogModuleManager: Shutting down and abandoning module ProjectSettingsViewer (482)
[2018.12.10-10.12.57:056][449]LogModuleManager: Shutting down and abandoning module ProjectTargetPlatformEditor (481)
[2018.12.10-10.12.57:058][449]LogModuleManager: Shutting down and abandoning module EditorSettingsViewer (478)
[2018.12.10-10.12.57:058][449]LogModuleManager: Shutting down and abandoning module SettingsEditor (476)
[2018.12.10-10.12.57:059][449]LogModuleManager: Shutting down and abandoning module ProjectLauncher (474)
[2018.12.10-10.12.57:061][449]LogModuleManager: Shutting down and abandoning module SessionFrontend (472)
[2018.12.10-10.12.57:062][449]LogModuleManager: Shutting down and abandoning module ProfilerClient (470)
[2018.12.10-10.12.57:062][449]LogModuleManager: Shutting down and abandoning module DeviceManager (468)
[2018.12.10-10.12.57:062][449]LogModuleManager: Shutting down and abandoning module TargetDeviceServices (467)
[2018.12.10-10.12.57:118][449]LogModuleManager: Shutting down and abandoning module AutomationController (464)
[2018.12.10-10.12.57:119][449]LogModuleManager: Shutting down and abandoning module AutomationWindow (462)
[2018.12.10-10.12.57:120][449]LogModuleManager: Shutting down and abandoning module Layers (460)
[2018.12.10-10.12.57:122][449]LogModuleManager: Shutting down and abandoning module ComponentVisualizers (458)
[2018.12.10-10.12.57:122][449]LogModuleManager: Shutting down and abandoning module DetailCustomizations (456)
[2018.12.10-10.12.57:124][449]LogModuleManager: Shutting down and abandoning module PackagesDialog (454)
[2018.12.10-10.12.57:124][449]LogModuleManager: Shutting down and abandoning module Persona (452)
[2018.12.10-10.12.57:125][449]LogModuleManager: Shutting down and abandoning module AdvancedPreviewScene (451)
[2018.12.10-10.12.57:126][449]LogModuleManager: Shutting down and abandoning module AnimGraph (449)
[2018.12.10-10.12.57:126][449]LogModuleManager: Shutting down and abandoning module Kismet (446)
[2018.12.10-10.12.57:132][449]LogModuleManager: Shutting down and abandoning module GraphEditor (444)
[2018.12.10-10.12.57:132][449]LogModuleManager: Shutting down and abandoning module ClassViewer (442)
[2018.12.10-10.12.57:133][449]LogModuleManager: Shutting down and abandoning module Toolbox (440)
[2018.12.10-10.12.57:133][449]LogModuleManager: Shutting down and abandoning module ModuleUI (438)
[2018.12.10-10.12.57:134][449]LogModuleManager: Shutting down and abandoning module MovieSceneTools (436)
[2018.12.10-10.12.57:134][449]LogModuleManager: Shutting down and abandoning module OutputLog (434)
[2018.12.10-10.12.57:134][449]LogModuleManager: Shutting down and abandoning module GammaUI (432)
[2018.12.10-10.12.57:134][449]LogModuleManager: Shutting down and abandoning module Documentation (430)
[2018.12.10-10.12.57:135][449]LogModuleManager: Shutting down and abandoning module MovieSceneTracks (428)
[2018.12.10-10.12.57:135][449]LogModuleManager: Shutting down and abandoning module MovieScene (426)
[2018.12.10-10.12.57:135][449]LogModuleManager: Shutting down and abandoning module StreamingPauseRendering (424)
[2018.12.10-10.12.57:135][449]LogModuleManager: Shutting down and abandoning module LauncherPlatform (422)
[2018.12.10-10.12.57:135][449]LogModuleManager: Shutting down and abandoning module AnalyticsET (420)
[2018.12.10-10.12.57:135][449]LogModuleManager: Shutting down and abandoning module PortalServices (418)
[2018.12.10-10.12.57:136][449]LogModuleManager: Shutting down and abandoning module PortalRpc (416)
[2018.12.10-10.12.57:136][449]LogModuleManager: Shutting down and abandoning module MessagingRpc (414)
[2018.12.10-10.12.57:136][449]LogModuleManager: Shutting down and abandoning module AIModule (412)
[2018.12.10-10.12.57:136][449]LogModuleManager: Shutting down and abandoning module GameplayDebugger (411)
[2018.12.10-10.12.57:137][449]LogModuleManager: Shutting down and abandoning module AITestSuite (409)
[2018.12.10-10.12.57:137][449]LogModuleManager: Shutting down and abandoning module NavigationSystem (407)
[2018.12.10-10.12.57:137][449]LogModuleManager: Shutting down and abandoning module DesktopPlatform (404)
[2018.12.10-10.12.57:138][449]LogModuleManager: Shutting down and abandoning module ImageWriteQueue (402)
[2018.12.10-10.12.57:141][449]LogModuleManager: Shutting down and abandoning module ProfilerService (400)
[2018.12.10-10.12.57:323][449]LogModuleManager: Shutting down and abandoning module TaskGraph (398)
[2018.12.10-10.12.57:326][449]LogModuleManager: Shutting down and abandoning module SteamVRController (396)
[2018.12.10-10.12.57:326][449]LogModuleManager: Shutting down and abandoning module ProceduralMeshComponentEditor (394)
[2018.12.10-10.12.57:326][449]LogModuleManager: Shutting down and abandoning module ProceduralMeshComponent (392)
[2018.12.10-10.12.57:326][449]LogModuleManager: Shutting down and abandoning module OculusInput (390)
[2018.12.10-10.12.57:326][449]LogModuleManager: Shutting down and abandoning module MobilePatchingUtils (388)
[2018.12.10-10.12.57:326][449]LogModuleManager: Shutting down and abandoning module EditableMesh (386)
[2018.12.10-10.12.57:327][449]LogModuleManager: Shutting down and abandoning module CustomMeshComponent (384)
[2018.12.10-10.12.57:327][449]LogModuleManager: Shutting down and abandoning module CableComponent (382)
[2018.12.10-10.12.57:327][449]LogModuleManager: Shutting down and abandoning module AudioCapture (380)
[2018.12.10-10.12.57:327][449]LogModuleManager: Shutting down and abandoning module ArchVisCharacter (378)
[2018.12.10-10.12.57:327][449]LogModuleManager: Shutting down and abandoning module AndroidPermission (376)
[2018.12.10-10.12.57:327][449]LogModuleManager: Shutting down and abandoning module NUTUnrealEngine4 (374)
[2018.12.10-10.12.57:327][449]LogModuleManager: Shutting down and abandoning module NetcodeUnitTest (372)
[2018.12.10-10.12.57:329][449]LogModuleManager: Shutting down and abandoning module MediaCompositing (370)
[2018.12.10-10.12.57:329][449]LogModuleManager: Shutting down and abandoning module LinearTimecode (368)
[2018.12.10-10.12.57:329][449]LogModuleManager: Shutting down and abandoning module ImgMedia (366)
[2018.12.10-10.12.57:333][449]LogModuleManager: Shutting down and abandoning module HTML5Networking (364)
[2018.12.10-10.12.57:333][449]LogModuleManager: Shutting down and abandoning module GeometryCacheTracks (362)
[2018.12.10-10.12.57:334][449]LogModuleManager: Shutting down and abandoning module GeometryCacheSequencer (360)
[2018.12.10-10.12.57:334][449]LogModuleManager: Shutting down and abandoning module BackChannel (358)
[2018.12.10-10.12.57:334][449]LogModuleManager: Shutting down and abandoning module AppleVision (356)
[2018.12.10-10.12.57:334][449]LogModuleManager: Shutting down and abandoning module AppleImageUtilsBlueprintSupport (354)
[2018.12.10-10.12.57:334][449]LogModuleManager: Shutting down and abandoning module AppleImageUtils (352)
[2018.12.10-10.12.57:334][449]LogModuleManager: Shutting down and abandoning module AlembicImporter (350)
[2018.12.10-10.12.57:334][449]LogModuleManager: Shutting down and abandoning module AlembicLibrary (349)
[2018.12.10-10.12.57:334][449]LogModuleManager: Shutting down and abandoning module GeometryCache (348)
[2018.12.10-10.12.57:334][449]LogModuleManager: Shutting down and abandoning module GeometryCacheEd (347)
[2018.12.10-10.12.57:334][449]LogModuleManager: Shutting down and abandoning module VariantManagerContent (342)
[2018.12.10-10.12.57:334][449]LogModuleManager: Shutting down and abandoning module DatasmithContentEditor (340)
[2018.12.10-10.12.57:335][449]LogModuleManager: Shutting down and abandoning module SpeedTreeImporter (338)
[2018.12.10-10.12.57:335][449]LogModuleManager: Shutting down and abandoning module PluginBrowser (336)
[2018.12.10-10.12.57:338][449]LogModuleManager: Shutting down and abandoning module MobileLauncherProfileWizard (334)
[2018.12.10-10.12.57:339][449]LogModuleManager: Shutting down and abandoning module PolygonModeling (332)
[2018.12.10-10.12.57:339][449]LogModuleManager: Shutting down and abandoning module MeshEditor (330)
[2018.12.10-10.12.57:340][449]LogModuleManager: Shutting down and abandoning module CryptoKeysOpenSSL (328)
[2018.12.10-10.12.57:340][449]LogModuleManager: Shutting down and abandoning module CryptoKeys (326)
[2018.12.10-10.12.57:340][449]LogModuleManager: Shutting down and abandoning module VisualStudioSourceCodeAccess (324)
[2018.12.10-10.12.57:340][449]LogModuleManager: Shutting down and abandoning module VisualStudioCodeSourceCodeAccess (322)
[2018.12.10-10.12.57:341][449]LogModuleManager: Shutting down and abandoning module UObjectPlugin (320)
[2018.12.10-10.12.57:341][449]LogModuleManager: Shutting down and abandoning module SubversionSourceControl (318)
[2018.12.10-10.12.57:342][449]LogModuleManager: Shutting down and abandoning module PerforceSourceControl (316)
[2018.12.10-10.12.57:345][449]LogModuleManager: Shutting down and abandoning module GitSourceControl (314)
[2018.12.10-10.12.57:349][449]LogModuleManager: Shutting down and abandoning module SourceControl (313)
[2018.12.10-10.12.57:349][449]LogModuleManager: Shutting down and abandoning module CLionSourceCodeAccess (310)
[2018.12.10-10.12.57:350][449]LogModuleManager: Shutting down and abandoning module ActorLayerUtilitiesEditor (308)
[2018.12.10-10.12.57:352][449]LogModuleManager: Shutting down and abandoning module ActorLayerUtilities (306)
[2018.12.10-10.12.57:352][449]LogModuleManager: Shutting down and abandoning module LightPropagationVolumeEditor (304)
[2018.12.10-10.12.57:352][449]LogModuleManager: Shutting down and abandoning module PaperTiledImporter (302)
[2018.12.10-10.12.57:352][449]LogModuleManager: Shutting down and abandoning module PaperSpriteSheetImporter (300)
[2018.12.10-10.12.57:352][449]LogModuleManager: Shutting down and abandoning module Paper2DEditor (298)
[2018.12.10-10.12.57:354][449]LogModuleManager: Shutting down and abandoning module MeshPaint (297)
[2018.12.10-10.12.57:354][449]LogModuleManager: Shutting down and abandoning module RuntimePhysXCooking (294)
[2018.12.10-10.12.57:354][449]LogModuleManager: Shutting down and abandoning module PhysXVehiclesEditor (292)
[2018.12.10-10.12.57:355][449]LogModuleManager: Shutting down and abandoning module PhysXVehicles (290)
[2018.12.10-10.12.57:355][449]LogModuleManager: Shutting down and abandoning module OculusEditor (288)
[2018.12.10-10.12.57:355][449]LogModuleManager: Shutting down and abandoning module LocationServicesBPLibrary (286)
[2018.12.10-10.12.57:355][449]LogModuleManager: Shutting down and abandoning module ActorSequence (284)
[2018.12.10-10.12.57:355][449]LogModuleManager: Shutting down and abandoning module UdpMessaging (282)
[2018.12.10-10.12.57:456][449]LogModuleManager: Shutting down and abandoning module TcpMessaging (280)
[2018.12.10-10.12.57:557][449]LogModuleManager: Shutting down and abandoning module MagicLeapAudio (278)
[2018.12.10-10.12.57:558][449]LogModuleManager: Shutting down and abandoning module GameplayTagsEditor (276)
[2018.12.10-10.12.57:560][449]LogModuleManager: Shutting down and abandoning module FacialAnimationEditor (274)
[2018.12.10-10.12.57:560][449]LogModuleManager: Shutting down and abandoning module FacialAnimation (272)
[2018.12.10-10.12.57:561][449]LogModuleManager: Shutting down and abandoning module DataValidation (270)
[2018.12.10-10.12.57:565][449]LogModuleManager: Shutting down and abandoning module AssetManagerEditor (268)
[2018.12.10-10.12.57:568][449]LogModuleManager: Shutting down and abandoning module LevelEditor (267)
[2018.12.10-10.12.57:571][449]LogModuleManager: Shutting down and abandoning module PixelInspectorModule (266)
[2018.12.10-10.12.57:574][449]LogModuleManager: Shutting down and abandoning module CommonMenuExtensions (264)
[2018.12.10-10.12.57:575][449]LogModuleManager: Shutting down and abandoning module MainFrame (262)
[2018.12.10-10.12.57:575][449]LogModuleManager: Shutting down and abandoning module HotReload (261)
[2018.12.10-10.12.57:576][449]LogModuleManager: Shutting down and abandoning module ContentBrowser (257)
[2018.12.10-10.12.57:578][449]LogModuleManager: Shutting down and abandoning module TreeMap (255)
[2018.12.10-10.12.57:579][449]LogModuleManager: Shutting down and abandoning module LightPropagationVolumeRuntime (252)
[2018.12.10-10.12.57:579][449]LogModuleManager: Shutting down and abandoning module AISupportModule (250)
[2018.12.10-10.12.57:579][449]LogModuleManager: Shutting down and abandoning module Paper2D (248)
[2018.12.10-10.12.57:579][449]LogModuleManager: Shutting down and abandoning module WindowsMoviePlayer (246)
[2018.12.10-10.12.57:580][449]LogModuleManager: Shutting down and abandoning module WebMMoviePlayer (244)
[2018.12.10-10.12.57:580][449]LogModuleManager: Shutting down and abandoning module WmfMedia (242)
[2018.12.10-10.12.57:583][449]LogModuleManager: Shutting down and abandoning module Media (241)
[2018.12.10-10.12.57:589][449]LogModuleManager: Shutting down and abandoning module PacketHandler (238)
[2018.12.10-10.12.57:589][449]LogModuleManager: Shutting down and abandoning module ClothingSystemEditor (236)
[2018.12.10-10.12.57:589][449]LogModuleManager: Shutting down and abandoning module ClothingSystemRuntime (234)
[2018.12.10-10.12.57:590][449]LogModuleManager: Shutting down and abandoning module MediaAssets (232)
[2018.12.10-10.12.57:591][449]LogModuleManager: Shutting down and abandoning module Overlay (230)
[2018.12.10-10.12.57:591][449]LogModuleManager: Shutting down and abandoning module OverlayEditor (229)
[2018.12.10-10.12.57:591][449]LogModuleManager: Shutting down and abandoning module VREditor (226)
[2018.12.10-10.12.57:591][449]LogModuleManager: Shutting down and abandoning module StringTableEditor (224)
[2018.12.10-10.12.57:591][449]LogModuleManager: Shutting down and abandoning module GameplayTasksEditor (222)
[2018.12.10-10.12.57:591][449]LogModuleManager: Shutting down and abandoning module BehaviorTreeEditor (220)
[2018.12.10-10.12.57:593][449]LogModuleManager: Shutting down and abandoning module FunctionalTesting (218)
[2018.12.10-10.12.57:594][449]LogModuleManager: Shutting down and abandoning module CollisionAnalyzer (216)
[2018.12.10-10.12.57:596][449]LogModuleManager: Shutting down and abandoning module WorkspaceMenuStructure (215)
[2018.12.10-10.12.57:598][449]LogModuleManager: Shutting down and abandoning module UMG (212)
[2018.12.10-10.12.57:599][449]LogModuleManager: Shutting down and abandoning module UMGEditor (211)
[2018.12.10-10.12.57:600][449]LogModuleManager: Shutting down and abandoning module Sequencer (210)
[2018.12.10-10.12.57:602][449]LogModuleManager: Shutting down and abandoning module MessageLog (207)
[2018.12.10-10.12.57:602][449]LogModuleManager: Shutting down and abandoning module SlateReflector (202)
[2018.12.10-10.12.57:605][449]LogModuleManager: Shutting down and abandoning module Slate (200)
[2018.12.10-10.12.57:605][449]LogModuleManager: Shutting down and abandoning module EditorStyle (198)
[2018.12.10-10.12.57:609][449]LogModuleManager: Shutting down and abandoning module MRMesh (196)
[2018.12.10-10.12.57:609][449]LogModuleManager: Shutting down and abandoning module SourceCodeAccess (194)
[2018.12.10-10.12.57:609][449]LogModuleManager: Shutting down and abandoning module HeadMountedDisplay (192)
[2018.12.10-10.12.57:609][449]LogModuleManager: Shutting down and abandoning module XAudio2 (190)
[2018.12.10-10.12.57:609][449]LogModuleManager: Shutting down and abandoning module Networking (188)
[2018.12.10-10.12.57:609][449]LogModuleManager: Shutting down and abandoning module Core (186)
[2018.12.10-10.12.57:609][449]LogModuleManager: Shutting down and abandoning module LevelSequence (184)
[2018.12.10-10.12.57:609][449]LogModuleManager: Shutting down and abandoning module KismetCompiler (182)
[2018.12.10-10.12.57:609][449]LogModuleManager: Shutting down and abandoning module MeshUtilities (180)
[2018.12.10-10.12.57:610][449]LogModuleManager: Shutting down and abandoning module MeshMergeUtilities (179)
[2018.12.10-10.12.57:611][449]LogModuleManager: Shutting down and abandoning module MeshReductionInterface (178)
[2018.12.10-10.12.57:611][449]LogModuleManager: Shutting down and abandoning module SimplygonSwarm (177)
[2018.12.10-10.12.57:612][449]LogModuleManager: Shutting down and abandoning module ProxyLODMeshReduction (175)
[2018.12.10-10.12.57:614][449]LogModuleManager: Shutting down and abandoning module SimplygonMeshReduction (173)
[2018.12.10-10.12.57:615][449]LogModuleManager: Shutting down and abandoning module QuadricMeshReduction (171)
[2018.12.10-10.12.57:616][449]LogModuleManager: Shutting down and abandoning module MaterialBaking (167)
[2018.12.10-10.12.57:616][449]LogModuleManager: Shutting down and abandoning module DirectoryWatcher (163)
[2018.12.10-10.12.57:616][449]LogModuleManager: Shutting down and abandoning module DerivedDataCache (160)
[2018.12.10-10.12.57:639][449]LogDerivedDataCache: Shutdown
[2018.12.10-10.12.57:639][449]LogModuleManager: Shutting down and abandoning module XGEController (158)
[2018.12.10-10.12.57:639][449]LogModuleManager: Shutting down and abandoning module TargetPlatform (156)
[2018.12.10-10.12.57:639][449]LogModuleManager: Shutting down and abandoning module VulkanShaderFormat (155)
[2018.12.10-10.12.57:640][449]LogModuleManager: Shutting down and abandoning module ShaderFormatVectorVM (153)
[2018.12.10-10.12.57:640][449]LogModuleManager: Shutting down and abandoning module ShaderFormatOpenGL (151)
[2018.12.10-10.12.57:640][449]LogModuleManager: Shutting down and abandoning module ShaderFormatD3D (149)
[2018.12.10-10.12.57:641][449]LogModuleManager: Shutting down and abandoning module MetalShaderFormat (147)
[2018.12.10-10.12.57:641][449]LogModuleManager: Shutting down and abandoning module TextureFormatUncompressed (145)
[2018.12.10-10.12.57:641][449]LogModuleManager: Shutting down and abandoning module TextureFormatPVR (143)
[2018.12.10-10.12.57:641][449]LogModuleManager: Shutting down and abandoning module TextureFormatDXT (141)
[2018.12.10-10.12.57:641][449]LogModuleManager: Shutting down and abandoning module TextureFormatIntelISPCTexComp (139)
[2018.12.10-10.12.57:642][449]LogModuleManager: Shutting down and abandoning module TextureFormatASTC (137)
[2018.12.10-10.12.57:642][449]LogModuleManager: Shutting down and abandoning module ImageWrapper (136)
[2018.12.10-10.12.57:642][449]LogModuleManager: Shutting down and abandoning module TextureFormatAndroid (133)
[2018.12.10-10.12.57:642][449]LogModuleManager: Shutting down and abandoning module AudioFormatOpus (131)
[2018.12.10-10.12.57:642][449]LogModuleManager: Shutting down and abandoning module AudioFormatOgg (129)
[2018.12.10-10.12.57:642][449]LogModuleManager: Shutting down and abandoning module AudioFormatADPCM (127)
[2018.12.10-10.12.57:642][449]LogModuleManager: Shutting down and abandoning module LuminTargetPlatform (125)
[2018.12.10-10.12.57:651][449]LogModuleManager: Shutting down and abandoning module LinuxTargetPlatform (123)
[2018.12.10-10.12.57:651][449]LogModuleManager: Shutting down and abandoning module LinuxServerTargetPlatform (121)
[2018.12.10-10.12.57:651][449]LogModuleManager: Shutting down and abandoning module LinuxNoEditorTargetPlatform (119)
[2018.12.10-10.12.57:651][449]LogModuleManager: Shutting down and abandoning module LinuxClientTargetPlatform (117)
[2018.12.10-10.12.57:651][449]LogModuleManager: Shutting down and abandoning module TVOSTargetPlatform (115)
[2018.12.10-10.12.57:655][449]LogModuleManager: Shutting down and abandoning module Messaging (113)
[2018.12.10-10.12.57:655][449]LogModuleManager: Shutting down and abandoning module IOSTargetPlatform (111)
[2018.12.10-10.12.57:659][449]LogModuleManager: Shutting down and abandoning module HTML5TargetPlatform (109)
[2018.12.10-10.12.57:659][449]LogModuleManager: Shutting down and abandoning module AndroidTargetPlatform (107)
[2018.12.10-10.12.57:715][449]LogModuleManager: Shutting down and abandoning module WindowsTargetPlatform (105)
[2018.12.10-10.12.57:715][449]LogModuleManager: Shutting down and abandoning module WindowsServerTargetPlatform (103)
[2018.12.10-10.12.57:715][449]LogModuleManager: Shutting down and abandoning module WindowsNoEditorTargetPlatform (101)
[2018.12.10-10.12.57:715][449]LogModuleManager: Shutting down and abandoning module WindowsClientTargetPlatform (99)
[2018.12.10-10.12.57:715][449]LogModuleManager: Shutting down and abandoning module MacTargetPlatform (97)
[2018.12.10-10.12.57:715][449]LogModuleManager: Shutting down and abandoning module MacServerTargetPlatform (95)
[2018.12.10-10.12.57:715][449]LogModuleManager: Shutting down and abandoning module MacNoEditorTargetPlatform (93)
[2018.12.10-10.12.57:715][449]LogModuleManager: Shutting down and abandoning module MacClientTargetPlatform (91)
[2018.12.10-10.12.57:716][449]LogModuleManager: Shutting down and abandoning module AllDesktopTargetPlatform (89)
[2018.12.10-10.12.57:716][449]LogModuleManager: Shutting down and abandoning module InputCore (86)
[2018.12.10-10.12.57:716][449]LogModuleManager: Shutting down and abandoning module Settings (84)
[2018.12.10-10.12.57:716][449]LogModuleManager: Shutting down and abandoning module PhysXCooking (82)
[2018.12.10-10.12.57:716][449]LogModuleManager: Shutting down and abandoning module SteamVR (80)
[2018.12.10-10.12.57:716][449]LogHMD: Freeing OpenVRDLLHandle.
[2018.12.10-10.12.57:716][449]LogModuleManager: Shutting down and abandoning module OculusHMD (78)
[2018.12.10-10.12.57:717][449]LogModuleManager: Shutting down and abandoning module ExampleDeviceProfileSelector (76)
[2018.12.10-10.12.57:717][449]LogModuleManager: Shutting down and abandoning module LauncherChunkInstaller (74)
[2018.12.10-10.12.57:717][449]LogModuleManager: Shutting down and abandoning module OnlineBlueprintSupport (72)
[2018.12.10-10.12.57:717][449]LogModuleManager: Shutting down and abandoning module OnlineSubsystem (68)
[2018.12.10-10.12.57:720][449]LogModuleManager: Shutting down and abandoning module XMPP (63)
[2018.12.10-10.12.57:722][449]LogModuleManager: Shutting down and abandoning module WebSockets (62)
[2018.12.10-10.12.57:733][449]LogModuleManager: Shutting down and abandoning module HTTP (59)
[2018.12.10-10.12.57:733][449]LogHttp: Display: Http module shutting down, but needs to wait on 1 outstanding Http requests:
[2018.12.10-10.12.57:733][449]LogHttp: Display: 	verb=[POST] url=[https://datarouter.ol.epicgames.com/datarouter/api/v1/public/data?SessionID=%7B5D8FD025-4401-888E-22CF-10AB2AAF5C5C%7D&AppID=UEEditor.Rocket.Release&AppVersion=4.21.0-4541578%2B%2B%2BUE4%2BRelease-4.21&UserID=c453fd8c499bca5c571d129ce9ba6815%7Cc72c935e8dc54d40b5115b61423601ab%7C6ab2e166-4fde-43fb-a1ef-1c2a3f0a9087&AppEnvironment=datacollector-binary&UploadType=eteventstream] status=Processing
[2018.12.10-10.12.57:769][449]LogModuleManager: Shutting down and abandoning module SSL (58)
[2018.12.10-10.12.57:771][449]LogModuleManager: Shutting down and abandoning module MagicLeapIdentity (54)
[2018.12.10-10.12.57:771][449]LogModuleManager: Shutting down and abandoning module MagicLeapHelperVulkan (52)
[2018.12.10-10.12.57:772][449]LogModuleManager: Shutting down and abandoning module MagicLeapHelperOpenGL (50)
[2018.12.10-10.12.57:772][449]LogModuleManager: Shutting down and abandoning module MagicLeapSecureStorage (48)
[2018.12.10-10.12.57:772][449]LogModuleManager: Shutting down and abandoning module MagicLeapHandTracking (46)
[2018.12.10-10.12.57:772][449]LogModuleManager: Shutting down and abandoning module MagicLeapEyeTracker (44)
[2018.12.10-10.12.57:772][449]LogModuleManager: Shutting down and abandoning module MagicLeapController (42)
[2018.12.10-10.12.57:772][449]LogSlate: Slate User Destroyed.  User Index 0, Is Virtual User: 0
[2018.12.10-10.12.57:772][449]LogModuleManager: Shutting down and abandoning module MagicLeap (40)
[2018.12.10-10.12.57:773][449]LogModuleManager: Shutting down and abandoning module DatasmithContent (38)
[2018.12.10-10.12.57:774][449]LogModuleManager: Shutting down and abandoning module AnimationModifiers (36)
[2018.12.10-10.12.57:776][449]LogModuleManager: Shutting down and abandoning module PropertyEditor (35)
[2018.12.10-10.12.57:777][449]LogModuleManager: Shutting down and abandoning module AudioEditor (32)
[2018.12.10-10.12.57:778][449]LogModuleManager: Shutting down and abandoning module TextureCompressor (30)
[2018.12.10-10.12.57:778][449]LogModuleManager: Shutting down and abandoning module ShaderCore (28)
[2018.12.10-10.12.57:778][449]LogModuleManager: Shutting down and abandoning module Landscape (26)
[2018.12.10-10.12.57:778][449]LogModuleManager: Shutting down and abandoning module SlateRHIRenderer (24)
[2018.12.10-10.12.57:780][449]LogModuleManager: Shutting down and abandoning module OpenGLDrv (22)
[2018.12.10-10.12.57:781][449]LogModuleManager: Shutting down and abandoning module D3D11RHI (20)
[2018.12.10-10.12.57:782][449]LogModuleManager: Shutting down and abandoning module AnimGraphRuntime (18)
[2018.12.10-10.12.57:782][449]LogModuleManager: Shutting down and abandoning module Renderer (16)
[2018.12.10-10.12.57:783][449]LogModuleManager: Shutting down and abandoning module Engine (14)
[2018.12.10-10.12.57:783][449]LogModuleManager: Shutting down and abandoning module CoreUObject (12)
[2018.12.10-10.12.57:783][449]LogModuleManager: Shutting down and abandoning module NetworkFile (10)
[2018.12.10-10.12.57:783][449]LogModuleManager: Shutting down and abandoning module CookedIterativeFile (8)
[2018.12.10-10.12.57:783][449]LogModuleManager: Shutting down and abandoning module StreamingFile (6)
[2018.12.10-10.12.57:784][449]LogModuleManager: Shutting down and abandoning module SandboxFile (4)
[2018.12.10-10.12.57:784][449]LogModuleManager: Shutting down and abandoning module PakFile (2)
[2018.12.10-10.12.57:801][449]LogExit: Exiting.
[2018.12.10-10.12.57:852][449]Log file closed, 12/10/18 11:12:57
