Log file open, 12/10/18 11:13:39
LogWindows: Failed to load 'aqProf.dll' (GetLastError=126)
LogWindows: File 'aqProf.dll' does not exist
LogWindows: Failed to load 'VtuneApi.dll' (GetLastError=126)
LogWindows: File 'VtuneApi.dll' does not exist
LogWindows: Failed to load 'VtuneApi32e.dll' (GetLastError=126)
LogWindows: File 'VtuneApi32e.dll' does not exist
LogConsoleResponse: Display: Failed to find resolution value strings in scalability ini. Falling back to default.
LogInit: Display: Running engine for game: Project
LogPakFile: Registered encryption key '00000000000000000000000000000000': 0 pak files mounted, 0 remain pending
LogPlatformFile: Not using cached read wrapper
LogTaskGraph: Started task graph with 5 named threads and 23 total threads with 3 sets of task threads.
LogStats: Stats thread started at 0.311967
LogD3D11RHI: Loaded GFSDK_Aftermath_Lib.x64.dll
LogICUInternationalization: ICU TimeZone Detection - Raw Offset: +1:00, Platform Override: ''
LogPluginManager: Mounting plugin Paper2D
LogPluginManager: Mounting plugin AISupport
LogPluginManager: Mounting plugin LightPropagationVolume
LogPluginManager: Mounting plugin ActorLayerUtilities
LogPluginManager: Mounting plugin CLionSourceCodeAccess
LogPluginManager: Mounting plugin CodeLiteSourceCodeAccess
LogPluginManager: Mounting plugin GitSourceControl
LogPluginManager: Mounting plugin KDevelopSourceCodeAccess
LogPluginManager: Mounting plugin NullSourceCodeAccess
LogPluginManager: Mounting plugin PerforceSourceControl
LogPluginManager: Mounting plugin SubversionSourceControl
LogPluginManager: Mounting plugin UObjectPlugin
LogPluginManager: Mounting plugin VisualStudioCodeSourceCodeAccess
LogPluginManager: Mounting plugin VisualStudioSourceCodeAccess
LogPluginManager: Mounting plugin XCodeSourceCodeAccess
LogPluginManager: Mounting plugin AssetManagerEditor
LogPluginManager: Mounting plugin CryptoKeys
LogPluginManager: Mounting plugin DataValidation
LogPluginManager: Mounting plugin FacialAnimation
LogPluginManager: Mounting plugin GameplayTagsEditor
LogPluginManager: Mounting plugin MacGraphicsSwitching
LogPluginManager: Mounting plugin MeshEditor
LogPluginManager: Mounting plugin MobileLauncherProfileWizard
LogPluginManager: Mounting plugin PluginBrowser
LogPluginManager: Mounting plugin SpeedTreeImporter
LogPluginManager: Mounting plugin DatasmithContent
LogPluginManager: Mounting plugin VariantManagerContent
LogPluginManager: Mounting plugin AlembicImporter
LogPluginManager: Mounting plugin AppleImageUtils
LogPluginManager: Mounting plugin AppleVision
LogPluginManager: Mounting plugin BackChannel
LogPluginManager: Mounting plugin CharacterAI
LogPluginManager: Mounting plugin GeometryCache
LogPluginManager: Mounting plugin HTML5Networking
LogPluginManager: Mounting plugin ProxyLODPlugin
LogPluginManager: Mounting plugin MagicLeap
LogPluginManager: Mounting plugin MagicLeapMedia
LogPluginManager: Mounting plugin AndroidMedia
LogPluginManager: Mounting plugin AvfMedia
LogPluginManager: Mounting plugin ImgMedia
LogPluginManager: Mounting plugin LinearTimecode
LogPluginManager: Mounting plugin MediaCompositing
LogPluginManager: Mounting plugin MediaPlayerEditor
LogPluginManager: Mounting plugin WebMMedia
LogPluginManager: Mounting plugin WmfMedia
LogPluginManager: Mounting plugin TcpMessaging
LogPluginManager: Mounting plugin UdpMessaging
LogPluginManager: Mounting plugin ActorSequence
LogPluginManager: Mounting plugin LevelSequenceEditor
LogPluginManager: Mounting plugin MatineeToLevelSequence
LogPluginManager: Mounting plugin NetcodeUnitTest
LogPluginManager: Mounting plugin NUTUnrealEngine4
LogPluginManager: Mounting plugin OnlineSubsystemGooglePlay
LogPluginManager: Mounting plugin OnlineSubsystemIOS
LogPluginManager: Mounting plugin OnlineSubsystem
LogPluginManager: Mounting plugin OnlineSubsystemNull
LogPluginManager: Mounting plugin OnlineSubsystemUtils
LogPluginManager: Mounting plugin LauncherChunkInstaller
LogPluginManager: Mounting plugin AndroidDeviceProfileSelector
LogPluginManager: Mounting plugin AndroidMoviePlayer
LogPluginManager: Mounting plugin AndroidPermission
LogPluginManager: Mounting plugin AppleMoviePlayer
LogPluginManager: Mounting plugin ArchVisCharacter
LogPluginManager: Mounting plugin AudioCapture
LogPluginManager: Mounting plugin CableComponent
LogPluginManager: Mounting plugin CustomMeshComponent
LogPluginManager: Mounting plugin EditableMesh
LogPluginManager: Mounting plugin ExampleDeviceProfileSelector
LogPluginManager: Mounting plugin Firebase
LogPluginManager: Mounting plugin GoogleCloudMessaging
LogPluginManager: Mounting plugin IOSDeviceProfileSelector
LogPluginManager: Mounting plugin LinuxDeviceProfileSelector
LogPluginManager: Mounting plugin LocationServicesBPLibrary
LogPluginManager: Mounting plugin MobilePatchingUtils
LogPluginManager: Mounting plugin OculusVR
LogPluginManager: Mounting plugin PhysXVehicles
LogPluginManager: Mounting plugin ProceduralMeshComponent
LogPluginManager: Mounting plugin RuntimePhysXCooking
LogPluginManager: Mounting plugin SteamVR
LogPluginManager: Mounting plugin WebMMoviePlayer
LogPluginManager: Mounting plugin WindowsMoviePlayer
LogStreaming: Display: Took  0.144s to configure plugins.
LogInit: Using libcurl 7.55.1-DEV
LogInit:  - built for x86_64-pc-win32
LogInit:  - supports SSL with OpenSSL/1.0.2h
LogInit:  - supports HTTP deflate (compression) using libz 1.2.8
LogInit:  - other features:
LogInit:      CURL_VERSION_SSL
LogInit:      CURL_VERSION_LIBZ
LogInit:      CURL_VERSION_IPV6
LogInit:      CURL_VERSION_ASYNCHDNS
LogInit:      CURL_VERSION_LARGEFILE
LogInit:      CURL_VERSION_IDN
LogInit:  CurlRequestOptions (configurable via config and command line):
LogInit:  - bVerifyPeer = true  - Libcurl will verify peer certificate
LogInit:  - bUseHttpProxy = false  - Libcurl will NOT use HTTP proxy
LogInit:  - bDontReuseConnections = false  - Libcurl will reuse connections
LogInit:  - MaxHostConnections = 16  - Libcurl will limit the number of connections to a host
LogInit:  - LocalHostAddr = Default
LogInit:  - BufferSize = 65536
LogInit: WinSock: version 1.1 (2.2), MaxSocks=32767, MaxUdp=65467
LogInit: Build: ++UE4+Release-4.21-CL-4541578
LogInit: Engine Version: 4.21.0-4541578+++UE4+Release-4.21
LogInit: Compatible Engine Version: 4.21.0-4541578+++UE4+Release-4.21
LogInit: Net CL: 4541578
LogInit: OS: Windows 10 (), CPU: Intel(R) Core(TM) i7-7700HQ CPU @ 2.80GHz, GPU: Intel(R) HD Graphics 630
LogInit: Compiled (64-bit): Nov  6 2018 02:04:24
LogInit: Compiled with Visual C++: 19.13.26129.00
LogInit: Build Configuration: Development
LogInit: Branch Name: ++UE4+Release-4.21
LogInit: Command Line: 
LogInit: Base Directory: C:/Program Files/Epic Games/UE_4.21/Engine/Binaries/Win64/
LogInit: Installed Engine Build: 1
LogDevObjectVersion: Number of dev versions registered: 22
LogDevObjectVersion:   Dev-Blueprints (B0D832E4-1F89-4F0D-ACCF-7EB736FD4AA2): 10
LogDevObjectVersion:   Dev-Build (E1C64328-A22C-4D53-A36C-8E866417BD8C): 0
LogDevObjectVersion:   Dev-Core (375EC13C-06E4-48FB-B500-84F0262A717E): 2
LogDevObjectVersion:   Dev-Editor (E4B068ED-F494-42E9-A231-DA0B2E46BB41): 26
LogDevObjectVersion:   Dev-Framework (CFFC743F-43B0-4480-9391-14DF171D2073): 34
LogDevObjectVersion:   Dev-Mobile (B02B49B5-BB20-44E9-A304-32B752E40360): 2
LogDevObjectVersion:   Dev-Networking (A4E4105C-59A1-49B5-A7C5-40C4547EDFEE): 0
LogDevObjectVersion:   Dev-Online (39C831C9-5AE6-47DC-9A44-9C173E1C8E7C): 0
LogDevObjectVersion:   Dev-Physics (78F01B33-EBEA-4F98-B9B4-84EACCB95AA2): 0
LogDevObjectVersion:   Dev-Platform (6631380F-2D4D-43E0-8009-CF276956A95A): 0
LogDevObjectVersion:   Dev-Rendering (12F88B9F-8875-4AFC-A67C-D90C383ABD29): 27
LogDevObjectVersion:   Dev-Sequencer (7B5AE74C-D270-4C10-A958-57980B212A5A): 9
LogDevObjectVersion:   Dev-VR (D7296918-1DD6-4BDD-9DE2-64A83CC13884): 2
LogDevObjectVersion:   Dev-LoadTimes (C2A15278-BFE7-4AFE-6C17-90FF531DF755): 1
LogDevObjectVersion:   Private-Geometry (6EACA3D4-40EC-4CC1-B786-8BED09428FC5): 3
LogDevObjectVersion:   Dev-AnimPhys (29E575DD-E0A3-4627-9D10-D276232CDCEA): 17
LogDevObjectVersion:   Dev-Anim (AF43A65D-7FD3-4947-9873-3E8ED9C1BB05): 2
LogDevObjectVersion:   Dev-ReflectionCapture (6B266CEC-1EC7-4B8F-A30B-E4D90942FC07): 1
LogDevObjectVersion:   Dev-Automation (0DF73D61-A23F-47EA-B727-89E90C41499A): 1
LogDevObjectVersion:   FortniteMain (601D1886-AC64-4F84-AA16-D3DE0DEAC7D6): 17
LogDevObjectVersion:   Dev-Enterprise (9DFFBCD6-494F-0158-E221-12823C92A888): 4
LogDevObjectVersion:   Dev-Niagara (F2AED0AC-9AFE-416F-8664-AA7FFA26D6FC): 1
LogStreaming: Display: Took  0.002s to delete old logs.
LogInit: Presizing for max 8388607 objects, including 0 objects not considered by GC, pre-allocating 0 bytes for permanent pool.
LogInit: Object subsystem initialized
LogConfig: Setting CVar [[con.DebugEarlyDefault:1]]
LogConfig: Setting CVar [[r.setres:1280x720]]
[2018.12.10-10.13.39:631][  0]LogConfig: Setting CVar [[r.VSync:0]]
[2018.12.10-10.13.39:631][  0]LogConfig: Setting CVar [[r.RHICmdBypass:0]]
[2018.12.10-10.13.39:631][  0]LogConfig: Applying CVar settings from Section [/Script/Engine.RendererSettings] File [C:/Users/Floyd Lehman/Documents/GitHub/EscapeRoom/Project/Saved/Config/Windows/Engine.ini]
[2018.12.10-10.13.39:631][  0]LogConfig: Setting CVar [[r.GPUCrashDebugging:0]]
[2018.12.10-10.13.39:631][  0]LogConfig: Setting CVar [[r.DefaultFeature.AmbientOcclusion:0]]
[2018.12.10-10.13.39:631][  0]LogConfig: Setting CVar [[r.DefaultFeature.AmbientOcclusionStaticFraction:0]]
[2018.12.10-10.13.39:631][  0]LogConfig: Setting CVar [[vr.InstancedStereo:1]]
[2018.12.10-10.13.39:631][  0]LogConfig: Setting CVar [[r.SeparateTranslucency:0]]
[2018.12.10-10.13.39:631][  0]LogConfig: Setting CVar [[r.HZBOcclusion:0]]
[2018.12.10-10.13.39:631][  0]LogConfig: Setting CVar [[r.SSR.MaxRoughness:0]]
[2018.12.10-10.13.39:631][  0]LogConfig: Setting CVar [[r.rhicmdbypass:0]]
[2018.12.10-10.13.39:631][  0]LogConfig: Applying CVar settings from Section [/Script/Engine.RendererOverrideSettings] File [C:/Users/Floyd Lehman/Documents/GitHub/EscapeRoom/Project/Saved/Config/Windows/Engine.ini]
[2018.12.10-10.13.39:631][  0]LogConfig: Applying CVar settings from Section [/Script/Engine.StreamingSettings] File [C:/Users/Floyd Lehman/Documents/GitHub/EscapeRoom/Project/Saved/Config/Windows/Engine.ini]
[2018.12.10-10.13.39:631][  0]LogConfig: Setting CVar [[s.MinBulkDataSizeForAsyncLoading:131072]]
[2018.12.10-10.13.39:631][  0]LogConfig: Setting CVar [[s.AsyncLoadingThreadEnabled:0]]
[2018.12.10-10.13.39:631][  0]LogConfig: Setting CVar [[s.EventDrivenLoaderEnabled:1]]
[2018.12.10-10.13.39:632][  0]LogConfig: Setting CVar [[s.WarnIfTimeLimitExceeded:0]]
[2018.12.10-10.13.39:632][  0]LogConfig: Setting CVar [[s.TimeLimitExceededMultiplier:1.5]]
[2018.12.10-10.13.39:632][  0]LogConfig: Setting CVar [[s.TimeLimitExceededMinTime:0.005]]
[2018.12.10-10.13.39:632][  0]LogConfig: Setting CVar [[s.UseBackgroundLevelStreaming:1]]
[2018.12.10-10.13.39:632][  0]LogConfig: Setting CVar [[s.PriorityAsyncLoadingExtraTime:15.0]]
[2018.12.10-10.13.39:632][  0]LogConfig: Setting CVar [[s.LevelStreamingActorsUpdateTimeLimit:5.0]]
[2018.12.10-10.13.39:632][  0]LogConfig: Setting CVar [[s.PriorityLevelStreamingActorsUpdateExtraTime:5.0]]
[2018.12.10-10.13.39:632][  0]LogConfig: Setting CVar [[s.LevelStreamingComponentsRegistrationGranularity:10]]
[2018.12.10-10.13.39:632][  0]LogConfig: Setting CVar [[s.UnregisterComponentsTimeLimit:1.0]]
[2018.12.10-10.13.39:632][  0]LogConfig: Setting CVar [[s.LevelStreamingComponentsUnregistrationGranularity:5]]
[2018.12.10-10.13.39:632][  0]LogConfig: Applying CVar settings from Section [/Script/Engine.GarbageCollectionSettings] File [C:/Users/Floyd Lehman/Documents/GitHub/EscapeRoom/Project/Saved/Config/Windows/Engine.ini]
[2018.12.10-10.13.39:632][  0]LogConfig: Setting CVar [[gc.MaxObjectsNotConsideredByGC:1]]
[2018.12.10-10.13.39:632][  0]LogConfig: Setting CVar [[gc.SizeOfPermanentObjectPool:0]]
[2018.12.10-10.13.39:632][  0]LogConfig: Setting CVar [[gc.FlushStreamingOnGC:0]]
[2018.12.10-10.13.39:632][  0]LogConfig: Setting CVar [[gc.NumRetriesBeforeForcingGC:10]]
[2018.12.10-10.13.39:632][  0]LogConfig: Setting CVar [[gc.AllowParallelGC:1]]
[2018.12.10-10.13.39:632][  0]LogConfig: Setting CVar [[gc.TimeBetweenPurgingPendingKillObjects:61.1]]
[2018.12.10-10.13.39:632][  0]LogConfig: Setting CVar [[gc.MaxObjectsInEditor:8388607]]
[2018.12.10-10.13.39:632][  0]LogConfig: Setting CVar [[gc.IncrementalBeginDestroyEnabled:1]]
[2018.12.10-10.13.39:632][  0]LogConfig: Setting CVar [[gc.CreateGCClusters:1]]
[2018.12.10-10.13.39:632][  0]LogConfig: Setting CVar [[gc.MergeGCClusters:0]]
[2018.12.10-10.13.39:632][  0]LogConfig: Setting CVar [[gc.MinGCClusterSize:5]]
[2018.12.10-10.13.39:632][  0]LogConfig: Setting CVar [[gc.ActorClusteringEnabled:0]]
[2018.12.10-10.13.39:632][  0]LogConfig: Setting CVar [[gc.BlueprintClusteringEnabled:0]]
[2018.12.10-10.13.39:632][  0]LogConfig: Setting CVar [[gc.UseDisregardForGCOnDedicatedServers:0]]
[2018.12.10-10.13.39:632][  0]LogConfig: Applying CVar settings from Section [/Script/Engine.NetworkSettings] File [C:/Users/Floyd Lehman/Documents/GitHub/EscapeRoom/Project/Saved/Config/Windows/Engine.ini]
[2018.12.10-10.13.39:632][  0]LogConfig: Applying CVar settings from Section [/Script/UnrealEd.CookerSettings] File [C:/Users/Floyd Lehman/Documents/GitHub/EscapeRoom/Project/Saved/Config/Windows/Engine.ini]
[2018.12.10-10.13.39:635][  0]LogConfig: Applying CVar settings from Section [ViewDistanceQuality@3] File [C:/Users/Floyd Lehman/Documents/GitHub/EscapeRoom/Project/Saved/Config/Windows/Scalability.ini]
[2018.12.10-10.13.39:635][  0]LogConfig: Setting CVar [[r.SkeletalMeshLODBias:0]]
[2018.12.10-10.13.39:635][  0]LogConfig: Setting CVar [[r.ViewDistanceScale:1.0]]
[2018.12.10-10.13.39:635][  0]LogConfig: Applying CVar settings from Section [AntiAliasingQuality@3] File [C:/Users/Floyd Lehman/Documents/GitHub/EscapeRoom/Project/Saved/Config/Windows/Scalability.ini]
[2018.12.10-10.13.39:635][  0]LogConfig: Setting CVar [[r.PostProcessAAQuality:3]]
[2018.12.10-10.13.39:635][  0]LogConfig: Applying CVar settings from Section [ShadowQuality@3] File [C:/Users/Floyd Lehman/Documents/GitHub/EscapeRoom/Project/Saved/Config/Windows/Scalability.ini]
[2018.12.10-10.13.39:635][  0]LogConfig: Setting CVar [[r.LightFunctionQuality:1]]
[2018.12.10-10.13.39:635][  0]LogConfig: Setting CVar [[r.ShadowQuality:5]]
[2018.12.10-10.13.39:635][  0]LogConfig: Setting CVar [[r.Shadow.CSM.MaxCascades:10]]
[2018.12.10-10.13.39:635][  0]LogConfig: Setting CVar [[r.Shadow.MaxResolution:2048]]
[2018.12.10-10.13.39:635][  0]LogConfig: Setting CVar [[r.Shadow.MaxCSMResolution:2048]]
[2018.12.10-10.13.39:635][  0]LogConfig: Setting CVar [[r.Shadow.RadiusThreshold:0.01]]
[2018.12.10-10.13.39:635][  0]LogConfig: Setting CVar [[r.Shadow.DistanceScale:1.0]]
[2018.12.10-10.13.39:635][  0]LogConfig: Setting CVar [[r.Shadow.CSM.TransitionScale:1.0]]
[2018.12.10-10.13.39:635][  0]LogConfig: Setting CVar [[r.Shadow.PreShadowResolutionFactor:1.0]]
[2018.12.10-10.13.39:635][  0]LogConfig: Setting CVar [[r.DistanceFieldShadowing:1]]
[2018.12.10-10.13.39:635][  0]LogConfig: Setting CVar [[r.DistanceFieldAO:1]]
[2018.12.10-10.13.39:635][  0]LogConfig: Setting CVar [[r.AOQuality:2]]
[2018.12.10-10.13.39:635][  0]LogConfig: Setting CVar [[r.VolumetricFog:1]]
[2018.12.10-10.13.39:635][  0]LogConfig: Setting CVar [[r.VolumetricFog.GridPixelSize:8]]
[2018.12.10-10.13.39:635][  0]LogConfig: Setting CVar [[r.VolumetricFog.GridSizeZ:128]]
[2018.12.10-10.13.39:635][  0]LogConfig: Setting CVar [[r.VolumetricFog.HistoryMissSupersampleCount:4]]
[2018.12.10-10.13.39:635][  0]LogConfig: Setting CVar [[r.LightMaxDrawDistanceScale:1]]
[2018.12.10-10.13.39:635][  0]LogConfig: Setting CVar [[r.CapsuleShadows:1]]
[2018.12.10-10.13.39:635][  0]LogConfig: Applying CVar settings from Section [PostProcessQuality@3] File [C:/Users/Floyd Lehman/Documents/GitHub/EscapeRoom/Project/Saved/Config/Windows/Scalability.ini]
[2018.12.10-10.13.39:635][  0]LogConfig: Setting CVar [[r.MotionBlurQuality:0]]
[2018.12.10-10.13.39:635][  0]LogConfig: Setting CVar [[r.AmbientOcclusionMipLevelFactor:0.4]]
[2018.12.10-10.13.39:635][  0]LogConfig: Setting CVar [[r.AmbientOcclusionMaxQuality:100]]
[2018.12.10-10.13.39:635][  0]LogConfig: Setting CVar [[r.AmbientOcclusionLevels:0]]
[2018.12.10-10.13.39:635][  0]LogConfig: Setting CVar [[r.AmbientOcclusionRadiusScale:1.0]]
[2018.12.10-10.13.39:635][  0]LogConfig: Setting CVar [[r.DepthOfFieldQuality:0]]
[2018.12.10-10.13.39:635][  0]LogConfig: Setting CVar [[r.RenderTargetPoolMin:400]]
[2018.12.10-10.13.39:636][  0]LogConfig: Setting CVar [[r.LensFlareQuality:0]]
[2018.12.10-10.13.39:636][  0]LogConfig: Setting CVar [[r.SceneColorFringeQuality:0]]
[2018.12.10-10.13.39:636][  0]LogConfig: Setting CVar [[r.EyeAdaptationQuality:2]]
[2018.12.10-10.13.39:636][  0]LogConfig: Setting CVar [[r.BloomQuality:1]]
[2018.12.10-10.13.39:636][  0]LogConfig: Setting CVar [[r.FastBlurThreshold:0]]
[2018.12.10-10.13.39:636][  0]LogConfig: Setting CVar [[r.Upscale.Quality:3]]
[2018.12.10-10.13.39:636][  0]LogConfig: Setting CVar [[r.Tonemapper.GrainQuantization:1]]
[2018.12.10-10.13.39:636][  0]LogConfig: Setting CVar [[r.LightShaftQuality:1]]
[2018.12.10-10.13.39:636][  0]LogConfig: Setting CVar [[r.Filter.SizeScale:1]]
[2018.12.10-10.13.39:636][  0]LogConfig: Setting CVar [[r.Tonemapper.Quality:5]]
[2018.12.10-10.13.39:636][  0]LogConfig: Setting CVar [[r.DOF.Gather.AccumulatorQuality:1        ; higher gathering accumulator quality]]
[2018.12.10-10.13.39:636][  0]LogConfig: Setting CVar [[r.DOF.Gather.PostfilterMethod:1          ; Median3x3 postfilering method]]
[2018.12.10-10.13.39:636][  0]LogConfig: Setting CVar [[r.DOF.Gather.EnableBokehSettings:0       ; no bokeh simulation when gathering]]
[2018.12.10-10.13.39:636][  0]LogConfig: Setting CVar [[r.DOF.Gather.RingCount:4                 ; medium number of samples when gathering]]
[2018.12.10-10.13.39:636][  0]LogConfig: Setting CVar [[r.DOF.Scatter.ForegroundCompositing:1    ; additive foreground scattering]]
[2018.12.10-10.13.39:636][  0]LogConfig: Setting CVar [[r.DOF.Scatter.BackgroundCompositing:2    ; additive background scattering]]
[2018.12.10-10.13.39:636][  0]LogConfig: Setting CVar [[r.DOF.Scatter.EnableBokehSettings:1      ; bokeh simulation when scattering]]
[2018.12.10-10.13.39:636][  0]LogConfig: Setting CVar [[r.DOF.Scatter.MaxSpriteRatio:0.1         ; only a maximum of 10% of scattered bokeh]]
[2018.12.10-10.13.39:636][  0]LogConfig: Setting CVar [[r.DOF.Recombine.Quality:1                ; cheap slight out of focus]]
[2018.12.10-10.13.39:636][  0]LogConfig: Setting CVar [[r.DOF.Recombine.EnableBokehSettings:0    ; no bokeh simulation on slight out of focus]]
[2018.12.10-10.13.39:636][  0]LogConfig: Setting CVar [[r.DOF.TemporalAAQuality:1                ; more stable temporal accumulation]]
[2018.12.10-10.13.39:636][  0]LogConfig: Setting CVar [[r.DOF.Kernel.MaxForegroundRadius:0.025]]
[2018.12.10-10.13.39:636][  0]LogConfig: Setting CVar [[r.DOF.Kernel.MaxBackgroundRadius:0.025]]
[2018.12.10-10.13.39:636][  0]LogConfig: Applying CVar settings from Section [TextureQuality@3] File [C:/Users/Floyd Lehman/Documents/GitHub/EscapeRoom/Project/Saved/Config/Windows/Scalability.ini]
[2018.12.10-10.13.39:636][  0]LogConfig: Setting CVar [[r.Streaming.MipBias:0]]
[2018.12.10-10.13.39:636][  0]LogConfig: Setting CVar [[r.Streaming.AmortizeCPUToGPUCopy:0]]
[2018.12.10-10.13.39:636][  0]LogConfig: Setting CVar [[r.Streaming.MaxNumTexturesToStreamPerFrame:0]]
[2018.12.10-10.13.39:636][  0]LogConfig: Setting CVar [[r.Streaming.Boost:1]]
[2018.12.10-10.13.39:636][  0]LogConfig: Setting CVar [[r.MaxAnisotropy:8]]
[2018.12.10-10.13.39:636][  0]LogConfig: Setting CVar [[r.Streaming.LimitPoolSizeToVRAM:0]]
[2018.12.10-10.13.39:636][  0]LogConfig: Setting CVar [[r.Streaming.PoolSize:1000]]
[2018.12.10-10.13.39:636][  0]LogConfig: Setting CVar [[r.Streaming.MaxEffectiveScreenSize:0]]
[2018.12.10-10.13.39:636][  0]LogConfig: Applying CVar settings from Section [EffectsQuality@3] File [C:/Users/Floyd Lehman/Documents/GitHub/EscapeRoom/Project/Saved/Config/Windows/Scalability.ini]
[2018.12.10-10.13.39:636][  0]LogConfig: Setting CVar [[r.TranslucencyLightingVolumeDim:4]]
[2018.12.10-10.13.39:636][  0]LogConfig: Setting CVar [[r.RefractionQuality:2]]
[2018.12.10-10.13.39:636][  0]LogConfig: Setting CVar [[r.SSR.Quality:0]]
[2018.12.10-10.13.39:636][  0]LogConfig: Setting CVar [[r.SceneColorFormat:2]]
[2018.12.10-10.13.39:636][  0]LogConfig: Setting CVar [[r.DetailMode:2]]
[2018.12.10-10.13.39:636][  0]LogConfig: Setting CVar [[r.TranslucencyVolumeBlur:0]]
[2018.12.10-10.13.39:636][  0]LogConfig: Setting CVar [[r.MaterialQualityLevel:1 ; High quality]]
[2018.12.10-10.13.39:636][  0]LogConfig: Setting CVar [[r.SSS.Scale:1]]
[2018.12.10-10.13.39:636][  0]LogConfig: Setting CVar [[r.SSS.SampleSet:2]]
[2018.12.10-10.13.39:636][  0]LogConfig: Setting CVar [[r.SSS.Quality:1]]
[2018.12.10-10.13.39:636][  0]LogConfig: Setting CVar [[r.SSS.HalfRes:1]]
[2018.12.10-10.13.39:636][  0]LogConfig: Setting CVar [[r.EmitterSpawnRateScale:1.0]]
[2018.12.10-10.13.39:636][  0]LogConfig: Setting CVar [[r.ParticleLightQuality:2]]
[2018.12.10-10.13.39:636][  0]LogConfig: Applying CVar settings from Section [FoliageQuality@3] File [C:/Users/Floyd Lehman/Documents/GitHub/EscapeRoom/Project/Saved/Config/Windows/Scalability.ini]
[2018.12.10-10.13.39:636][  0]LogConfig: Setting CVar [[foliage.DensityScale:1.0]]
[2018.12.10-10.13.39:636][  0]LogConfig: Setting CVar [[grass.DensityScale:1.0]]
[2018.12.10-10.13.39:636][  0]LogInit: Selected Device Profile: [Windows]
[2018.12.10-10.13.39:636][  0]LogInit: Applying CVar settings loaded from the selected device profile: [Windows]
[2018.12.10-10.13.39:662][  0]LogHAL: Display: Platform has ~ 8 GB [8429789184 / 8589934592 / 8], which maps to Default [LargestMinGB=32, LargerMinGB=12, DefaultMinGB=8, SmallerMinGB=6, SmallestMinGB=0)
[2018.12.10-10.13.39:662][  0]LogConfig: Setting CVar [[r.Vulkan.UseRealUBs:1]]
[2018.12.10-10.13.39:662][  0]LogInit: Going up to parent DeviceProfile []
[2018.12.10-10.13.39:662][  0]LogConfig: Applying CVar settings from Section [ViewDistanceQuality@3] File [C:/Users/Floyd Lehman/Documents/GitHub/EscapeRoom/Project/Saved/Config/Windows/Scalability.ini]
[2018.12.10-10.13.39:662][  0]LogConfig: Setting CVar [[r.SkeletalMeshLODBias:0]]
[2018.12.10-10.13.39:662][  0]LogConfig: Setting CVar [[r.ViewDistanceScale:1.0]]
[2018.12.10-10.13.39:662][  0]LogConfig: Applying CVar settings from Section [AntiAliasingQuality@3] File [C:/Users/Floyd Lehman/Documents/GitHub/EscapeRoom/Project/Saved/Config/Windows/Scalability.ini]
[2018.12.10-10.13.39:662][  0]LogConfig: Setting CVar [[r.PostProcessAAQuality:3]]
[2018.12.10-10.13.39:662][  0]LogConfig: Applying CVar settings from Section [ShadowQuality@3] File [C:/Users/Floyd Lehman/Documents/GitHub/EscapeRoom/Project/Saved/Config/Windows/Scalability.ini]
[2018.12.10-10.13.39:662][  0]LogConfig: Setting CVar [[r.LightFunctionQuality:1]]
[2018.12.10-10.13.39:662][  0]LogConfig: Setting CVar [[r.ShadowQuality:5]]
[2018.12.10-10.13.39:662][  0]LogConfig: Setting CVar [[r.Shadow.CSM.MaxCascades:10]]
[2018.12.10-10.13.39:662][  0]LogConfig: Setting CVar [[r.Shadow.MaxResolution:2048]]
[2018.12.10-10.13.39:662][  0]LogConfig: Setting CVar [[r.Shadow.MaxCSMResolution:2048]]
[2018.12.10-10.13.39:662][  0]LogConfig: Setting CVar [[r.Shadow.RadiusThreshold:0.01]]
[2018.12.10-10.13.39:662][  0]LogConfig: Setting CVar [[r.Shadow.DistanceScale:1.0]]
[2018.12.10-10.13.39:662][  0]LogConfig: Setting CVar [[r.Shadow.CSM.TransitionScale:1.0]]
[2018.12.10-10.13.39:662][  0]LogConfig: Setting CVar [[r.Shadow.PreShadowResolutionFactor:1.0]]
[2018.12.10-10.13.39:662][  0]LogConfig: Setting CVar [[r.DistanceFieldShadowing:1]]
[2018.12.10-10.13.39:662][  0]LogConfig: Setting CVar [[r.DistanceFieldAO:1]]
[2018.12.10-10.13.39:662][  0]LogConfig: Setting CVar [[r.AOQuality:2]]
[2018.12.10-10.13.39:662][  0]LogConfig: Setting CVar [[r.VolumetricFog:1]]
[2018.12.10-10.13.39:662][  0]LogConfig: Setting CVar [[r.VolumetricFog.GridPixelSize:8]]
[2018.12.10-10.13.39:662][  0]LogConfig: Setting CVar [[r.VolumetricFog.GridSizeZ:128]]
[2018.12.10-10.13.39:662][  0]LogConfig: Setting CVar [[r.VolumetricFog.HistoryMissSupersampleCount:4]]
[2018.12.10-10.13.39:662][  0]LogConfig: Setting CVar [[r.LightMaxDrawDistanceScale:1]]
[2018.12.10-10.13.39:662][  0]LogConfig: Setting CVar [[r.CapsuleShadows:1]]
[2018.12.10-10.13.39:662][  0]LogConfig: Applying CVar settings from Section [PostProcessQuality@3] File [C:/Users/Floyd Lehman/Documents/GitHub/EscapeRoom/Project/Saved/Config/Windows/Scalability.ini]
[2018.12.10-10.13.39:662][  0]LogConfig: Setting CVar [[r.MotionBlurQuality:0]]
[2018.12.10-10.13.39:662][  0]LogConfig: Setting CVar [[r.AmbientOcclusionMipLevelFactor:0.4]]
[2018.12.10-10.13.39:662][  0]LogConfig: Setting CVar [[r.AmbientOcclusionMaxQuality:100]]
[2018.12.10-10.13.39:662][  0]LogConfig: Setting CVar [[r.AmbientOcclusionLevels:0]]
[2018.12.10-10.13.39:662][  0]LogConfig: Setting CVar [[r.AmbientOcclusionRadiusScale:1.0]]
[2018.12.10-10.13.39:662][  0]LogConfig: Setting CVar [[r.DepthOfFieldQuality:0]]
[2018.12.10-10.13.39:662][  0]LogConfig: Setting CVar [[r.RenderTargetPoolMin:400]]
[2018.12.10-10.13.39:662][  0]LogConfig: Setting CVar [[r.LensFlareQuality:0]]
[2018.12.10-10.13.39:662][  0]LogConfig: Setting CVar [[r.SceneColorFringeQuality:0]]
[2018.12.10-10.13.39:662][  0]LogConfig: Setting CVar [[r.EyeAdaptationQuality:2]]
[2018.12.10-10.13.39:662][  0]LogConfig: Setting CVar [[r.BloomQuality:1]]
[2018.12.10-10.13.39:662][  0]LogConfig: Setting CVar [[r.FastBlurThreshold:0]]
[2018.12.10-10.13.39:662][  0]LogConfig: Setting CVar [[r.Upscale.Quality:3]]
[2018.12.10-10.13.39:662][  0]LogConfig: Setting CVar [[r.Tonemapper.GrainQuantization:1]]
[2018.12.10-10.13.39:662][  0]LogConfig: Setting CVar [[r.LightShaftQuality:1]]
[2018.12.10-10.13.39:662][  0]LogConfig: Setting CVar [[r.Filter.SizeScale:1]]
[2018.12.10-10.13.39:663][  0]LogConfig: Setting CVar [[r.Tonemapper.Quality:5]]
[2018.12.10-10.13.39:663][  0]LogConfig: Setting CVar [[r.DOF.Gather.AccumulatorQuality:1        ; higher gathering accumulator quality]]
[2018.12.10-10.13.39:663][  0]LogConfig: Setting CVar [[r.DOF.Gather.PostfilterMethod:1          ; Median3x3 postfilering method]]
[2018.12.10-10.13.39:663][  0]LogConfig: Setting CVar [[r.DOF.Gather.EnableBokehSettings:0       ; no bokeh simulation when gathering]]
[2018.12.10-10.13.39:663][  0]LogConfig: Setting CVar [[r.DOF.Gather.RingCount:4                 ; medium number of samples when gathering]]
[2018.12.10-10.13.39:663][  0]LogConfig: Setting CVar [[r.DOF.Scatter.ForegroundCompositing:1    ; additive foreground scattering]]
[2018.12.10-10.13.39:663][  0]LogConfig: Setting CVar [[r.DOF.Scatter.BackgroundCompositing:2    ; additive background scattering]]
[2018.12.10-10.13.39:663][  0]LogConfig: Setting CVar [[r.DOF.Scatter.EnableBokehSettings:1      ; bokeh simulation when scattering]]
[2018.12.10-10.13.39:663][  0]LogConfig: Setting CVar [[r.DOF.Scatter.MaxSpriteRatio:0.1         ; only a maximum of 10% of scattered bokeh]]
[2018.12.10-10.13.39:663][  0]LogConfig: Setting CVar [[r.DOF.Recombine.Quality:1                ; cheap slight out of focus]]
[2018.12.10-10.13.39:663][  0]LogConfig: Setting CVar [[r.DOF.Recombine.EnableBokehSettings:0    ; no bokeh simulation on slight out of focus]]
[2018.12.10-10.13.39:663][  0]LogConfig: Setting CVar [[r.DOF.TemporalAAQuality:1                ; more stable temporal accumulation]]
[2018.12.10-10.13.39:663][  0]LogConfig: Setting CVar [[r.DOF.Kernel.MaxForegroundRadius:0.025]]
[2018.12.10-10.13.39:663][  0]LogConfig: Setting CVar [[r.DOF.Kernel.MaxBackgroundRadius:0.025]]
[2018.12.10-10.13.39:663][  0]LogConfig: Applying CVar settings from Section [TextureQuality@3] File [C:/Users/Floyd Lehman/Documents/GitHub/EscapeRoom/Project/Saved/Config/Windows/Scalability.ini]
[2018.12.10-10.13.39:663][  0]LogConfig: Setting CVar [[r.Streaming.MipBias:0]]
[2018.12.10-10.13.39:663][  0]LogConfig: Setting CVar [[r.Streaming.AmortizeCPUToGPUCopy:0]]
[2018.12.10-10.13.39:663][  0]LogConfig: Setting CVar [[r.Streaming.MaxNumTexturesToStreamPerFrame:0]]
[2018.12.10-10.13.39:663][  0]LogConfig: Setting CVar [[r.Streaming.Boost:1]]
[2018.12.10-10.13.39:663][  0]LogConfig: Setting CVar [[r.MaxAnisotropy:8]]
[2018.12.10-10.13.39:663][  0]LogConfig: Setting CVar [[r.Streaming.LimitPoolSizeToVRAM:0]]
[2018.12.10-10.13.39:663][  0]LogConfig: Setting CVar [[r.Streaming.PoolSize:1000]]
[2018.12.10-10.13.39:663][  0]LogConfig: Setting CVar [[r.Streaming.MaxEffectiveScreenSize:0]]
[2018.12.10-10.13.39:663][  0]LogConfig: Applying CVar settings from Section [EffectsQuality@3] File [C:/Users/Floyd Lehman/Documents/GitHub/EscapeRoom/Project/Saved/Config/Windows/Scalability.ini]
[2018.12.10-10.13.39:663][  0]LogConfig: Setting CVar [[r.TranslucencyLightingVolumeDim:4]]
[2018.12.10-10.13.39:663][  0]LogConfig: Setting CVar [[r.RefractionQuality:2]]
[2018.12.10-10.13.39:663][  0]LogConfig: Setting CVar [[r.SSR.Quality:0]]
[2018.12.10-10.13.39:663][  0]LogConfig: Setting CVar [[r.SceneColorFormat:2]]
[2018.12.10-10.13.39:663][  0]LogConfig: Setting CVar [[r.DetailMode:2]]
[2018.12.10-10.13.39:663][  0]LogConfig: Setting CVar [[r.TranslucencyVolumeBlur:0]]
[2018.12.10-10.13.39:663][  0]LogConfig: Setting CVar [[r.MaterialQualityLevel:1 ; High quality]]
[2018.12.10-10.13.39:663][  0]LogConfig: Setting CVar [[r.SSS.Scale:1]]
[2018.12.10-10.13.39:663][  0]LogConfig: Setting CVar [[r.SSS.SampleSet:2]]
[2018.12.10-10.13.39:663][  0]LogConfig: Setting CVar [[r.SSS.Quality:1]]
[2018.12.10-10.13.39:663][  0]LogConfig: Setting CVar [[r.SSS.HalfRes:1]]
[2018.12.10-10.13.39:663][  0]LogConfig: Setting CVar [[r.EmitterSpawnRateScale:1.0]]
[2018.12.10-10.13.39:663][  0]LogConfig: Setting CVar [[r.ParticleLightQuality:2]]
[2018.12.10-10.13.39:663][  0]LogConfig: Applying CVar settings from Section [FoliageQuality@3] File [C:/Users/Floyd Lehman/Documents/GitHub/EscapeRoom/Project/Saved/Config/Windows/Scalability.ini]
[2018.12.10-10.13.39:663][  0]LogConfig: Setting CVar [[foliage.DensityScale:1.0]]
[2018.12.10-10.13.39:663][  0]LogConfig: Setting CVar [[grass.DensityScale:1.0]]
[2018.12.10-10.13.39:663][  0]LogConfig: Applying CVar settings from Section [Startup] File [../../../Engine/Config/ConsoleVariables.ini]
[2018.12.10-10.13.39:664][  0]LogConfig: Setting CVar [[net.UseAdaptiveNetUpdateFrequency:0]]
[2018.12.10-10.13.39:664][  0]LogConfig: Applying CVar settings from Section [ConsoleVariables] File [C:/Users/Floyd Lehman/Documents/GitHub/EscapeRoom/Project/Saved/Config/Windows/Engine.ini]
[2018.12.10-10.13.39:664][  0]LogInit: Computer: DESKTOP-8AMLK8E
[2018.12.10-10.13.39:664][  0]LogInit: User: FloydLehman
[2018.12.10-10.13.39:664][  0]LogInit: CPU Page size=4096, Cores=4
[2018.12.10-10.13.39:664][  0]LogInit: High frequency timer resolution =2.742187 MHz
[2018.12.10-10.13.39:664][  0]LogMemory: Memory total: Physical=7.9GB (8GB approx)
[2018.12.10-10.13.39:664][  0]LogMemory: Platform Memory Stats for Windows
[2018.12.10-10.13.39:664][  0]LogMemory: Process Physical Memory: 102.07 MB used, 102.07 MB peak
[2018.12.10-10.13.39:664][  0]LogMemory: Process Virtual Memory: 91.33 MB used, 91.33 MB peak
[2018.12.10-10.13.39:664][  0]LogMemory: Physical Memory: 6014.99 MB used,  2024.28 MB free, 8039.27 MB total
[2018.12.10-10.13.39:664][  0]LogMemory: Virtual Memory: 4652.69 MB used,  134213072.00 MB free, 134217728.00 MB total
[2018.12.10-10.13.40:069][  0]LogInit: Using OS detected language (nl-NL).
[2018.12.10-10.13.40:069][  0]LogInit: Using OS detected locale (en-GB).
[2018.12.10-10.13.40:070][  0]LogTextLocalizationManager: No localization for 'nl-NL' exists, so 'en' will be used for the language.
[2018.12.10-10.13.40:511][  0]LogStreaming: Display: Took  0.442s to InitEngineTextLocalization.
[2018.12.10-10.13.40:511][  0]LogInit: Setting process to per monitor DPI aware
[2018.12.10-10.13.40:564][  0]LogSlate: New Slate User Created.  User Index 0, Is Virtual User: 0
[2018.12.10-10.13.40:564][  0]LogSlate: Slate User Registered.  User Index 0, Is Virtual User: 0
[2018.12.10-10.13.41:055][  0]LogD3D11RHI: D3D11 adapters:
[2018.12.10-10.13.41:124][  0]LogD3D11RHI:    0. 'NVIDIA GeForce GTX 1060' (Feature Level 11_0)
[2018.12.10-10.13.41:124][  0]LogD3D11RHI:       2987/0/4019 MB DedicatedVideo/DedicatedSystem/SharedSystem, Outputs:1, VendorId:0x10de
[2018.12.10-10.13.41:140][  0]LogD3D11RHI:    1. 'Intel(R) HD Graphics 630' (Feature Level 11_0)
[2018.12.10-10.13.41:141][  0]LogD3D11RHI:       128/0/4019 MB DedicatedVideo/DedicatedSystem/SharedSystem, Outputs:0, VendorId:0x8086
[2018.12.10-10.13.41:144][  0]LogD3D11RHI:    2. 'Microsoft Basic Render Driver' (Feature Level 11_0)
[2018.12.10-10.13.41:144][  0]LogD3D11RHI:       0/0/4019 MB DedicatedVideo/DedicatedSystem/SharedSystem, Outputs:0, VendorId:0x1414
[2018.12.10-10.13.41:144][  0]LogD3D11RHI: Chosen D3D11 Adapter: 0
[2018.12.10-10.13.41:176][  0]LogD3D11RHI: Creating new Direct3DDevice
[2018.12.10-10.13.41:176][  0]LogD3D11RHI:     GPU DeviceId: 0x1c20 (for the marketing name, search the web for "GPU Device Id")
[2018.12.10-10.13.41:176][  0]LogWindows: EnumDisplayDevices:
[2018.12.10-10.13.41:176][  0]LogWindows:    0. 'Intel(R) HD Graphics 630' (P:1 D:1)
[2018.12.10-10.13.41:176][  0]LogWindows:    1. 'Intel(R) HD Graphics 630' (P:0 D:0)
[2018.12.10-10.13.41:177][  0]LogWindows:    2. 'Intel(R) HD Graphics 630' (P:0 D:0)
[2018.12.10-10.13.41:177][  0]LogWindows:    3. 'NVIDIA GeForce GTX 1060' (P:0 D:0)
[2018.12.10-10.13.41:177][  0]LogWindows:    4. 'NVIDIA GeForce GTX 1060' (P:0 D:0)
[2018.12.10-10.13.41:177][  0]LogWindows:    5. 'NVIDIA GeForce GTX 1060' (P:0 D:0)
[2018.12.10-10.13.41:178][  0]LogWindows:    6. 'NVIDIA GeForce GTX 1060' (P:0 D:0)
[2018.12.10-10.13.41:178][  0]LogWindows: DebugString: PrimaryIsNotTheChoosenAdapter PrimaryIsNotTheChoosenAdapter PrimaryIsNotTheChoosenAdapter FoundDriverCount:4 
[2018.12.10-10.13.41:178][  0]LogD3D11RHI:     Adapter Name: NVIDIA GeForce GTX 1060
[2018.12.10-10.13.41:178][  0]LogD3D11RHI:   Driver Version: 399.01 (internal:24.21.13.9901, unified:399.01)
[2018.12.10-10.13.41:178][  0]LogD3D11RHI:      Driver Date: 8-13-2018
[2018.12.10-10.13.41:178][  0]LogRHI: Texture pool is 2090 MB (70% of 2987 MB)
[2018.12.10-10.13.41:225][  0]LogD3D11RHI: Async texture creation enabled
[2018.12.10-10.13.41:244][  0]LogD3D11RHI: GPU Timing Frequency: 1000.000000 (Debug: 2 2)
[2018.12.10-10.13.41:724][  0]LogTemp: Display: Loaded TP AllDesktopTargetPlatform
[2018.12.10-10.13.41:741][  0]LogTemp: Display: Loaded TP MacClientTargetPlatform
[2018.12.10-10.13.41:756][  0]LogTemp: Display: Loaded TP MacNoEditorTargetPlatform
[2018.12.10-10.13.41:771][  0]LogTemp: Display: Loaded TP MacServerTargetPlatform
[2018.12.10-10.13.41:787][  0]LogTemp: Display: Loaded TP MacTargetPlatform
[2018.12.10-10.13.41:802][  0]LogTemp: Display: Loaded TP WindowsClientTargetPlatform
[2018.12.10-10.13.41:817][  0]LogTemp: Display: Loaded TP WindowsNoEditorTargetPlatform
[2018.12.10-10.13.41:831][  0]LogTemp: Display: Loaded TP WindowsServerTargetPlatform
[2018.12.10-10.13.41:838][  0]LogTemp: Display: Loaded TP WindowsTargetPlatform
[2018.12.10-10.13.41:926][  0]LogTemp: Display: Loaded TP AndroidTargetPlatform
[2018.12.10-10.13.41:926][  0]LogTemp: Display: Loaded TP AndroidTargetPlatform
[2018.12.10-10.13.41:926][  0]LogTemp: Display: Loaded TP AndroidTargetPlatform
[2018.12.10-10.13.41:926][  0]LogTemp: Display: Loaded TP AndroidTargetPlatform
[2018.12.10-10.13.41:926][  0]LogTemp: Display: Loaded TP AndroidTargetPlatform
[2018.12.10-10.13.41:926][  0]LogTemp: Display: Loaded TP AndroidTargetPlatform
[2018.12.10-10.13.41:926][  0]LogTemp: Display: Loaded TP AndroidTargetPlatform
[2018.12.10-10.13.41:926][  0]LogTemp: Display: Loaded TP AndroidTargetPlatform
[2018.12.10-10.13.41:926][  0]LogTemp: Display: Loaded TP AndroidTargetPlatform
[2018.12.10-10.13.41:926][  0]LogTemp: Display: Loaded TP AndroidTargetPlatform
[2018.12.10-10.13.41:926][  0]LogTemp: Display: Loaded TP AndroidTargetPlatform
[2018.12.10-10.13.41:926][  0]LogTemp: Display: Loaded TP AndroidTargetPlatform
[2018.12.10-10.13.41:926][  0]LogTemp: Display: Loaded TP AndroidTargetPlatform
[2018.12.10-10.13.41:926][  0]LogTemp: Display: Loaded TP AndroidTargetPlatform
[2018.12.10-10.13.41:926][  0]LogTemp: Display: Loaded TP AndroidTargetPlatform
[2018.12.10-10.13.41:926][  0]LogTemp: Display: Loaded TP AndroidTargetPlatform
[2018.12.10-10.13.41:926][  0]LogTemp: Display: Loaded TP AndroidTargetPlatform
[2018.12.10-10.13.41:926][  0]LogTemp: Display: Loaded TP AndroidTargetPlatform
[2018.12.10-10.13.41:928][  0]LogTemp: Display: Loaded TP HTML5TargetPlatform
[2018.12.10-10.13.41:993][  0]LogTemp: Display: Loaded TP IOSTargetPlatform
[2018.12.10-10.13.41:993][  0]LogTemp: Display: Loaded TP IOSTargetPlatform
[2018.12.10-10.13.42:020][  0]LogTemp: Display: Loaded TP TVOSTargetPlatform
[2018.12.10-10.13.42:020][  0]LogTemp: Display: Loaded TP TVOSTargetPlatform
[2018.12.10-10.13.42:036][  0]LogTemp: Display: Loaded TP LinuxClientTargetPlatform
[2018.12.10-10.13.42:052][  0]LogTemp: Display: Loaded TP LinuxNoEditorTargetPlatform
[2018.12.10-10.13.42:068][  0]LogTemp: Display: Loaded TP LinuxServerTargetPlatform
[2018.12.10-10.13.42:086][  0]LogTemp: Display: Loaded TP LinuxTargetPlatform
[2018.12.10-10.13.42:145][  0]LogTemp: Display: Loaded TP LuminTargetPlatform
[2018.12.10-10.13.42:145][  0]LogTemp: Display: Loaded TP LuminTargetPlatform
[2018.12.10-10.13.42:145][  0]LogTargetPlatformManager: Display: Building Assets For Windows
[2018.12.10-10.13.42:225][  0]LogShaderCompilers: Guid format shader working directory is -20 characters bigger than the processId version (../../../../../../Users/Floyd Lehman/Documents/GitHub/EscapeRoom/Project/Intermediate/Shaders/WorkingDirectory/13904/).
[2018.12.10-10.13.42:225][  0]LogShaderCompilers: Cleaned the shader compiler working directory 'C:/Users/Floyd Lehman/AppData/Local/Temp/UnrealShaderWorkingDir/C9551D0944594B29D4098DB6AF51F87E/'.
[2018.12.10-10.13.42:228][  0]LogXGEController: Cannot use XGE Controller as Incredibuild is not installed on this machine.
[2018.12.10-10.13.42:228][  0]LogShaderCompilers: Cannot use XGE Shader Compiler as Incredibuild is not installed on this machine.
[2018.12.10-10.13.42:228][  0]LogShaderCompilers: Display: Using Local Shader Compiler.
[2018.12.10-10.13.42:891][  0]LogDerivedDataCache: Display: Max Cache Size: 512 MB
[2018.12.10-10.13.42:972][  0]LogDerivedDataCache: Loaded boot cache 0.08s 85MB C:/Users/Floyd Lehman/AppData/Local/UnrealEngine/4.21/DerivedDataCache/Boot.ddc.
[2018.12.10-10.13.42:972][  0]LogDerivedDataCache: Display: Loaded Boot cache: C:/Users/Floyd Lehman/AppData/Local/UnrealEngine/4.21/DerivedDataCache/Boot.ddc
[2018.12.10-10.13.42:972][  0]LogDerivedDataCache: FDerivedDataBackendGraph:  Pak pak cache file ../../../../../../Users/Floyd Lehman/Documents/GitHub/EscapeRoom/Project/DerivedDataCache/DDC.ddp not found, will not use a pak cache.
[2018.12.10-10.13.42:972][  0]LogDerivedDataCache: Unable to find inner node Pak for hierarchical cache Hierarchy.
[2018.12.10-10.13.42:972][  0]LogDerivedDataCache: FDerivedDataBackendGraph:  CompressedPak pak cache file ../../../../../../Users/Floyd Lehman/Documents/GitHub/EscapeRoom/Project/DerivedDataCache/Compressed.ddp not found, will not use a pak cache.
[2018.12.10-10.13.42:972][  0]LogDerivedDataCache: Unable to find inner node CompressedPak for hierarchical cache Hierarchy.
[2018.12.10-10.13.42:987][  0]LogDerivedDataCache: Display: Pak cache opened for reading ../../../Engine/DerivedDataCache/Compressed.ddp.
[2018.12.10-10.13.42:987][  0]LogDerivedDataCache: FDerivedDataBackendGraph:  EnterprisePak pak cache file ../../../Enterprise/DerivedDataCache/Compressed.ddp not found, will not use a pak cache.
[2018.12.10-10.13.42:988][  0]LogDerivedDataCache: Unable to find inner node EnterprisePak for hierarchical cache Hierarchy.
[2018.12.10-10.13.43:001][  0]LogDerivedDataCache: Using Local data cache path C:/Users/Floyd Lehman/AppData/Local/UnrealEngine/Common/DerivedDataCache: Writable
[2018.12.10-10.13.43:001][  0]LogDerivedDataCache: Shared data cache path not found in *engine.ini, will not use an Shared cache.
[2018.12.10-10.13.43:001][  0]LogDerivedDataCache: Unable to find inner node Shared for hierarchical cache Hierarchy.
[2018.12.10-10.13.43:030][  0]LogMaterial: Verifying Global Shaders for PCD3D_SM5
[2018.12.10-10.13.43:031][  0]LogSlate: Using FreeType 2.6.0
[2018.12.10-10.13.43:032][  0]LogSlate: SlateFontServices - WITH_FREETYPE: 1, WITH_HARFBUZZ: 1
[2018.12.10-10.13.43:151][  0]LogAssetRegistry: FAssetRegistry took 0.0394 seconds to start up
[2018.12.10-10.13.43:543][  0]LogInit: Selected Device Profile: [Windows]
[2018.12.10-10.13.43:746][  0]LogSimplygon: Simplygon DLL not present - disabling.
[2018.12.10-10.13.43:754][  0]LogMeshReduction: Using SimplygonSwarm for distributed automatic mesh merging
[2018.12.10-10.13.43:754][  0]LogMeshReduction: Using ProxyLODMeshReduction for automatic mesh merging
[2018.12.10-10.13.43:754][  0]LogMeshReduction: Using QuadricMeshReduction for automatic static mesh reduction
[2018.12.10-10.13.43:754][  0]LogMeshReduction: No automatic skeletal mesh reduction module available
[2018.12.10-10.13.43:770][  0]LogNetVersion: Project 1.0.0, NetCL: 4541578, EngineNetVer: 5, GameNetVer: 0 (Checksum: 1228489884)
[2018.12.10-10.13.44:403][  0]LogPackageLocalizationCache: Processed 11 localized package path(s) for 1 prioritized culture(s) in 0.083945 seconds
[2018.12.10-10.13.44:410][  0]LogUObjectArray: 39775 objects as part of root set at end of initial load.
[2018.12.10-10.13.44:410][  0]LogUObjectAllocator: 6914664 out of 0 bytes used by permanent object pool.
[2018.12.10-10.13.44:410][  0]LogUObjectArray: CloseDisregardForGC: 0/0 objects in disregard for GC pool
[2018.12.10-10.13.45:589][  0]LogTcpMessaging: Initializing TcpMessaging bridge
[2018.12.10-10.13.45:603][  0]LogUdpMessaging: Initializing bridge on interface 0.0.0.0:0 to multicast group 230.0.0.1:6666.
[2018.12.10-10.13.46:579][  0]SourceControl: Source control is disabled
[2018.12.10-10.13.46:579][  0]SourceControl: Source control is disabled
[2018.12.10-10.13.46:581][  0]SourceControl: Source control is disabled
[2018.12.10-10.13.46:583][  0]SourceControl: Source control is disabled
[2018.12.10-10.13.46:775][  0]LogAndroidPermission: UAndroidPermissionCallbackProxy::GetInstance
[2018.12.10-10.13.46:989][  0]LogOcInput: OculusInput pre-init called
[2018.12.10-10.13.47:143][  0]LogEngine: Initializing Engine...
[2018.12.10-10.13.47:419][  0]LogHMD: SteamVR initialized.  Driver: lighthouse  Display: LHR-21847282
[2018.12.10-10.13.47:421][  0]LogStats: UGameplayTagsManager::ConstructGameplayTagTree: ImportINI prefixes -  0.000 s
[2018.12.10-10.13.47:421][  0]LogStats: UGameplayTagsManager::ConstructGameplayTagTree: Construct from data asset -  0.000 s
[2018.12.10-10.13.47:421][  0]LogStats: UGameplayTagsManager::ConstructGameplayTagTree: ImportINI -  0.000 s
[2018.12.10-10.13.47:421][  0]LogStats: UGameplayTagsManager::ConstructGameplayTagTree: GameplayTagTreeChangedEvent.Broadcast -  0.000 s
[2018.12.10-10.13.47:719][  0]LogInit: Initializing FReadOnlyCVARCache
[2018.12.10-10.13.47:738][  0]LogAIModule: Creating AISystem for world Untitled
[2018.12.10-10.13.47:854][  0]LogInit: XAudio2 using 'Luidsprekers (2- USB Audio Device)' : 2 channels at 48 kHz using 16 bits per sample (channel mask 0x3)
[2018.12.10-10.13.47:880][  0]LogInit: FAudioDevice initialized.
[2018.12.10-10.13.47:880][  0]LogNetVersion: Set ProjectVersion to 1.0.0.0. Version Checksum will be recalculated on next use.
[2018.12.10-10.13.47:984][  0]LogDerivedDataCache: Saved boot cache 0.10s 85MB C:/Users/Floyd Lehman/AppData/Local/UnrealEngine/4.21/DerivedDataCache/Boot.ddc.
[2018.12.10-10.13.47:997][  0]LogInit: Texture streaming: Enabled
[2018.12.10-10.13.48:025][  0]LogEngineSessionManager: EngineSessionManager initialized
[2018.12.10-10.13.48:041][  0]LogInit: Transaction tracking system initialized
[2018.12.10-10.13.48:076][  0]BlueprintLog: New page: Editor Load
[2018.12.10-10.13.48:186][  0]LocalizationService: Localization service is disabled
[2018.12.10-10.13.49:338][  0]LogFileCache: Scanning file cache for directory 'C:/Users/Floyd Lehman/Documents/GitHub/EscapeRoom/Project/Content/' took 0.02s
[2018.12.10-10.13.49:338][  0]LogCook: Display: Max memory allowance for cook 16384mb min free memory 0mb
[2018.12.10-10.13.49:338][  0]LogCook: Display: Mobile HDR setting 1
[2018.12.10-10.13.49:338][  0]LogGameplayTags: Display: UGameplayTagsManager::DoneAddingNativeTags. DelegateIsBound: 0
[2018.12.10-10.13.49:338][  0]LogStats: UGameplayTagsManager::ConstructGameplayTagTree: ImportINI prefixes -  0.000 s
[2018.12.10-10.13.49:338][  0]LogStats: UGameplayTagsManager::ConstructGameplayTagTree: Construct from data asset -  0.000 s
[2018.12.10-10.13.49:338][  0]LogStats: UGameplayTagsManager::ConstructGameplayTagTree: ImportINI -  0.000 s
[2018.12.10-10.13.49:338][  0]LogStats: UGameplayTagsManager::ConstructGameplayTagTree: GameplayTagTreeChangedEvent.Broadcast -  0.000 s
[2018.12.10-10.13.49:520][  0]SourceControl: Source control is disabled
[2018.12.10-10.13.49:520][  0]Cmd: MAP LOAD FILE="../../../../../../Users/Floyd Lehman/Documents/GitHub/EscapeRoom/Project/Content/Map/GameMap.umap" TEMPLATE=0 SHOWPROGRESS=1 FEATURELEVEL=3
[2018.12.10-10.13.49:521][  0]LightingResults: New page: Lighting Build
[2018.12.10-10.13.49:524][  0]MapCheck: New page: Map Check
[2018.12.10-10.13.49:524][  0]LightingResults: New page: Lighting Build
[2018.12.10-10.13.50:386][  0]LogAIModule: Creating AISystem for world GameMap
[2018.12.10-10.13.50:397][  0]LogEditorServer: Finished looking for orphan Actors (0.000 secs)
[2018.12.10-10.13.50:425][  0]Cmd: MAP CHECKDEP NOCLEARLOG
[2018.12.10-10.13.50:425][  0]MapCheck: Map check complete: 0 Error(s), 0 Warning(s), took 0.198ms to complete.
[2018.12.10-10.13.50:425][  0]LogFileHelpers: Loading map 'GameMap' took 0.905
[2018.12.10-10.13.50:540][  0]LogSlate: Updating window title bar state: overlay mode, drag disabled, window buttons hidden, title bar hidden
[2018.12.10-10.13.50:548][  0]LogSlate: Updating window title bar state: overlay mode, drag disabled, window buttons hidden, title bar hidden
[2018.12.10-10.13.50:559][  0]LogSlate: Updating window title bar state: overlay mode, drag disabled, window buttons hidden, title bar hidden
[2018.12.10-10.13.50:567][  0]LogSlate: Updating window title bar state: overlay mode, drag disabled, window buttons hidden, title bar hidden
[2018.12.10-10.13.50:580][  0]LogCollectionManager: Loaded 0 collections in 0.002027 seconds
[2018.12.10-10.13.50:613][  0]LogFileCache: Scanning file cache for directory 'C:/Users/Floyd Lehman/Documents/GitHub/EscapeRoom/Project/Saved/Collections/' took 0.01s
[2018.12.10-10.13.50:613][  0]LogFileCache: Scanning file cache for directory 'C:/Users/Floyd Lehman/Documents/GitHub/EscapeRoom/Project/Content/Developers/FloydLehman/Collections/' took 0.00s
[2018.12.10-10.13.50:613][  0]LogFileCache: Scanning file cache for directory 'C:/Users/Floyd Lehman/Documents/GitHub/EscapeRoom/Project/Content/Collections/' took 0.01s
[2018.12.10-10.13.50:613][  0]LogCollectionManager: Rebuilt the GUID cache for 0 collections in 0.000000 seconds
[2018.12.10-10.13.50:622][  0]LogContentBrowser: Native class hierarchy populated in 0.0086 seconds. Added 2651 classes and 620 folders.
[2018.12.10-10.13.50:635][  0]LogContentBrowser: Native class hierarchy updated for 'WidgetCarousel' in 0.0003 seconds. Added 0 classes and 0 folders.
[2018.12.10-10.13.50:645][  0]LogPakFile: Registered encryption key '00000000000000000000000000000000': 0 pak files mounted, 0 remain pending
[2018.12.10-10.13.50:656][  0]LogPakFile: Registered encryption key '00000000000000000000000000000000': 0 pak files mounted, 0 remain pending
[2018.12.10-10.13.50:686][  0]LogPakFile: Registered encryption key '00000000000000000000000000000000': 0 pak files mounted, 0 remain pending
[2018.12.10-10.13.50:693][  0]LogPakFile: Registered encryption key '00000000000000000000000000000000': 0 pak files mounted, 0 remain pending
[2018.12.10-10.13.50:700][  0]LogPakFile: Registered encryption key '00000000000000000000000000000000': 0 pak files mounted, 0 remain pending
[2018.12.10-10.13.50:708][  0]LogPakFile: Registered encryption key '00000000000000000000000000000000': 0 pak files mounted, 0 remain pending
[2018.12.10-10.13.50:716][  0]LogPakFile: Registered encryption key '00000000000000000000000000000000': 0 pak files mounted, 0 remain pending
[2018.12.10-10.13.50:723][  0]LogPakFile: Registered encryption key '00000000000000000000000000000000': 0 pak files mounted, 0 remain pending
[2018.12.10-10.13.50:731][  0]LogPakFile: Registered encryption key '00000000000000000000000000000000': 0 pak files mounted, 0 remain pending
[2018.12.10-10.13.50:740][  0]LogPakFile: Registered encryption key '00000000000000000000000000000000': 0 pak files mounted, 0 remain pending
[2018.12.10-10.13.50:747][  0]LogPakFile: Registered encryption key '00000000000000000000000000000000': 0 pak files mounted, 0 remain pending
[2018.12.10-10.13.50:755][  0]LogPakFile: Registered encryption key '00000000000000000000000000000000': 0 pak files mounted, 0 remain pending
[2018.12.10-10.13.50:767][  0]LogPakFile: Registered encryption key '00000000000000000000000000000000': 0 pak files mounted, 0 remain pending
[2018.12.10-10.13.50:775][  0]LogPakFile: Registered encryption key '00000000000000000000000000000000': 0 pak files mounted, 0 remain pending
[2018.12.10-10.13.50:783][  0]LogPakFile: Registered encryption key '00000000000000000000000000000000': 0 pak files mounted, 0 remain pending
[2018.12.10-10.13.50:793][  0]LogPakFile: Registered encryption key '00000000000000000000000000000000': 0 pak files mounted, 0 remain pending
[2018.12.10-10.13.50:835][  0]LogPakFile: Registered encryption key '00000000000000000000000000000000': 0 pak files mounted, 0 remain pending
[2018.12.10-10.13.50:843][  0]LogPakFile: Registered encryption key '00000000000000000000000000000000': 0 pak files mounted, 0 remain pending
[2018.12.10-10.13.50:851][  0]LogPakFile: Registered encryption key '00000000000000000000000000000000': 0 pak files mounted, 0 remain pending
[2018.12.10-10.13.50:858][  0]LogPakFile: Registered encryption key '00000000000000000000000000000000': 0 pak files mounted, 0 remain pending
[2018.12.10-10.13.50:908][  0]LogPakFile: Registered encryption key '00000000000000000000000000000000': 0 pak files mounted, 0 remain pending
[2018.12.10-10.13.50:915][  0]LogPakFile: Registered encryption key '00000000000000000000000000000000': 0 pak files mounted, 0 remain pending
[2018.12.10-10.13.50:923][  0]LogPakFile: Registered encryption key '00000000000000000000000000000000': 0 pak files mounted, 0 remain pending
[2018.12.10-10.13.50:933][  0]LogPakFile: Registered encryption key '00000000000000000000000000000000': 0 pak files mounted, 0 remain pending
[2018.12.10-10.13.50:940][  0]LogPakFile: Registered encryption key '00000000000000000000000000000000': 0 pak files mounted, 0 remain pending
[2018.12.10-10.13.50:947][  0]LogPakFile: Registered encryption key '00000000000000000000000000000000': 0 pak files mounted, 0 remain pending
[2018.12.10-10.13.51:187][  0]LogContentBrowser: Native class hierarchy updated for 'AddContentDialog' in 0.0003 seconds. Added 0 classes and 0 folders.
[2018.12.10-10.13.51:194][  0]LogContentBrowser: Native class hierarchy updated for 'SceneOutliner' in 0.0003 seconds. Added 1 classes and 2 folders.
[2018.12.10-10.13.51:215][  0]LogSlate: Took 0.000626 seconds to synchronously load lazily loaded font '../../../Engine/Content/Slate/Fonts/Roboto-Regular.ttf' (155K)
[2018.12.10-10.13.51:221][  0]LogSlate: Took 0.000716 seconds to synchronously load lazily loaded font '../../../Engine/Content/Slate/Fonts/Roboto-Bold.ttf' (160K)
[2018.12.10-10.13.51:239][  0]LogSlate: Took 0.008192 seconds to synchronously load lazily loaded font '../../../Engine/Content/Editor/Slate/Fonts/FontAwesome.ttf' (139K)
[2018.12.10-10.13.51:413][  0]LogRenderer: Reallocating scene render targets to support 964x436 Format 26 NumSamples 1 (Frame:1).
[2018.12.10-10.13.51:592][  0]LogContentBrowser: Native class hierarchy updated for 'HierarchicalLODOutliner' in 0.0002 seconds. Added 0 classes and 0 folders.
[2018.12.10-10.13.51:592][  0]LogLoad: (Engine Initialization) Total time: 14.62 seconds
[2018.12.10-10.13.51:592][  0]LogLoad: (Engine Initialization) Total Blueprint compile time: 0.00 seconds
[2018.12.10-10.13.51:602][  0]LogWindowsTextInputMethodSystem: Display: IME system now deactivated.
[2018.12.10-10.13.51:682][  0]LogContentStreaming: Texture pool size now 1000 MB
[2018.12.10-10.13.51:719][  0]LogSlate: Took 0.007367 seconds to synchronously load lazily loaded font '../../../Engine/Content/Slate/Fonts/Roboto-Light.ttf' (167K)
[2018.12.10-10.13.51:872][  3]LogAssetRegistry: Asset discovery search completed in 8.7445 seconds
[2018.12.10-10.13.51:874][  3]LogCollectionManager: Rebuilt the object cache for 0 collections in 0.000000 seconds (found 0 objects)
[2018.12.10-10.13.51:874][  3]LogCollectionManager: Fixed up redirectors for 0 collections in 0.000058 seconds (updated 0 objects)
[2018.12.10-10.13.52:650][ 73]LogSlate: Took 0.000502 seconds to synchronously load lazily loaded font '../../../Engine/Content/Slate/Fonts/Roboto-Light.ttf' (167K)
[2018.12.10-10.13.56:901][500]LogSlate: FSceneViewport::OnFocusLost() reason 0
[2018.12.10-10.14.24:031][283]LogTemp: Repeating last play command: VR Preview
[2018.12.10-10.14.24:051][283]LogBlueprintUserMessages: Early PlayInEditor Detection: Level '/Game/Map/GameMap.GameMap:PersistentLevel' has LevelScriptBlueprint '/Game/Map/GameMap.GameMap:PersistentLevel.GameMap' with GeneratedClass '/Game/Map/GameMap.GameMap_C' with ClassGeneratedBy '/Game/Map/GameMap.GameMap:PersistentLevel.GameMap'
[2018.12.10-10.14.24:052][283]LogPlayLevel: PlayLevel: No blueprints needed recompiling
[2018.12.10-10.14.24:053][283]PIE: New page: PIE session: GameMap (10 Dec 2018 12:14:24)
[2018.12.10-10.14.24:068][283]LogPlayLevel: Creating play world package: /Game/Map/UEDPIE_0_GameMap
[2018.12.10-10.14.24:080][283]LogPlayLevel: PIE: StaticDuplicateObject took: (0.012097s)
[2018.12.10-10.14.24:081][283]LogAIModule: Creating AISystem for world GameMap
[2018.12.10-10.14.24:081][283]LogPlayLevel: PIE: World Init took: (0.000725s)
[2018.12.10-10.14.24:081][283]LogPlayLevel: PIE: Created PIE world by copying editor world from /Game/Map/GameMap.GameMap to /Game/Map/UEDPIE_0_GameMap.GameMap (0.013166s)
[2018.12.10-10.14.24:151][283]LogInit: XAudio2 using 'Luidsprekers (2- USB Audio Device)' : 2 channels at 48 kHz using 16 bits per sample (channel mask 0x3)
[2018.12.10-10.14.24:169][283]LogInit: FAudioDevice initialized.
[2018.12.10-10.14.24:176][283]LogSlate: Updating window title bar state: overlay mode, drag disabled, window buttons hidden, title bar hidden
[2018.12.10-10.14.24:285][283]LogUObjectGlobals: Warning: Failed to find object 'Class None.'
[2018.12.10-10.14.24:285][283]LogLoad: Game class is 'GameModeBase'
[2018.12.10-10.14.24:297][283]LogWorld: Bringing World /Game/Map/UEDPIE_0_GameMap.GameMap up for play (max tick rate 0) at 2018.12.10-11.14.24
[2018.12.10-10.14.24:299][283]LogWorld: Bringing up level for play took: 0.004131
[2018.12.10-10.14.24:331][283]LogContentBrowser: Native class hierarchy updated for 'MovieSceneCapture' in 0.0003 seconds. Added 20 classes and 0 folders.
[2018.12.10-10.14.24:365][283]PIE: Play in editor start time for /Game/Map/UEDPIE_0_GameMap 0.314
[2018.12.10-10.14.24:366][283]LogBlueprintUserMessages: Late PlayInEditor Detection: Level '/Game/Map/GameMap.GameMap:PersistentLevel' has LevelScriptBlueprint '/Game/Map/GameMap.GameMap:PersistentLevel.GameMap' with GeneratedClass '/Game/Map/GameMap.GameMap_C' with ClassGeneratedBy '/Game/Map/GameMap.GameMap:PersistentLevel.GameMap'
[2018.12.10-10.14.24:433][284]LogRenderer: Reallocating scene render targets to support 3024x1680 Format 26 NumSamples 1 (Frame:1).
[2018.12.10-10.14.59:912][357]LogBlueprintUserMessages: Early EndPlayMap Detection: Level '/Game/Map/GameMap.GameMap:PersistentLevel' has LevelScriptBlueprint '/Game/Map/GameMap.GameMap:PersistentLevel.GameMap' with GeneratedClass '/Game/Map/GameMap.GameMap_C' with ClassGeneratedBy '/Game/Map/GameMap.GameMap:PersistentLevel.GameMap'
[2018.12.10-10.14.59:995][357]LogSlate: Updating window title bar state: overlay mode, drag disabled, window buttons hidden, title bar hidden
[2018.12.10-10.15.00:043][357]LogSlate: Window 'Project Game Preview Standalone (64-bit/PCD3D_SM5)' being destroyed
[2018.12.10-10.15.00:190][357]LogPlayLevel: Display: Shutting down PIE online subsystems
[2018.12.10-10.15.00:192][357]LogBlueprintUserMessages: Late EndPlayMap Detection: Level '/Game/Map/GameMap.GameMap:PersistentLevel' has LevelScriptBlueprint '/Game/Map/GameMap.GameMap:PersistentLevel.GameMap' with GeneratedClass '/Game/Map/GameMap.GameMap_C' with ClassGeneratedBy '/Game/Map/GameMap.GameMap:PersistentLevel.GameMap'
[2018.12.10-10.15.00:253][358]LogPlayLevel: Display: Destroying online subsystem :Context_1
[2018.12.10-10.15.08:233][160]LogSlate: FSceneViewport::OnFocusLost() reason 0
[2018.12.10-10.15.08:493][186]LogActorFactory: Actor Factory created Cube
[2018.12.10-10.15.08:506][186]LogMaterial: Display: Missing cached shader map for material BasicShapeMaterial, compiling. 
[2018.12.10-10.15.08:610][187]LogShaderCompilers: Display: Shaders left to compile 61
[2018.12.10-10.15.08:610][187]LogShaderCompilers: Display: Shaders left to compile 51
[2018.12.10-10.15.08:610][187]LogShaderCompilers: Display: Shaders left to compile 41
[2018.12.10-10.15.08:610][187]LogShaderCompilers: Display: Shaders left to compile 31
[2018.12.10-10.15.11:243][363]LogActorFactory: Actor Factory created Cube
[2018.12.10-10.15.14:245][522]LogSlate: FSceneViewport::OnFocusLost() reason 0
[2018.12.10-10.15.21:319][926]LogShaderCompilers: Display: Shaders left to compile 21
[2018.12.10-10.15.22:786][  9]LogShaderCompilers: Display: Shaders left to compile 11
[2018.12.10-10.15.31:740][524]LogShaderCompilers: Display: Shaders left to compile 1
[2018.12.10-10.15.44:548][271]LogSlate: FSceneViewport::OnFocusLost() reason 2
[2018.12.10-10.15.46:335][376]LogEditorViewport: Clicking on Actor (LMB): BP_Sky_Sphere_C (SkySphereBlueprint)
[2018.12.10-10.15.47:103][419]LogEditorViewport: Clicking on Actor (context menu): BP_Sky_Sphere_C (SkySphereBlueprint)
[2018.12.10-10.15.47:127][419]LogSlate: FSceneViewport::OnFocusLost() reason 2
[2018.12.10-10.15.54:445][850]LogEditorViewport: Clicking on Actor (LMB): NavMeshBoundsVolume (NavMeshBoundsVolume)
[2018.12.10-10.16.02:877][352]LogSlate: FSceneViewport::OnFocusLost() reason 0
[2018.12.10-10.16.06:788][584]EditorErrors: New page: Actor attachment
[2018.12.10-10.16.47:048][989]LogSlate: FSceneViewport::OnFocusLost() reason 0
[2018.12.10-10.16.47:147][995]LogTemp: Repeating last play command: VR Preview
[2018.12.10-10.16.47:165][995]LogBlueprintUserMessages: Early PlayInEditor Detection: Level '/Game/Map/GameMap.GameMap:PersistentLevel' has LevelScriptBlueprint '/Game/Map/GameMap.GameMap:PersistentLevel.GameMap' with GeneratedClass '/Game/Map/GameMap.GameMap_C' with ClassGeneratedBy '/Game/Map/GameMap.GameMap:PersistentLevel.GameMap'
[2018.12.10-10.16.47:165][995]LogPlayLevel: PlayLevel: No blueprints needed recompiling
[2018.12.10-10.16.47:165][995]PIE: New page: PIE session: GameMap (10 Dec 2018 12:16:47)
[2018.12.10-10.16.47:166][995]LogPlayLevel: Creating play world package: /Game/Map/UEDPIE_0_GameMap
[2018.12.10-10.16.47:178][995]LogPlayLevel: PIE: StaticDuplicateObject took: (0.012220s)
[2018.12.10-10.16.47:178][995]LogAIModule: Creating AISystem for world GameMap
[2018.12.10-10.16.47:179][995]LogPlayLevel: PIE: World Init took: (0.000732s)
[2018.12.10-10.16.47:179][995]LogPlayLevel: PIE: Created PIE world by copying editor world from /Game/Map/GameMap.GameMap to /Game/Map/UEDPIE_0_GameMap.GameMap (0.013149s)
[2018.12.10-10.16.47:249][995]LogInit: XAudio2 using 'Luidsprekers (2- USB Audio Device)' : 2 channels at 48 kHz using 16 bits per sample (channel mask 0x3)
[2018.12.10-10.16.47:269][995]LogInit: FAudioDevice initialized.
[2018.12.10-10.16.47:274][995]LogSlate: Updating window title bar state: overlay mode, drag disabled, window buttons hidden, title bar hidden
[2018.12.10-10.16.47:354][995]LogUObjectGlobals: Warning: Failed to find object 'Class None.'
[2018.12.10-10.16.47:354][995]LogLoad: Game class is 'GameModeBase'
[2018.12.10-10.16.47:360][995]LogWorld: Bringing World /Game/Map/UEDPIE_0_GameMap.GameMap up for play (max tick rate 0) at 2018.12.10-11.16.47
[2018.12.10-10.16.47:364][995]LogWorld: Bringing up level for play took: 0.008665
[2018.12.10-10.16.47:383][995]PIE: Play in editor start time for /Game/Map/UEDPIE_0_GameMap -0.669
[2018.12.10-10.16.47:384][995]LogBlueprintUserMessages: Late PlayInEditor Detection: Level '/Game/Map/GameMap.GameMap:PersistentLevel' has LevelScriptBlueprint '/Game/Map/GameMap.GameMap:PersistentLevel.GameMap' with GeneratedClass '/Game/Map/GameMap.GameMap_C' with ClassGeneratedBy '/Game/Map/GameMap.GameMap:PersistentLevel.GameMap'
[2018.12.10-10.16.47:461][997]LogProfilingDebugging: Allocated a 1024 x 1024 texture for HMD canvas layer
[2018.12.10-10.19.35:635][  7]LogBlueprintUserMessages: Early EndPlayMap Detection: Level '/Game/Map/GameMap.GameMap:PersistentLevel' has LevelScriptBlueprint '/Game/Map/GameMap.GameMap:PersistentLevel.GameMap' with GeneratedClass '/Game/Map/GameMap.GameMap_C' with ClassGeneratedBy '/Game/Map/GameMap.GameMap:PersistentLevel.GameMap'
[2018.12.10-10.19.35:712][  7]LogSlate: Updating window title bar state: overlay mode, drag disabled, window buttons hidden, title bar hidden
[2018.12.10-10.19.35:751][  7]LogSlate: Window 'Project Game Preview Standalone (64-bit/PCD3D_SM5)' being destroyed
[2018.12.10-10.19.35:881][  7]LogPlayLevel: Display: Shutting down PIE online subsystems
[2018.12.10-10.19.35:881][  7]LogBlueprintUserMessages: Late EndPlayMap Detection: Level '/Game/Map/GameMap.GameMap:PersistentLevel' has LevelScriptBlueprint '/Game/Map/GameMap.GameMap:PersistentLevel.GameMap' with GeneratedClass '/Game/Map/GameMap.GameMap_C' with ClassGeneratedBy '/Game/Map/GameMap.GameMap:PersistentLevel.GameMap'
[2018.12.10-10.19.35:978][  8]LogPlayLevel: Display: Destroying online subsystem :Context_4
[2018.12.10-10.19.42:902][423]LogSlate: FSceneViewport::OnFocusLost() reason 0
[2018.12.10-10.19.43:047][430]Cmd: OBJ SAVEPACKAGE PACKAGE="/Game/Map/GameMap" FILE="../../../../../../Users/Floyd Lehman/Documents/GitHub/EscapeRoom/Project/Content/Map/GameMap.umap" SILENT=true AUTOSAVING=false KEEPDIRTY=false
[2018.12.10-10.19.43:227][430]LogSavePackage: Moving '../../../../../../Users/Floyd Lehman/Documents/GitHub/EscapeRoom/Project/Saved/GameMapCC1B705442E64AD8CA33A882F8C158CC.tmp' to '../../../../../../Users/Floyd Lehman/Documents/GitHub/EscapeRoom/Project/Content/Map/GameMap.umap'
[2018.12.10-10.19.43:271][430]Cmd: OBJ SAVEPACKAGE PACKAGE="/Game/Map/GameMap_BuiltData" FILE="../../../../../../Users/Floyd Lehman/Documents/GitHub/EscapeRoom/Project/Content/Map/GameMap_BuiltData.uasset" SILENT=true
[2018.12.10-10.19.43:391][430]LogSavePackage: Moving '../../../../../../Users/Floyd Lehman/Documents/GitHub/EscapeRoom/Project/Saved/GameMap_BuiltDataBF96A43C4D2AEA6A9CD211882EABBE6C.tmp' to '../../../../../../Users/Floyd Lehman/Documents/GitHub/EscapeRoom/Project/Content/Map/GameMap_BuiltData.uasset'
[2018.12.10-10.19.44:903][520]LogSlate: FSceneViewport::OnFocusLost() reason 0
[2018.12.10-10.20.00:401][429]LogAIModule: Creating AISystem for world GameMap_2
[2018.12.10-10.20.05:848][754]LogAssetEditorManager: Opening Asset editor for World /Game/Map/GameMap_2.GameMap_2
[2018.12.10-10.20.08:643][754]LogSlate: Window 'Save Content' being destroyed
[2018.12.10-10.20.14:355][ 85]LogMetaData: Removing '/Game/Map/Testmap.SKEL_Testmap_C' ref from Metadata '/Game/Map/GameMap_2.PackageMetaData'
[2018.12.10-10.20.14:355][ 85]LogMetaData: Removing '/Game/Map/Testmap.Testmap_C' ref from Metadata '/Game/Map/GameMap_2.PackageMetaData'
[2018.12.10-10.20.14:388][ 85]Cmd: OBJ SAVEPACKAGE PACKAGE="/Game/Map/Testmap_BuiltData" FILE="../../../../../../Users/Floyd Lehman/Documents/GitHub/EscapeRoom/Project/Content/Map/Testmap_BuiltData.uasset" SILENT=true
[2018.12.10-10.20.14:482][ 85]LogSavePackage: Moving '../../../../../../Users/Floyd Lehman/Documents/GitHub/EscapeRoom/Project/Saved/Testmap_BuiltDataD970A38746FFDACF0ACF43821639C912.tmp' to '../../../../../../Users/Floyd Lehman/Documents/GitHub/EscapeRoom/Project/Content/Map/Testmap_BuiltData.uasset'
[2018.12.10-10.20.14:490][ 85]Cmd: OBJ SAVEPACKAGE PACKAGE="/Game/Map/Testmap" FILE="../../../../../../Users/Floyd Lehman/Documents/GitHub/EscapeRoom/Project/Content/Map/Testmap.umap" SILENT=true AUTOSAVING=false KEEPDIRTY=false
[2018.12.10-10.20.14:704][ 85]LogSavePackage: Moving '../../../../../../Users/Floyd Lehman/Documents/GitHub/EscapeRoom/Project/Saved/TestmapE7997D9F44704BA51E1CA586AA8B87D8.tmp' to '../../../../../../Users/Floyd Lehman/Documents/GitHub/EscapeRoom/Project/Content/Map/Testmap.umap'
[2018.12.10-10.20.14:714][ 85]LogFileHelpers: Saving map 'Testmap' took 0.226
[2018.12.10-10.20.33:925][221]LogAssetEditorManager: Opening Asset editor for World /Game/Map/Testmap.Testmap
[2018.12.10-10.20.33:954][221]Cmd: MAP LOAD FILE="../../../../../../Users/Floyd Lehman/Documents/GitHub/EscapeRoom/Project/Content/Map/Testmap.umap" TEMPLATE=0 SHOWPROGRESS=1 FEATURELEVEL=3
[2018.12.10-10.20.33:954][221]LightingResults: New page: Lighting Build
[2018.12.10-10.20.33:955][221]LoadErrors: New page: Loading map: Testmap.umap
[2018.12.10-10.20.33:956][221]MapCheck: New page: Map Check
[2018.12.10-10.20.33:956][221]LightingResults: New page: Lighting Build
[2018.12.10-10.20.33:985][221]LogEditorServer: Finished looking for orphan Actors (0.000 secs)
[2018.12.10-10.20.34:037][221]Cmd: MAP CHECKDEP NOCLEARLOG
[2018.12.10-10.20.34:037][221]MapCheck: Map check complete: 0 Error(s), 0 Warning(s), took 0.155ms to complete.
[2018.12.10-10.20.34:039][221]LogFileHelpers: Loading map 'Testmap' took 0.085
[2018.12.10-10.20.38:792][503]LogSlate: FSceneViewport::OnFocusLost() reason 0
[2018.12.10-10.20.39:410][539]Cmd: OBJ SAVEPACKAGE PACKAGE="/Game/Map/Testmap" FILE="../../../../../../Users/Floyd Lehman/Documents/GitHub/EscapeRoom/Project/Content/Map/Testmap.umap" SILENT=true AUTOSAVING=false KEEPDIRTY=false
[2018.12.10-10.20.39:596][539]LogSavePackage: Moving '../../../../../../Users/Floyd Lehman/Documents/GitHub/EscapeRoom/Project/Saved/TestmapA9366B1943A7E5F65EAE5C9766FE5A65.tmp' to '../../../../../../Users/Floyd Lehman/Documents/GitHub/EscapeRoom/Project/Content/Map/Testmap.umap'
[2018.12.10-10.20.39:635][539]Cmd: OBJ SAVEPACKAGE PACKAGE="/Game/Map/Testmap_BuiltData" FILE="../../../../../../Users/Floyd Lehman/Documents/GitHub/EscapeRoom/Project/Content/Map/Testmap_BuiltData.uasset" SILENT=true
[2018.12.10-10.20.39:727][539]LogSavePackage: Moving '../../../../../../Users/Floyd Lehman/Documents/GitHub/EscapeRoom/Project/Saved/Testmap_BuiltData85E06E264596BC844022ADAA8F2F5B1F.tmp' to '../../../../../../Users/Floyd Lehman/Documents/GitHub/EscapeRoom/Project/Content/Map/Testmap_BuiltData.uasset'
[2018.12.10-10.20.43:423][758]MapCheck: New page: Map Check
[2018.12.10-10.20.43:446][758]Cmd: MAP REBUILD ALLVISIBLE
[2018.12.10-10.20.43:446][758]LogEditorServer: Rebuildmap Clear paths rebuilt
[2018.12.10-10.20.43:478][758]LightingResults: New page: Lighting Build - 10 Dec 2018 12:20:43
[2018.12.10-10.20.43:521][758]LogSwarmInterface: [OpenConnection] Registering TCP channel ...
[2018.12.10-10.20.43:660][758]LogSwarmInterface: [OpenConnection] Connecting to agent ...
[2018.12.10-10.20.43:677][758]LogSwarmInterface: [TryOpenConnection] Testing the Agent
[2018.12.10-10.20.44:194][758]LogSwarmInterface: [TryOpenConnection] Opening Connection to Agent
[2018.12.10-10.20.44:194][758]LogSwarmInterface: [TryOpenConnection] Local Process ID is 13904
[2018.12.10-10.20.49:187][758]LogStaticLightingSystem: Running Lightmass w/ ImmediateImport mode ENABLED
[2018.12.10-10.20.49:187][758]LogStaticLightingSystem: Running Lightmass w/ ImmediateProcess mode ENABLED
[2018.12.10-10.20.49:187][758]LogStaticLightingSystem: Running Lightmass w/ Sorting mode ENABLED
[2018.12.10-10.20.49:187][758]LogStaticLightingSystem: Running Lightmass w/ Mapping paddings ENABLED
[2018.12.10-10.20.49:187][758]LogStaticLightingSystem: Running Lightmass w/ Mapping debug paddings DISABLED
[2018.12.10-10.20.49:416][758]LogEditorBuildUtils: Build time 0:05
[2018.12.10-10.20.49:481][759]LogMaterial: Display: Missing cached shader map for material FLightmassMaterialRenderer BasicShapeMaterial, compiling. 
[2018.12.10-10.20.49:490][759]LogMaterial: Display: Missing cached shader map for material FLightmassMaterialRenderer BasicShapeMaterial, compiling. 
[2018.12.10-10.20.49:502][759]LogShaderCompilers: Display: Shaders left to compile 2
[2018.12.10-10.20.50:381][760]LogShaderCompilers: Display: Shaders left to compile 2
[2018.12.10-10.20.55:203][  5]Job is a success!
[2018.12.10-10.20.55:285][  6]LogVolumetricLightmapImport: Imported Volumetric Lightmap in 0.020s
[2018.12.10-10.20.55:285][  6]LogVolumetricLightmapImport:      Indirection Texture 16x16x16 = 0.0Mb
[2018.12.10-10.20.55:285][  6]LogVolumetricLightmapImport:      BrickData 270x5x5 = 0.2Mb (trimmed 0.1Mb due to 0.010000 MinBrickError)
[2018.12.10-10.20.55:285][  6]LogVolumetricLightmapImport:      Bricks at Level
[2018.12.10-10.20.55:285][  6]LogVolumetricLightmapImport:          0: 1.9% covering 100.0% of volume
[2018.12.10-10.20.55:285][  6]LogVolumetricLightmapImport:          1: 14.8% covering 12.5% of volume
[2018.12.10-10.20.55:285][  6]LogVolumetricLightmapImport:          2: 83.3% covering 1.1% of volume
[2018.12.10-10.20.55:629][  6]LogTexture: Display: Building textures: HQ_Lightmap0_1 (AutoDXT, 1024X1024)
[2018.12.10-10.20.55:629][  6]LogTexture: Display: Building textures: HQ_Lightmap0_2 (AutoDXT, 512X512)
[2018.12.10-10.20.55:629][  6]LogTexture: Display: Building textures: LQ_Lightmap_0_1 (DXT1, 1024X1024)
[2018.12.10-10.20.55:629][  6]LogTexture: Display: Building textures: LQ_Lightmap_0_2 (DXT1, 512X512)
[2018.12.10-10.20.55:629][  6]LogTexture: Display: Building textures: HQ_Lightmap0_3 (AutoDXT, 64X64)
[2018.12.10-10.20.55:629][  6]LogTexture: Display: Building textures: LQ_Lightmap_0_3 (DXT1, 64X64)
[2018.12.10-10.20.55:735][  6]LogTexture: Display: Building textures: ShadowMapTexture2D_2 (G8, 32X32)
[2018.12.10-10.20.55:735][  6]LogTexture: Display: Building textures: ShadowMapTexture2D_1 (G8, 1024X128)
[2018.12.10-10.20.55:735][  6]LogTexture: Display: Building textures: ShadowMapTexture2D_0 (G8, 512X512)
[2018.12.10-10.20.55:774][  6]Lightmass on DESKTOP-8AMLK8E: 4.43 sec total, 252 ms importing, 28 ms setup, 877 ms photons, 3.16 sec processing, 0 ms extra exporting [41/41 mappings]. Threads: 22.0 sec total, 11.1 sec processing.
[2018.12.10-10.20.55:824][  6]LogStaticLightingSystem: Illumination: 12.3 sec (293 ms encoding lightmaps, 97 ms encoding shadowmaps)
[2018.12.10-10.20.55:824][  6]LogStaticLightingSystem: Lightmap texture memory:  2.5 MB (0.5 MB streaming, 2.0 MB non-streaming), 6 textures
[2018.12.10-10.20.55:824][  6]LogStaticLightingSystem: Shadowmap texture memory: 0.5 MB (0.2 MB streaming, 0.3 MB non-streaming), 3 textures
[2018.12.10-10.20.56:200][  6]DumpUnbuiltLightIteractions
[2018.12.10-10.20.56:200][  6]Lights with unbuilt interactions: 0
[2018.12.10-10.20.56:200][  6]
[2018.12.10-10.20.56:200][  6]Primitives with unbuilt interactions: 0
[2018.12.10-10.20.56:247][  7]Cmd: MAP CHECK NOTIFYRESULTS
[2018.12.10-10.20.56:248][  7]MapCheck: New page: Testmap - 10 Dec 2018 12:20:56
[2018.12.10-10.20.56:249][  7]MapCheck: Map check complete: 0 Error(s), 0 Warning(s), took 1.656ms to complete.
